#"Bounced boundary ID","bounce index","total time (ps)"
1,357563,500002.024
1,357564,500002.722
1,357565,500003.042
1,357566,500003.630
1,357567,500004.846
1,357568,500005.206
1,357569,500005.356
1,357570,500005.502
1,357571,500006.944
1,357572,500007.998
1,357573,500008.220
1,357574,500008.568
1,357575,500008.898
1,357576,500009.964
1,357577,500011.246
1,357578,500012.238
1,357579,500012.786
1,357580,500013.156
1,357581,500013.390
1,357582,500014.120
1,357583,500014.700
1,357584,500018.162
1,357585,500018.264
1,357586,500019.326
1,357587,500019.894
1,357588,500022.726
1,357589,500023.144
1,357590,500023.622
1,357591,500023.858
1,357592,500026.826
1,357593,500029.096
1,357594,500029.988
1,357595,500030.758
1,357596,500032.556
1,357597,500033.674
1,357598,500034.956
1,357599,500036.506
1,357600,500042.598
1,357601,500044.580
1,357602,500044.910
1,357603,500045.258
1,357604,500045.316
1,357605,500045.374
1,357606,500045.426
1,357607,500045.482
1,357608,500045.936
1,357609,500046.516
1,357610,500047.112
1,357611,500047.622
1,357612,500047.938
1,357613,500049.340
1,357614,500049.522
1,357615,500049.836
1,357616,500049.862
1,357617,500049.890
1,357618,500049.918
1,357619,500049.942
1,357620,500049.970
1,357621,500049.996
1,357622,500050.152
1,357623,500050.206
1,357624,500050.262
1,357625,500050.310
1,357626,500050.350
1,357627,500050.404
1,357628,500050.460
1,357629,500050.580
1,357630,500050.626
1,357631,500050.670
1,357632,500050.728
1,357633,500050.788
1,357634,500050.844
1,357635,500050.962
1,357636,500050.978
1,357637,500050.994
1,357638,500051.194
1,357639,500051.250
1,357640,500052.268
1,357641,500052.810
1,357642,500053.338
1,357643,500054.456
1,357644,500054.474
1,357645,500054.494
1,357646,500054.514
1,357647,500054.534
1,357648,500054.642
1,357649,500054.764
1,357650,500054.952
1,357651,500055.084
1,357652,500055.222
1,357653,500055.416
1,357654,500055.600
1,357655,500055.762
1,357656,500055.862
1,357657,500056.020
1,357658,500056.154
1,357659,500056.370
1,357660,500056.588
1,357661,500056.806
1,357662,500057.020
1,357663,500057.274
1,357664,500057.972
1,357665,500058.094
1,357666,500058.212
1,357667,500058.404
1,357668,500058.580
1,357669,500058.592
1,357670,500058.604
1,357671,500058.614
1,357672,500058.628
1,357673,500058.642
1,357674,500058.654
1,357675,500058.668
1,357676,500058.680
1,357677,500058.692
1,357678,500058.704
1,357679,500058.714
1,357680,500058.726
1,357681,500058.736
1,357682,500058.744
1,357683,500058.752
1,357684,500058.760
1,357685,500058.768
1,357686,500058.776
1,357687,500058.788
1,357688,500058.800
1,357689,500058.902
1,357690,500059.008
1,357691,500059.466
1,357692,500059.806
1,357693,500059.826
1,357694,500060.058
1,357695,500060.140
1,357696,500060.218
1,357697,500060.266
1,357698,500060.316
1,357699,500060.370
1,357700,500060.994
1,357701,500061.108
1,357702,500061.292
1,357703,500061.464
1,357704,500061.642
1,357705,500062.410
1,357706,500066.120
1,357707,500067.706
1,357708,500068.920
1,357709,500069.036
1,357710,500069.598
1,357711,500070.330
1,357712,500071.062
1,357713,500071.854
1,357714,500073.484
1,357715,500074.378
1,357716,500075.016
1,357717,500075.366
1,357718,500083.478
1,357719,500083.640
1,357720,500084.012
1,357721,500084.532
1,357722,500084.876
1,357723,500085.114
1,357724,500085.432
1,357725,500085.610
1,357726,500085.790
1,357727,500086.046
1,357728,500086.332
1,357729,500086.538
1,357730,500086.720
1,357731,500086.762
1,357732,500088.326
1,357733,500088.832
1,357734,500089.148
1,357735,500089.404
1,357736,500089.688
1,357737,500092.718
1,357738,500094.072
1,357739,500094.962
1,357740,500095.766
1,357741,500096.578
1,357742,500096.810
1,357743,500097.008
1,357744,500097.642
1,357745,500098.036
1,357746,500098.522
1,357747,500098.954
1,357748,500099.498
1,357749,500100.098
1,357750,500100.618
1,357751,500101.438
1,357752,500110.196
1,357753,500114.696
1,357754,500118.852
1,357755,500127.592
1,357756,500128.062
1,357757,500128.320
1,357758,500128.708
1,357759,500129.246
1,357760,500129.964
1,357761,500130.530
2,357762,500137.340
2,357763,500137.826
2,357764,500140.020
2,357765,500141.036
2,357766,500144.910
2,357767,500147.560
1,357768,500159.712
1,357769,500163.472
1,357770,500164.032
1,357771,500164.202
1,357772,500168.692
1,357773,500169.068
1,357774,500172.124
1,357775,500174.146
1,357776,500175.364
1,357777,500181.872
1,357778,500186.244
1,357779,500189.550
2,357780,500197.214
1,357781,500205.792
1,357782,500210.594
2,357783,500219.566
2,357784,500231.682
2,357785,500232.718
1,357786,500237.318
1,357787,500251.098
1,357788,500251.710
1,357789,500259.666
2,357790,500270.964
2,357791,500272.784
1,357792,500290.920
1,357793,500294.610
1,357794,500296.914
1,357795,500307.634
1,357796,500308.182
1,357797,500308.846
1,357798,500309.382
1,357799,500310.060
1,357800,500310.892
1,357801,500311.450
1,357802,500311.502
1,357803,500315.362
1,357804,500317.572
1,357805,500317.674
1,357806,500317.784
1,357807,500318.774
1,357808,500319.558
2,357809,500342.612
2,357810,500350.216
2,357811,500359.644
2,357812,500362.366
2,357813,500373.574
2,357814,500392.384
2,357815,500402.028
2,357816,500404.498
2,357817,500405.104
2,357818,500406.304
2,357819,500406.694
2,357820,500407.094
2,357821,500409.078
2,357822,500410.062
2,357823,500411.626
2,357824,500411.828
2,357825,500412.078
2,357826,500412.478
2,357827,500414.546
2,357828,500416.674
2,357829,500417.076
2,357830,500417.528
2,357831,500417.834
2,357832,500417.936
2,357833,500418.000
2,357834,500418.064
2,357835,500418.148
2,357836,500418.380
2,357837,500418.552
2,357838,500418.722
2,357839,500418.854
2,357840,500418.938
2,357841,500419.024
2,357842,500419.108
2,357843,500419.184
2,357844,500419.266
2,357845,500419.334
2,357846,500419.402
2,357847,500419.486
2,357848,500419.604
2,357849,500419.702
2,357850,500419.796
2,357851,500419.896
2,357852,500419.986
2,357853,500420.066
2,357854,500420.156
2,357855,500420.254
2,357856,500420.390
2,357857,500420.512
2,357858,500420.620
2,357859,500420.738
2,357860,500420.896
2,357861,500421.036
2,357862,500421.148
2,357863,500421.264
2,357864,500421.370
2,357865,500421.476
2,357866,500421.534
2,357867,500421.596
2,357868,500421.652
2,357869,500421.720
2,357870,500421.774
2,357871,500421.828
2,357872,500421.896
2,357873,500421.966
2,357874,500422.030
2,357875,500422.096
2,357876,500422.152
2,357877,500422.208
2,357878,500422.248
2,357879,500422.338
2,357880,500422.442
2,357881,500422.562
2,357882,500422.666
2,357883,500423.126
2,357884,500423.592
2,357885,500424.178
2,357886,500424.348
2,357887,500424.522
2,357888,500424.654
2,357889,500424.788
2,357890,500424.956
2,357891,500425.112
2,357892,500425.274
2,357893,500425.456
2,357894,500425.632
2,357895,500425.784
2,357896,500425.946
2,357897,500426.076
2,357898,500426.204
2,357899,500426.346
2,357900,500426.452
2,357901,500426.570
2,357902,500426.726
2,357903,500426.868
2,357904,500427.008
2,357905,500427.176
2,357906,500427.304
2,357907,500427.454
2,357908,500427.556
2,357909,500427.670
2,357910,500427.798
2,357911,500427.938
2,357912,500428.098
2,357913,500428.234
2,357914,500428.328
2,357915,500428.452
2,357916,500428.576
2,357917,500428.688
2,357918,500428.846
2,357919,500429.014
2,357920,500429.150
2,357921,500429.226
2,357922,500429.364
2,357923,500429.474
2,357924,500429.620
2,357925,500429.746
2,357926,500429.872
2,357927,500429.974
2,357928,500430.052
2,357929,500430.112
2,357930,500430.164
2,357931,500430.208
2,357932,500430.244
2,357933,500430.282
2,357934,500430.298
2,357935,500430.316
2,357936,500430.334
2,357937,500430.352
2,357938,500430.376
2,357939,500430.422
2,357940,500430.460
2,357941,500430.504
2,357942,500430.518
2,357943,500430.530
2,357944,500430.538
2,357945,500430.546
2,357946,500430.556
2,357947,500430.562
2,357948,500430.568
2,357949,500430.578
2,357950,500430.588
2,357951,500430.594
2,357952,500430.604
2,357953,500430.612
2,357954,500430.650
2,357955,500430.672
2,357956,500430.698
2,357957,500430.724
2,357958,500430.744
2,357959,500430.782
2,357960,500430.828
2,357961,500430.856
2,357962,500430.892
2,357963,500430.920
2,357964,500430.932
2,357965,500430.946
2,357966,500430.958
2,357967,500430.972
2,357968,500430.984
2,357969,500430.998
2,357970,500431.012
2,357971,500431.024
2,357972,500431.036
2,357973,500431.048
2,357974,500431.058
2,357975,500431.070
2,357976,500431.084
2,357977,500431.094
2,357978,500431.104
2,357979,500431.116
2,357980,500431.126
2,357981,500431.136
2,357982,500431.146
2,357983,500431.156
2,357984,500431.168
2,357985,500431.180
2,357986,500431.190
2,357987,500431.200
2,357988,500431.212
2,357989,500431.246
2,357990,500431.276
2,357991,500431.284
2,357992,500431.292
2,357993,500431.300
2,357994,500431.310
2,357995,500431.318
2,357996,500431.326
2,357997,500431.334
2,357998,500431.342
2,357999,500431.350
2,358000,500431.358
2,358001,500431.366
2,358002,500431.374
2,358003,500431.386
2,358004,500431.396
2,358005,500431.404
2,358006,500431.412
2,358007,500431.422
2,358008,500431.432
2,358009,500431.440
2,358010,500431.448
2,358011,500431.460
2,358012,500431.472
2,358013,500431.482
2,358014,500431.492
2,358015,500431.502
2,358016,500431.514
2,358017,500431.526
2,358018,500431.538
2,358019,500431.580
2,358020,500431.626
2,358021,500431.654
2,358022,500431.684
2,358023,500431.704
2,358024,500431.722
2,358025,500431.754
2,358026,500431.788
2,358027,500431.814
2,358028,500431.852
2,358029,500431.906
2,358030,500431.946
2,358031,500431.986
2,358032,500432.042
2,358033,500432.066
2,358034,500432.086
2,358035,500432.096
2,358036,500432.108
2,358037,500432.134
2,358038,500432.164
2,358039,500432.178
2,358040,500432.194
2,358041,500432.210
2,358042,500432.222
2,358043,500432.252
2,358044,500432.286
2,358045,500432.336
2,358046,500432.410
2,358047,500432.506
2,358048,500432.574
2,358049,500432.626
2,358050,500432.686
2,358051,500432.784
2,358052,500432.906
2,358053,500433.008
2,358054,500433.120
2,358055,500433.192
2,358056,500433.302
2,358057,500433.390
2,358058,500433.636
2,358059,500433.982
2,358060,500434.150
2,358061,500434.302
2,358062,500434.434
2,358063,500434.518
2,358064,500434.614
2,358065,500434.668
2,358066,500434.738
2,358067,500434.814
2,358068,500434.896
2,358069,500434.904
2,358070,500434.912
2,358071,500434.916
2,358072,500434.920
2,358073,500434.926
2,358074,500434.932
2,358075,500434.936
2,358076,500434.940
2,358077,500434.944
2,358078,500434.948
2,358079,500434.952
2,358080,500434.956
2,358081,500434.960
2,358082,500434.964
2,358083,500434.968
2,358084,500434.972
2,358085,500434.976
2,358086,500434.980
2,358087,500434.986
2,358088,500434.990
2,358089,500434.994
2,358090,500434.998
2,358091,500435.000
2,358092,500435.002
2,358093,500435.004
2,358094,500435.008
2,358095,500435.012
2,358096,500435.016
2,358097,500435.020
2,358098,500435.024
2,358099,500435.028
2,358100,500435.032
2,358101,500435.036
2,358102,500435.040
2,358103,500435.044
2,358104,500435.048
2,358105,500435.052
2,358106,500435.056
2,358107,500435.058
2,358108,500435.060
2,358109,500435.064
2,358110,500435.068
2,358111,500435.070
2,358112,500435.072
2,358113,500435.074
2,358114,500435.076
2,358115,500435.078
2,358116,500435.080
2,358117,500435.084
2,358118,500435.088
2,358119,500435.092
2,358120,500435.096
2,358121,500435.100
2,358122,500435.104
2,358123,500435.108
2,358124,500435.112
2,358125,500435.116
2,358126,500435.120
2,358127,500435.124
2,358128,500435.130
2,358129,500435.134
2,358130,500435.138
2,358131,500435.142
2,358132,500435.146
2,358133,500435.150
2,358134,500435.152
2,358135,500435.154
2,358136,500435.156
2,358137,500435.158
2,358138,500435.160
2,358139,500435.164
2,358140,500435.168
2,358141,500435.172
2,358142,500435.176
2,358143,500435.180
2,358144,500435.184
2,358145,500435.188
2,358146,500435.192
2,358147,500435.196
2,358148,500435.200
2,358149,500435.204
2,358150,500435.208
2,358151,500435.212
2,358152,500435.216
2,358153,500435.222
2,358154,500435.228
2,358155,500435.234
2,358156,500435.238
2,358157,500435.244
2,358158,500435.250
2,358159,500435.254
2,358160,500435.258
2,358161,500435.264
2,358162,500435.270
2,358163,500435.276
2,358164,500435.282
2,358165,500435.286
2,358166,500435.290
2,358167,500435.294
2,358168,500435.300
2,358169,500435.306
2,358170,500435.312
2,358171,500435.318
2,358172,500435.324
2,358173,500435.330
2,358174,500435.336
2,358175,500435.340
2,358176,500435.344
2,358177,500435.348
2,358178,500435.352
2,358179,500435.356
2,358180,500435.362
2,358181,500435.368
2,358182,500435.374
2,358183,500435.380
2,358184,500435.386
2,358185,500435.392
2,358186,500435.398
2,358187,500435.404
2,358188,500435.410
2,358189,500435.416
2,358190,500435.424
2,358191,500435.432
2,358192,500435.438
2,358193,500435.444
2,358194,500435.450
2,358195,500435.456
2,358196,500435.462
2,358197,500435.468
2,358198,500435.476
2,358199,500435.484
2,358200,500435.492
2,358201,500435.500
2,358202,500435.508
2,358203,500435.516
2,358204,500435.524
2,358205,500435.532
2,358206,500435.540
2,358207,500435.548
2,358208,500435.556
2,358209,500435.564
2,358210,500435.574
2,358211,500435.584
2,358212,500435.652
2,358213,500435.722
2,358214,500435.778
2,358215,500435.816
2,358216,500435.868
2,358217,500435.918
2,358218,500435.950
2,358219,500435.982
2,358220,500436.036
2,358221,500436.116
2,358222,500436.204
2,358223,500436.370
2,358224,500437.122
2,358225,500437.454
2,358226,500437.928
2,358227,500438.392
2,358228,500439.282
2,358229,500440.140
2,358230,500440.856
2,358231,500441.404
2,358232,500442.796
2,358233,500445.026
2,358234,500445.170
2,358235,500445.970
2,358236,500446.658
2,358237,500447.672
2,358238,500448.290
2,358239,500448.760
2,358240,500449.196
2,358241,500449.694
2,358242,500449.928
2,358243,500450.154
2,358244,500450.648
2,358245,500450.834
2,358246,500451.556
2,358247,500451.944
2,358248,500453.184
2,358249,500453.888
2,358250,500454.094
2,358251,500457.456
2,358252,500458.190
2,358253,500459.392
2,358254,500464.024
2,358255,500466.070
2,358256,500466.734
2,358257,500467.864
2,358258,500468.184
2,358259,500468.424
2,358260,500469.724
2,358261,500470.324
2,358262,500470.986
2,358263,500471.668
2,358264,500472.500
2,358265,500472.516
2,358266,500472.956
2,358267,500473.342
2,358268,500473.624
2,358269,500474.236
2,358270,500474.916
2,358271,500474.972
2,358272,500475.040
2,358273,500475.082
2,358274,500475.166
2,358275,500475.250
2,358276,500476.998
2,358277,500477.298
2,358278,500479.272
2,358279,500480.696
2,358280,500483.510
2,358281,500488.672
2,358282,500489.590
2,358283,500490.090
2,358284,500490.752
2,358285,500491.866
2,358286,500491.918
2,358287,500491.976
2,358288,500492.012
2,358289,500492.228
2,358290,500492.360
2,358291,500492.968
2,358292,500493.534
2,358293,500494.132
2,358294,500498.054
2,358295,500498.612
2,358296,500499.828
2,358297,500510.288
2,358298,500511.998
2,358299,500512.952
2,358300,500516.618
2,358301,500521.540
2,358302,500522.880
2,358303,500524.142
2,358304,500524.318
2,358305,500535.612
2,358306,500605.314
2,358307,500606.610
2,358308,500608.056
2,358309,500611.000
2,358310,500611.798
2,358311,500613.574
2,358312,500618.806
2,358313,500622.082
2,358314,500622.806
2,358315,500623.482
2,358316,500631.272
2,358317,500632.190
1,358318,500685.506
1,358319,500688.548
1,358320,500689.770
1,358321,500690.172
1,358322,500690.652
1,358323,500692.062
1,358324,500692.582
1,358325,500694.700
1,358326,500695.368
1,358327,500695.648
1,358328,500697.082
1,358329,500697.336
1,358330,500697.598
1,358331,500698.742
1,358332,500700.078
1,358333,500700.226
1,358334,500700.560
1,358335,500700.916
1,358336,500701.714
1,358337,500702.388
1,358338,500702.938
1,358339,500704.862
1,358340,500705.208
1,358341,500705.532
1,358342,500705.728
1,358343,500705.878
1,358344,500706.046
1,358345,500706.208
1,358346,500706.344
1,358347,500706.482
1,358348,500706.734
1,358349,500706.978
1,358350,500707.338
1,358351,500707.744
1,358352,500708.432
1,358353,500708.884
1,358354,500710.312
1,358355,500710.868
1,358356,500711.412
1,358357,500712.208
1,358358,500712.750
1,358359,500713.184
1,358360,500713.546
1,358361,500714.076
1,358362,500714.480
1,358363,500715.320
1,358364,500715.392
1,358365,500715.456
1,358366,500715.722
1,358367,500716.092
1,358368,500716.380
1,358369,500716.756
1,358370,500717.240
1,358371,500718.490
1,358372,500721.862
1,358373,500722.030
1,358374,500722.212
1,358375,500722.352
1,358376,500722.890
1,358377,500723.858
1,358378,500724.162
1,358379,500724.606
1,358380,500724.944
1,358381,500725.838
1,358382,500727.014
1,358383,500727.826
1,358384,500728.394
1,358385,500729.588
1,358386,500729.938
1,358387,500730.180
1,358388,500730.380
1,358389,500730.750
1,358390,500731.084
1,358391,500731.468
1,358392,500731.822
1,358393,500732.064
1,358394,500733.268
1,358395,500733.808
1,358396,500734.360
1,358397,500734.898
1,358398,500736.060
1,358399,500737.056
1,358400,500737.600
1,358401,500739.762
1,358402,500740.960
1,358403,500741.166
1,358404,500741.332
1,358405,500742.418
1,358406,500747.610
1,358407,500748.692
1,358408,500750.950
2,358409,500770.366
2,358410,500775.984
2,358411,500778.274
2,358412,500782.796
2,358413,500784.778
2,358414,500785.464
2,358415,500786.010
2,358416,500786.460
2,358417,500787.214
2,358418,500787.630
2,358419,500788.600
2,358420,500789.160
2,358421,500789.980
2,358422,500790.792
2,358423,500791.302
1,358424,500797.056
1,358425,500797.442
1,358426,500799.998
2,358427,500808.698
1,358428,500814.882
1,358429,500817.496
1,358430,500818.324
1,358431,500818.498
1,358432,500818.692
1,358433,500818.824
1,358434,500819.344
1,358435,500819.852
1,358436,500819.952
1,358437,500820.086
1,358438,500820.222
1,358439,500820.358
1,358440,500820.578
1,358441,500820.630
1,358442,500820.690
1,358443,500820.748
1,358444,500820.806
1,358445,500820.994
1,358446,500821.180
1,358447,500821.364
1,358448,500822.106
1,358449,500822.680
1,358450,500823.334
1,358451,500825.324
1,358452,500826.526
1,358453,500827.506
1,358454,500828.006
1,358455,500828.544
1,358456,500829.172
1,358457,500829.730
1,358458,500830.324
1,358459,500830.640
1,358460,500831.058
1,358461,500831.364
1,358462,500831.730
1,358463,500832.068
1,358464,500832.444
1,358465,500832.734
1,358466,500833.188
1,358467,500833.572
1,358468,500833.710
1,358469,500833.862
1,358470,500834.000
1,358471,500834.136
1,358472,500834.338
1,358473,500834.374
1,358474,500834.418
1,358475,500834.462
1,358476,500834.516
1,358477,500834.570
1,358478,500834.626
1,358479,500834.684
1,358480,500834.740
1,358481,500834.778
1,358482,500834.836
1,358483,500834.908
1,358484,500834.964
1,358485,500835.006
1,358486,500835.046
1,358487,500835.086
1,358488,500835.144
1,358489,500835.218
1,358490,500835.268
1,358491,500835.312
1,358492,500835.380
1,358493,500835.394
1,358494,500835.410
1,358495,500835.428
1,358496,500835.446
1,358497,500835.462
1,358498,500835.478
1,358499,500835.492
1,358500,500835.774
1,358501,500836.032
1,358502,500836.312
1,358503,500836.574
1,358504,500836.836
1,358505,500837.082
1,358506,500837.300
1,358507,500837.514
1,358508,500837.760
1,358509,500837.996
1,358510,500838.238
1,358511,500838.620
1,358512,500838.844
1,358513,500839.096
1,358514,500839.296
1,358515,500839.476
1,358516,500839.682
1,358517,500840.106
1,358518,500840.596
1,358519,500840.994
1,358520,500841.198
1,358521,500841.638
1,358522,500842.204
1,358523,500842.826
1,358524,500843.426
1,358525,500843.762
1,358526,500843.776
1,358527,500843.790
1,358528,500844.232
1,358529,500844.510
1,358530,500844.790
1,358531,500845.088
1,358532,500845.348
1,358533,500845.938
1,358534,500846.296
1,358535,500846.952
1,358536,500847.956
1,358537,500849.606
1,358538,500850.084
1,358539,500850.498
1,358540,500850.664
1,358541,500850.842
1,358542,500851.024
1,358543,500851.266
1,358544,500851.538
1,358545,500851.890
1,358546,500853.928
1,358547,500855.582
1,358548,500855.742
1,358549,500856.010
1,358550,500857.098
1,358551,500857.116
1,358552,500857.132
1,358553,500857.982
1,358554,500858.482
1,358555,500858.696
1,358556,500861.820
1,358557,500868.200
1,358558,500868.804
1,358559,500870.648
1,358560,500876.192
1,358561,500877.214
1,358562,500878.142
1,358563,500880.474
1,358564,500880.760
1,358565,500881.424
1,358566,500896.734
1,358567,500899.510
1,358568,500901.018
1,358569,500901.664
1,358570,500902.670
1,358571,500902.794
1,358572,500902.968
1,358573,500904.478
1,358574,500905.146
1,358575,500906.080
1,358576,500906.590
1,358577,500907.178
1,358578,500907.496
1,358579,500911.928
1,358580,500926.844
1,358581,500928.796
1,358582,500928.868
1,358583,500929.130
1,358584,500929.272
1,358585,500929.412
1,358586,500929.530
1,358587,500929.608
1,358588,500929.732
1,358589,500929.838
1,358590,500930.110
1,358591,500930.398
1,358592,500930.524
1,358593,500930.640
1,358594,500932.200
1,358595,500933.670
1,358596,500933.974
1,358597,500934.834
1,358598,500935.116
1,358599,500935.992
1,358600,500944.108
1,358601,500944.146
1,358602,500944.294
1,358603,500944.356
1,358604,500944.408
1,358605,500944.460
1,358606,500944.512
1,358607,500944.734
1,358608,500944.896
1,358609,500947.208
1,358610,500949.326
1,358611,500951.694
1,358612,500954.496
1,358613,500957.008
1,358614,500957.514
1,358615,500959.810
1,358616,500960.032
1,358617,500960.338
1,358618,500961.114
1,358619,500961.812
1,358620,500962.272
1,358621,500962.394
1,358622,500962.510
1,358623,500962.604
1,358624,500962.630
1,358625,500962.660
1,358626,500962.740
1,358627,500962.752
1,358628,500962.762
1,358629,500962.770
1,358630,500962.776
1,358631,500962.784
1,358632,500962.792
1,358633,500962.800
1,358634,500962.810
1,358635,500962.820
1,358636,500962.830
1,358637,500962.838
1,358638,500962.846
1,358639,500962.856
1,358640,500962.866
1,358641,500962.878
1,358642,500962.890
1,358643,500963.266
1,358644,500963.768
1,358645,500964.374
1,358646,500965.450
1,358647,500966.580
1,358648,500968.578
1,358649,500969.070
1,358650,500969.668
1,358651,500970.400
1,358652,500971.486
1,358653,500972.392
1,358654,500972.990
1,358655,500973.940
1,358656,500974.694
1,358657,500974.920
1,358658,500975.138
1,358659,500975.356
1,358660,500975.572
1,358661,500975.966
1,358662,500976.356
1,358663,500977.036
1,358664,500977.736
1,358665,500978.480
1,358666,500978.818
1,358667,500979.110
1,358668,500979.644
1,358669,500980.232
1,358670,500981.444
1,358671,500981.888
1,358672,500982.260
1,358673,500982.750
1,358674,500983.350
1,358675,500983.522
1,358676,500983.792
1,358677,500984.016
1,358678,500984.182
1,358679,500984.410
1,358680,500984.420
1,358681,500984.430
1,358682,500984.442
1,358683,500984.456
1,358684,500984.468
1,358685,500984.480
1,358686,500984.492
1,358687,500984.504
1,358688,500984.514
1,358689,500984.524
1,358690,500984.534
1,358691,500984.546
1,358692,500984.558
1,358693,500984.570
1,358694,500984.580
1,358695,500984.590
1,358696,500984.600
1,358697,500984.610
1,358698,500984.620
1,358699,500984.632
1,358700,500984.646
1,358701,500984.658
1,358702,500984.672
1,358703,500984.688
1,358704,500984.700
1,358705,500984.712
1,358706,500984.722
1,358707,500984.732
1,358708,500984.742
1,358709,500984.752
1,358710,500984.762
1,358711,500984.772
1,358712,500984.782
1,358713,500984.790
1,358714,500984.798
1,358715,500984.806
1,358716,500984.816
1,358717,500984.828
1,358718,500984.840
1,358719,500984.848
1,358720,500984.856
1,358721,500984.864
1,358722,500984.876
1,358723,500984.886
1,358724,500984.894
1,358725,500984.902
1,358726,500984.908
1,358727,500984.914
1,358728,500984.922
1,358729,500984.928
1,358730,500984.938
1,358731,500984.944
1,358732,500988.228
1,358733,500988.978
1,358734,500989.710
1,358735,500999.288
1,358736,501000.380
2,358737,501009.774
1,358738,501025.740
1,358739,501026.712
1,358740,501027.140
1,358741,501027.506
1,358742,501027.832
1,358743,501029.558
1,358744,501029.844
1,358745,501032.492
1,358746,501036.426
1,358747,501037.544
1,358748,501038.142
1,358749,501040.684
1,358750,501042.978
1,358751,501043.432
1,358752,501043.944
1,358753,501046.080
1,358754,501046.136
1,358755,501047.154
1,358756,501047.902
1,358757,501048.212
1,358758,501049.048
1,358759,501049.700
1,358760,501050.238
1,358761,501051.786
1,358762,501052.828
1,358763,501053.664
1,358764,501054.582
1,358765,501054.694
1,358766,501054.822
1,358767,501054.908
1,358768,501055.020
1,358769,501055.132
1,358770,501055.258
1,358771,501055.374
1,358772,501055.498
1,358773,501055.618
1,358774,501055.686
1,358775,501055.756
1,358776,501055.830
1,358777,501055.916
1,358778,501056.012
1,358779,501056.150
1,358780,501056.324
1,358781,501056.510
1,358782,501056.684
1,358783,501057.138
1,358784,501058.246
1,358785,501059.578
1,358786,501060.046
1,358787,501060.858
1,358788,501061.096
1,358789,501061.282
1,358790,501061.708
1,358791,501061.854
1,358792,501062.016
1,358793,501062.162
1,358794,501062.328
1,358795,501062.510
1,358796,501062.684
1,358797,501062.880
1,358798,501063.060
1,358799,501063.230
1,358800,501063.394
1,358801,501063.548
1,358802,501063.686
1,358803,501063.716
1,358804,501063.768
1,358805,501064.140
1,358806,501064.278
1,358807,501064.414
1,358808,501064.552
1,358809,501064.720
1,358810,501064.870
1,358811,501065.022
1,358812,501065.172
1,358813,501065.282
1,358814,501065.408
1,358815,501065.542
1,358816,501065.662
1,358817,501065.822
1,358818,501065.958
1,358819,501066.522
1,358820,501066.820
1,358821,501067.084
1,358822,501067.312
1,358823,501067.576
1,358824,501067.854
1,358825,501068.112
1,358826,501068.716
1,358827,501069.020
1,358828,501069.286
1,358829,501069.760
1,358830,501069.924
1,358831,501070.460
1,358832,501070.824
1,358833,501071.692
1,358834,501072.154
1,358835,501072.380
1,358836,501072.670
1,358837,501073.564
1,358838,501074.620
1,358839,501075.228
1,358840,501079.172
1,358841,501079.898
1,358842,501082.416
1,358843,501083.194
1,358844,501083.798
1,358845,501085.096
2,358846,501138.216
2,358847,501140.488
2,358848,501140.930
2,358849,501141.520
2,358850,501153.102
2,358851,501158.004
2,358852,501158.522
2,358853,501158.734
2,358854,501160.940
2,358855,501165.634
2,358856,501165.762
2,358857,501170.060
2,358858,501171.630
2,358859,501181.994
2,358860,501182.496
2,358861,501186.762
2,358862,501188.268
2,358863,501188.426
2,358864,501188.584
2,358865,501189.364
2,358866,501189.636
2,358867,501190.344
2,358868,501190.700
2,358869,501191.572
2,358870,501191.814
2,358871,501191.912
2,358872,501192.428
2,358873,501192.560
2,358874,501192.768
2,358875,501192.884
2,358876,501193.008
2,358877,501193.148
2,358878,501193.316
2,358879,501193.448
2,358880,501193.602
2,358881,501193.824
2,358882,501194.108
2,358883,501194.252
2,358884,501194.402
2,358885,501194.504
2,358886,501194.618
2,358887,501194.780
2,358888,501194.920
2,358889,501195.098
2,358890,501195.278
2,358891,501195.500
2,358892,501195.744
2,358893,501195.960
2,358894,501196.278
2,358895,501196.806
1,358896,501214.744
1,358897,501215.020
1,358898,501215.234
1,358899,501215.450
1,358900,501215.882
1,358901,501216.422
1,358902,501217.198
1,358903,501217.928
1,358904,501217.942
1,358905,501217.996
1,358906,501218.690
1,358907,501220.178
1,358908,501221.010
1,358909,501221.726
1,358910,501223.200
1,358911,501223.344
1,358912,501223.618
1,358913,501223.712
1,358914,501223.814
1,358915,501223.858
1,358916,501223.906
1,358917,501223.952
1,358918,501224.004
1,358919,501224.060
1,358920,501224.126
1,358921,501224.190
1,358922,501224.250
1,358923,501224.320
1,358924,501224.394
1,358925,501224.480
1,358926,501224.580
1,358927,501224.666
1,358928,501224.748
1,358929,501224.878
1,358930,501225.024
1,358931,501225.194
1,358932,501225.462
1,358933,501225.682
1,358934,501225.884
1,358935,501226.042
1,358936,501226.168
1,358937,501226.312
1,358938,501226.442
1,358939,501226.594
1,358940,501226.772
1,358941,501226.952
1,358942,501227.108
1,358943,501227.306
1,358944,501227.608
1,358945,501227.766
1,358946,501227.824
1,358947,501227.896
1,358948,501227.998
1,358949,501228.100
1,358950,501228.180
1,358951,501228.262
1,358952,501228.340
1,358953,501228.430
1,358954,501228.522
1,358955,501228.596
1,358956,501228.850
1,358957,501228.968
1,358958,501229.314
1,358959,501229.514
1,358960,501229.780
1,358961,501230.424
1,358962,501230.472
1,358963,501230.528
1,358964,501230.564
1,358965,501230.596
1,358966,501230.646
1,358967,501230.722
1,358968,501230.778
1,358969,501230.830
1,358970,501230.878
1,358971,501231.470
1,358972,501232.644
1,358973,501234.362
1,358974,501234.982
1,358975,501235.396
1,358976,501236.200
1,358977,501236.894
1,358978,501237.600
1,358979,501238.304
1,358980,501238.384
1,358981,501238.574
1,358982,501239.028
1,358983,501239.242
1,358984,501239.494
1,358985,501239.888
1,358986,501241.540
1,358987,501243.298
1,358988,501243.838
1,358989,501244.066
1,358990,501244.298
1,358991,501244.388
1,358992,501244.526
1,358993,501244.654
1,358994,501245.118
1,358995,501245.384
1,358996,501245.894
1,358997,501246.974
1,358998,501247.730
1,358999,501248.476
1,359000,501249.450
1,359001,501250.238
1,359002,501253.110
1,359003,501253.460
1,359004,501253.674
1,359005,501281.122
1,359006,501281.578
1,359007,501282.020
1,359008,501303.910
1,359009,501306.290
1,359010,501307.004
1,359011,501307.806
1,359012,501310.806
1,359013,501311.652
1,359014,501312.610
1,359015,501313.896
1,359016,501317.408
1,359017,501319.306
1,359018,501319.624
1,359019,501319.820
1,359020,501320.000
1,359021,501320.170
1,359022,501320.360
1,359023,501320.946
1,359024,501321.228
1,359025,501321.452
1,359026,501322.080
1,359027,501322.874
1,359028,501323.824
1,359029,501324.636
1,359030,501325.122
1,359031,501325.464
1,359032,501326.722
1,359033,501331.520
1,359034,501333.904
1,359035,501335.426
1,359036,501335.498
1,359037,501335.532
1,359038,501335.570
1,359039,501335.598
1,359040,501336.252
1,359041,501336.542
1,359042,501336.772
1,359043,501336.810
1,359044,501336.832
1,359045,501337.148
1,359046,501337.690
1,359047,501337.966
1,359048,501338.222
1,359049,501338.822
1,359050,501339.952
1,359051,501342.820
1,359052,501343.146
1,359053,501343.948
1,359054,501344.646
1,359055,501347.146
1,359056,501347.320
2,359057,501359.762
2,359058,501360.836
2,359059,501364.404
2,359060,501376.526
2,359061,501379.866
2,359062,501379.968
2,359063,501380.606
2,359064,501386.758
2,359065,501389.456
2,359066,501389.826
2,359067,501393.974
2,359068,501397.146
2,359069,501397.536
2,359070,501397.962
2,359071,501398.448
2,359072,501398.926
2,359073,501399.196
2,359074,501399.906
2,359075,501400.146
2,359076,501400.360
2,359077,501400.434
2,359078,501400.760
2,359079,501401.130
2,359080,501401.296
2,359081,501401.502
2,359082,501401.688
2,359083,501401.886
2,359084,501402.090
2,359085,501402.288
2,359086,501402.466
2,359087,501402.646
2,359088,501402.830
2,359089,501402.992
2,359090,501403.142
2,359091,501403.322
2,359092,501403.492
2,359093,501403.738
2,359094,501403.942
2,359095,501404.174
2,359096,501404.404
2,359097,501404.796
2,359098,501405.036
1,359099,501429.752
1,359100,501429.994
1,359101,501430.286
1,359102,501430.564
1,359103,501430.888
1,359104,501431.102
1,359105,501431.112
1,359106,501431.126
1,359107,501431.140
1,359108,501431.150
1,359109,501431.160
1,359110,501431.172
1,359111,501431.182
1,359112,501431.188
1,359113,501431.194
1,359114,501431.200
1,359115,501431.208
1,359116,501431.218
1,359117,501431.228
1,359118,501431.238
1,359119,501431.250
1,359120,501431.262
1,359121,501433.456
1,359122,501433.856
1,359123,501434.330
1,359124,501435.336
1,359125,501437.168
1,359126,501437.284
1,359127,501437.490
1,359128,501437.696
1,359129,501437.890
1,359130,501438.732
1,359131,501439.358
1,359132,501439.992
1,359133,501440.206
1,359134,501440.380
1,359135,501440.708
1,359136,501441.050
1,359137,501441.878
1,359138,501443.300
2,359139,501454.070
1,359140,501456.804
1,359141,501468.182
1,359142,501492.400
1,359143,501494.198
1,359144,501495.694
1,359145,501497.760
1,359146,501499.070
1,359147,501500.362
1,359148,501500.602
1,359149,501501.206
1,359150,501501.536
1,359151,501501.818
1,359152,501502.080
1,359153,501502.758
1,359154,501502.992
1,359155,501504.744
1,359156,501521.896
1,359157,501522.302
1,359158,501522.774
1,359159,501523.562
1,359160,501525.130
1,359161,501525.624
1,359162,501535.248
1,359163,501535.370
1,359164,501535.534
1,359165,501535.702
1,359166,501535.884
1,359167,501538.660
1,359168,501539.236
1,359169,501561.212
1,359170,501562.122
1,359171,501562.808
1,359172,501563.188
1,359173,501563.386
1,359174,501563.560
1,359175,501563.730
1,359176,501563.974
1,359177,501564.190
1,359178,501564.404
1,359179,501564.836
1,359180,501565.190
1,359181,501565.528
1,359182,501565.876
1,359183,501567.432
1,359184,501568.252
1,359185,501569.552
1,359186,501569.694
1,359187,501571.514
1,359188,501571.596
1,359189,501571.684
1,359190,501571.796
2,359191,501577.684
2,359192,501590.818
2,359193,501600.012
1,359194,501617.618
1,359195,501617.816
1,359196,501618.090
1,359197,501618.340
1,359198,501618.558
1,359199,501618.792
1,359200,501620.102
1,359201,501620.902
1,359202,501622.554
1,359203,501623.956
1,359204,501624.528
1,359205,501626.140
1,359206,501626.832
1,359207,501627.682
1,359208,501633.076
1,359209,501634.524
1,359210,501635.448
1,359211,501636.756
1,359212,501637.214
1,359213,501639.852
2,359214,501661.124
2,359215,501661.954
2,359216,501662.688
2,359217,501663.646
2,359218,501664.304
2,359219,501665.014
2,359220,501665.726
2,359221,501666.366
2,359222,501676.128
2,359223,501699.850
2,359224,501701.978
1,359225,501715.872
1,359226,501729.186
1,359227,501732.612
1,359228,501747.744
1,359229,501751.166
1,359230,501751.828
1,359231,501752.176
1,359232,501753.654
1,359233,501754.318
1,359234,501755.172
1,359235,501756.420
1,359236,501762.328
1,359237,501764.384
1,359238,501765.382
1,359239,501770.218
1,359240,501770.252
1,359241,501771.794
1,359242,501772.618
1,359243,501774.218
1,359244,501777.122
1,359245,501787.358
1,359246,501788.262
1,359247,501788.924
1,359248,501795.456
2,359249,501814.146
2,359250,501815.622
2,359251,501816.624
2,359252,501817.572
2,359253,501817.712
2,359254,501817.718
2,359255,501817.724
2,359256,501817.864
2,359257,501818.018
2,359258,501818.386
2,359259,501818.518
2,359260,501818.660
2,359261,501820.214
2,359262,501822.368
2,359263,501823.642
2,359264,501824.858
2,359265,501837.958
2,359266,501841.354
2,359267,501841.512
2,359268,501841.634
2,359269,501842.292
2,359270,501842.660
2,359271,501844.790
2,359272,501845.120
2,359273,501845.362
2,359274,501845.570
2,359275,501845.742
2,359276,501845.944
2,359277,501846.114
2,359278,501846.414
2,359279,501846.748
2,359280,501847.024
2,359281,501848.156
2,359282,501848.500
2,359283,501848.750
2,359284,501849.154
2,359285,501849.722
1,359286,501856.538
1,359287,501872.978
1,359288,501873.800
1,359289,501876.254
1,359290,501876.906
1,359291,501877.620
1,359292,501878.440
1,359293,501890.698
1,359294,501892.604
1,359295,501895.696
1,359296,501904.654
1,359297,501906.062
1,359298,501915.532
1,359299,501917.034
1,359300,501918.280
2,359301,501928.926
1,359302,501954.164
1,359303,501956.154
1,359304,501956.308
1,359305,501957.758
1,359306,501965.830
1,359307,501966.680
1,359308,501967.344
1,359309,501968.116
1,359310,501969.392
1,359311,501975.480
1,359312,501978.530
1,359313,501982.758
1,359314,501983.288
1,359315,501984.168
1,359316,501985.016
1,359317,501985.990
1,359318,501986.918
1,359319,501987.810
1,359320,501989.156
1,359321,501993.174
1,359322,501994.656
2,359323,502005.996
2,359324,502007.330
2,359325,502008.184
2,359326,502021.618
1,359327,502048.492
1,359328,502051.012
1,359329,502059.470
1,359330,502068.944
1,359331,502081.728
1,359332,502088.176
1,359333,502088.848
1,359334,502091.366
1,359335,502094.110
1,359336,502100.336
1,359337,502101.048
1,359338,502102.590
2,359339,502121.586
2,359340,502122.732
1,359341,502125.564
2,359342,502135.302
2,359343,502140.652
1,359344,502162.446
1,359345,502163.548
1,359346,502163.764
1,359347,502164.066
1,359348,502164.260
1,359349,502164.718
1,359350,502165.108
1,359351,502173.530
1,359352,502175.534
1,359353,502175.936
1,359354,502176.240
1,359355,502177.114
1,359356,502177.338
1,359357,502177.450
1,359358,502183.798
1,359359,502197.494
1,359360,502198.406
1,359361,502199.010
1,359362,502199.488
1,359363,502200.022
1,359364,502200.468
1,359365,502200.970
1,359366,502201.514
1,359367,502204.544
1,359368,502206.054
1,359369,502207.806
1,359370,502209.086
1,359371,502209.926
2,359372,502226.130
2,359373,502227.604
2,359374,502227.802
2,359375,502228.174
2,359376,502229.258
2,359377,502231.672
2,359378,502269.504
2,359379,502270.116
2,359380,502271.382
2,359381,502273.578
2,359382,502278.370
2,359383,502280.184
2,359384,502289.950
2,359385,502290.920
2,359386,502291.950
2,359387,502292.870
2,359388,502294.118
2,359389,502294.384
2,359390,502294.834
2,359391,502295.470
2,359392,502295.968
2,359393,502297.076
2,359394,502297.954
2,359395,502298.874
2,359396,502306.528
2,359397,502313.770
2,359398,502314.612
2,359399,502317.200
2,359400,502318.318
2,359401,502332.074
2,359402,502332.684
2,359403,502333.622
2,359404,502333.868
2,359405,502335.240
2,359406,502343.206
2,359407,502356.910
2,359408,502357.810
2,359409,502363.176
2,359410,502363.564
2,359411,502365.192
2,359412,502366.758
2,359413,502368.340
2,359414,502369.924
2,359415,502370.016
2,359416,502370.168
2,359417,502370.564
2,359418,502372.852
2,359419,502375.128
2,359420,502375.836
2,359421,502377.870
2,359422,502380.724
2,359423,502404.790
2,359424,502409.084
2,359425,502409.180
2,359426,502409.312
2,359427,502409.340
2,359428,502409.370
2,359429,502413.672
2,359430,502416.014
2,359431,502417.070
2,359432,502418.192
2,359433,502421.032
2,359434,502421.656
2,359435,502423.150
2,359436,502423.742
2,359437,502425.820
2,359438,502428.180
1,359439,502460.458
1,359440,502461.576
1,359441,502462.534
2,359442,502470.846
2,359443,502487.758
2,359444,502493.834
1,359445,502499.118
1,359446,502506.470
1,359447,502508.868
1,359448,502521.524
1,359449,502524.328
1,359450,502555.920
1,359451,502561.018
1,359452,502561.698
1,359453,502562.032
2,359454,502568.348
1,359455,502573.648
1,359456,502573.778
1,359457,502573.928
1,359458,502581.440
1,359459,502587.876
1,359460,502589.006
1,359461,502592.806
1,359462,502593.994
1,359463,502594.664
1,359464,502595.284
1,359465,502595.390
1,359466,502595.576
1,359467,502595.728
1,359468,502595.840
1,359469,502596.490
1,359470,502598.744
1,359471,502599.514
1,359472,502600.164
1,359473,502601.692
1,359474,502607.604
1,359475,502609.464
1,359476,502610.304
1,359477,502611.552
1,359478,502613.200
1,359479,502614.968
1,359480,502620.616
1,359481,502631.916
1,359482,502648.800
1,359483,502650.754
1,359484,502651.246
1,359485,502652.868
1,359486,502661.444
2,359487,502677.354
1,359488,502687.490
1,359489,502690.358
1,359490,502691.712
1,359491,502727.880
1,359492,502731.410
1,359493,502732.398
1,359494,502734.090
1,359495,502734.590
1,359496,502735.012
1,359497,502735.912
1,359498,502736.358
1,359499,502736.728
1,359500,502737.076
1,359501,502744.242
1,359502,502754.882
1,359503,502767.288
1,359504,502776.238
1,359505,502777.446
1,359506,502777.624
1,359507,502777.786
1,359508,502777.910
1,359509,502778.034
1,359510,502778.176
1,359511,502778.320
1,359512,502778.574
1,359513,502778.592
1,359514,502778.612
1,359515,502778.630
1,359516,502778.658
1,359517,502778.688
1,359518,502780.460
2,359519,502788.784
1,359520,502802.556
2,359521,502832.202
2,359522,502844.754
2,359523,502879.456
2,359524,502903.552
2,359525,502906.372
2,359526,502907.732
2,359527,502910.714
2,359528,502911.436
2,359529,502911.656
2,359530,502911.798
2,359531,502914.142
2,359532,502928.146
2,359533,502928.776
2,359534,502934.334
2,359535,502939.962
2,359536,502940.220
2,359537,502941.758
2,359538,502942.846
2,359539,502943.826
2,359540,502944.836
2,359541,502946.172
2,359542,502949.608
2,359543,502950.526
2,359544,502954.830
2,359545,502955.200
2,359546,502955.564
2,359547,502955.810
2,359548,502956.430
2,359549,502957.862
2,359550,502959.106
2,359551,502960.084
2,359552,502961.006
2,359553,502965.738
2,359554,502966.356
2,359555,502968.942
2,359556,502971.616
2,359557,502973.906
2,359558,502975.724
2,359559,502976.068
2,359560,502976.596
2,359561,502976.618
2,359562,502976.642
2,359563,502978.272
2,359564,502979.008
2,359565,502979.702
2,359566,502980.526
2,359567,502981.374
2,359568,502981.890
2,359569,502982.768
2,359570,502983.386
2,359571,502984.028
2,359572,502985.106
2,359573,502987.174
2,359574,502989.292
2,359575,502992.144
2,359576,502992.190
2,359577,502992.236
2,359578,502992.276
2,359579,502992.318
2,359580,502992.378
2,359581,502992.438
2,359582,502992.464
2,359583,502992.520
2,359584,502992.546
2,359585,502994.320
2,359586,502995.836
2,359587,502999.872
2,359588,503001.748
2,359589,503001.922
2,359590,503002.156
2,359591,503002.396
2,359592,503002.650
2,359593,503002.814
2,359594,503003.008
2,359595,503003.286
2,359596,503003.490
2,359597,503003.674
2,359598,503004.512
2,359599,503004.696
2,359600,503004.766
2,359601,503004.818
2,359602,503004.830
2,359603,503004.842
2,359604,503004.852
2,359605,503004.886
2,359606,503004.908
2,359607,503004.926
2,359608,503004.962
2,359609,503005.004
2,359610,503005.044
2,359611,503005.082
2,359612,503005.308
2,359613,503005.528
2,359614,503005.752
2,359615,503006.006
2,359616,503006.252
2,359617,503007.034
2,359618,503007.576
2,359619,503007.990
2,359620,503008.308
2,359621,503009.004
2,359622,503009.396
2,359623,503009.830
2,359624,503010.214
2,359625,503010.956
2,359626,503011.910
2,359627,503014.522
2,359628,503015.302
2,359629,503015.838
2,359630,503018.158
2,359631,503018.632
2,359632,503034.896
2,359633,503036.106
2,359634,503036.228
2,359635,503036.324
2,359636,503036.438
2,359637,503036.530
2,359638,503036.622
2,359639,503036.734
2,359640,503036.822
2,359641,503036.878
2,359642,503036.942
2,359643,503037.002
2,359644,503037.060
2,359645,503037.122
2,359646,503037.178
2,359647,503037.220
2,359648,503037.264
2,359649,503037.398
2,359650,503037.426
2,359651,503037.528
2,359652,503039.656
2,359653,503041.390
2,359654,503041.956
2,359655,503042.964
2,359656,503043.722
2,359657,503046.956
2,359658,503048.350
2,359659,503053.754
2,359660,503055.748
2,359661,503056.714
2,359662,503057.268
2,359663,503059.142
2,359664,503059.716
2,359665,503060.254
2,359666,503060.780
2,359667,503061.198
2,359668,503061.396
2,359669,503062.400
2,359670,503063.466
2,359671,503064.952
2,359672,503065.762
2,359673,503090.718
2,359674,503091.012
2,359675,503091.088
2,359676,503093.232
1,359677,503100.692
1,359678,503102.704
1,359679,503102.962
1,359680,503103.154
1,359681,503105.482
1,359682,503105.522
1,359683,503105.582
1,359684,503105.632
1,359685,503105.688
1,359686,503105.750
1,359687,503105.828
1,359688,503106.364
1,359689,503106.484
1,359690,503106.610
1,359691,503107.262
1,359692,503110.924
1,359693,503112.018
1,359694,503114.780
1,359695,503115.586
1,359696,503116.018
1,359697,503116.270
1,359698,503116.906
1,359699,503117.110
1,359700,503118.168
1,359701,503118.824
1,359702,503118.990
1,359703,503119.086
1,359704,503119.516
1,359705,503119.822
1,359706,503121.062
1,359707,503121.502
1,359708,503121.560
1,359709,503121.654
1,359710,503121.750
1,359711,503121.860
1,359712,503121.958
1,359713,503122.384
1,359714,503122.558
1,359715,503122.784
1,359716,503123.016
1,359717,503123.262
1,359718,503123.558
1,359719,503124.064
1,359720,503124.192
1,359721,503124.374
1,359722,503124.558
1,359723,503124.782
1,359724,503124.998
1,359725,503125.344
1,359726,503125.806
1,359727,503126.234
1,359728,503126.676
1,359729,503126.890
1,359730,503129.302
1,359731,503129.866
1,359732,503130.584
1,359733,503131.276
1,359734,503132.016
1,359735,503132.510
1,359736,503133.112
1,359737,503135.134
1,359738,503136.222
1,359739,503137.156
1,359740,503138.052
2,359741,503158.736
1,359742,503191.230
1,359743,503198.710
1,359744,503199.084
1,359745,503199.444
1,359746,503204.058
1,359747,503205.058
1,359748,503206.004
1,359749,503207.538
1,359750,503214.790
1,359751,503216.056
1,359752,503224.864
2,359753,503237.752
2,359754,503242.010
2,359755,503243.928
2,359756,503246.934
2,359757,503248.290
2,359758,503249.726
2,359759,503251.682
2,359760,503253.986
2,359761,503255.076
2,359762,503256.896
2,359763,503258.148
2,359764,503258.210
2,359765,503259.566
2,359766,503261.894
2,359767,503263.504
2,359768,503264.752
2,359769,503265.766
2,359770,503266.444
2,359771,503266.632
2,359772,503266.800
2,359773,503267.180
2,359774,503267.534
2,359775,503269.862
1,359776,503276.016
1,359777,503294.820
1,359778,503295.302
1,359779,503297.626
1,359780,503298.838
1,359781,503299.624
1,359782,503300.752
1,359783,503302.040
1,359784,503303.354
1,359785,503303.470
1,359786,503303.594
1,359787,503303.718
1,359788,503304.066
1,359789,503304.440
1,359790,503304.770
1,359791,503305.096
1,359792,503305.416
1,359793,503305.560
1,359794,503307.304
1,359795,503307.954
1,359796,503311.818
1,359797,503313.288
1,359798,503315.670
1,359799,503316.800
1,359800,503316.834
1,359801,503316.866
1,359802,503317.018
1,359803,503318.366
1,359804,503318.564
1,359805,503318.764
1,359806,503318.968
1,359807,503319.092
1,359808,503319.290
1,359809,503320.474
1,359810,503333.198
1,359811,503338.138
1,359812,503343.322
1,359813,503346.588
1,359814,503347.158
1,359815,503347.768
1,359816,503348.504
1,359817,503349.208
1,359818,503349.484
1,359819,503349.652
1,359820,503349.824
1,359821,503349.964
1,359822,503350.046
1,359823,503350.172
1,359824,503350.316
1,359825,503350.456
1,359826,503350.570
1,359827,503350.650
1,359828,503350.756
1,359829,503350.852
1,359830,503350.942
1,359831,503351.040
1,359832,503351.066
1,359833,503351.096
1,359834,503351.120
1,359835,503351.172
1,359836,503351.270
1,359837,503351.342
1,359838,503351.430
1,359839,503351.454
1,359840,503351.480
1,359841,503351.570
1,359842,503351.622
1,359843,503351.704
1,359844,503351.832
1,359845,503351.906
1,359846,503351.980
1,359847,503352.076
1,359848,503352.172
1,359849,503352.262
1,359850,503352.362
1,359851,503352.428
1,359852,503352.568
1,359853,503352.578
1,359854,503352.588
1,359855,503352.614
1,359856,503352.640
1,359857,503352.708
1,359858,503353.020
1,359859,503353.440
1,359860,503353.756
1,359861,503354.414
1,359862,503354.878
1,359863,503355.020
1,359864,503355.284
1,359865,503355.674
1,359866,503357.880
1,359867,503359.460
1,359868,503361.338
1,359869,503361.432
1,359870,503361.786
1,359871,503361.966
1,359872,503362.270
1,359873,503362.676
1,359874,503362.904
1,359875,503363.140
1,359876,503363.488
1,359877,503363.712
1,359878,503364.016
1,359879,503364.378
1,359880,503364.772
1,359881,503365.168
1,359882,503365.496
1,359883,503365.778
1,359884,503366.094
1,359885,503366.374
1,359886,503366.796
1,359887,503367.066
1,359888,503367.294
1,359889,503367.504
1,359890,503367.914
1,359891,503368.144
1,359892,503368.348
1,359893,503368.490
1,359894,503368.652
1,359895,503368.786
1,359896,503368.950
1,359897,503369.110
1,359898,503369.206
1,359899,503369.294
1,359900,503369.352
1,359901,503369.420
1,359902,503369.516
1,359903,503369.612
1,359904,503369.780
1,359905,503369.834
1,359906,503369.924
1,359907,503370.090
1,359908,503370.104
1,359909,503370.118
1,359910,503370.132
1,359911,503370.146
1,359912,503370.156
1,359913,503370.166
1,359914,503370.676
1,359915,503370.756
1,359916,503370.840
1,359917,503372.284
1,359918,503372.620
1,359919,503373.180
1,359920,503373.880
1,359921,503374.842
1,359922,503375.524
1,359923,503376.042
1,359924,503376.304
1,359925,503377.066
1,359926,503377.546
1,359927,503379.768
1,359928,503380.610
1,359929,503383.868
1,359930,503384.174
1,359931,503384.496
1,359932,503384.498
1,359933,503386.660
1,359934,503386.970
1,359935,503388.950
1,359936,503389.456
1,359937,503390.210
1,359938,503391.544
1,359939,503394.654
1,359940,503394.926
1,359941,503397.670
1,359942,503402.688
1,359943,503403.400
1,359944,503404.106
1,359945,503414.798
1,359946,503419.048
1,359947,503423.804
1,359948,503424.676
1,359949,503434.304
1,359950,503441.442
1,359951,503454.044
1,359952,503455.560
1,359953,503456.612
1,359954,503458.532
1,359955,503470.850
1,359956,503471.044
1,359957,503481.644
2,359958,503489.590
2,359959,503492.316
2,359960,503494.372
1,359961,503502.804
1,359962,503532.490
1,359963,503533.584
1,359964,503539.946
1,359965,503540.468
1,359966,503541.138
1,359967,503541.738
1,359968,503541.756
1,359969,503541.780
1,359970,503541.800
1,359971,503541.818
1,359972,503541.838
1,359973,503541.856
1,359974,503541.874
1,359975,503541.892
1,359976,503541.912
1,359977,503541.930
1,359978,503541.942
1,359979,503541.954
1,359980,503541.966
1,359981,503541.976
1,359982,503541.986
1,359983,503541.996
1,359984,503542.006
1,359985,503542.016
1,359986,503542.028
1,359987,503542.040
1,359988,503542.050
1,359989,503542.060
1,359990,503542.070
1,359991,503542.080
1,359992,503542.094
1,359993,503542.108
1,359994,503542.120
1,359995,503542.134
1,359996,503542.148
1,359997,503542.162
1,359998,503542.176
1,359999,503542.190
1,360000,503542.204
1,360001,503542.218
1,360002,503542.232
1,360003,503542.246
1,360004,503542.260
1,360005,503542.274
1,360006,503542.290
1,360007,503542.306
1,360008,503542.318
1,360009,503542.330
1,360010,503542.344
1,360011,503542.356
1,360012,503542.366
1,360013,503542.376
1,360014,503542.384
1,360015,503542.392
1,360016,503542.400
1,360017,503542.408
1,360018,503542.416
1,360019,503542.428
1,360020,503542.440
1,360021,503542.450
1,360022,503542.460
1,360023,503542.470
1,360024,503542.478
1,360025,503542.528
1,360026,503542.564
1,360027,503543.716
1,360028,503544.866
1,360029,503546.048
1,360030,503546.896
1,360031,503548.110
1,360032,503549.472
1,360033,503550.074
1,360034,503550.762
1,360035,503552.214
1,360036,503553.650
1,360037,503554.630
1,360038,503554.656
1,360039,503554.688
1,360040,503554.742
1,360041,503554.796
1,360042,503554.832
1,360043,503554.856
1,360044,503554.880
1,360045,503554.910
1,360046,503554.938
1,360047,503554.968
1,360048,503555.000
1,360049,503555.042
1,360050,503555.104
1,360051,503555.138
1,360052,503555.506
1,360053,503555.876
1,360054,503556.966
1,360055,503557.898
1,360056,503560.028
1,360057,503560.810
1,360058,503562.040
1,360059,503562.612
1,360060,503563.946
1,360061,503565.064
1,360062,503565.322
1,360063,503565.502
1,360064,503565.862
1,360065,503566.074
1,360066,503566.214
1,360067,503566.450
1,360068,503567.076
1,360069,503567.130
1,360070,503567.192
1,360071,503567.250
1,360072,503567.278
1,360073,503567.292
1,360074,503567.306
1,360075,503567.332
1,360076,503567.356
1,360077,503567.370
1,360078,503567.384
1,360079,503567.406
1,360080,503567.426
1,360081,503567.452
1,360082,503567.464
1,360083,503567.476
1,360084,503567.492
1,360085,503567.508
1,360086,503567.538
1,360087,503567.568
1,360088,503567.598
1,360089,503567.634
1,360090,503567.694
1,360091,503567.750
1,360092,503567.786
1,360093,503567.820
1,360094,503567.876
1,360095,503567.930
1,360096,503573.866
1,360097,503574.866
1,360098,503602.616
1,360099,503606.602
1,360100,503606.618
1,360101,503606.650
1,360102,503607.126
1,360103,503607.708
1,360104,503610.288
1,360105,503616.924
1,360106,503618.306
1,360107,503618.652
1,360108,503619.040
1,360109,503619.354
1,360110,503620.400
1,360111,503622.774
1,360112,503622.778
1,360113,503622.782
1,360114,503622.786
1,360115,503622.790
1,360116,503623.760
1,360117,503624.352
1,360118,503624.908
1,360119,503625.314
1,360120,503625.838
1,360121,503626.296
1,360122,503626.850
1,360123,503627.508
1,360124,503627.954
1,360125,503630.504
1,360126,503630.792
1,360127,503631.676
1,360128,503633.904
1,360129,503635.430
1,360130,503640.356
1,360131,503644.234
1,360132,503645.340
1,360133,503645.368
1,360134,503645.398
1,360135,503645.428
1,360136,503645.458
1,360137,503645.488
1,360138,503645.518
1,360139,503645.552
1,360140,503645.586
1,360141,503646.374
1,360142,503648.006
1,360143,503648.164
1,360144,503652.326
1,360145,503653.424
1,360146,503653.598
1,360147,503653.788
1,360148,503656.670
1,360149,503659.120
1,360150,503661.352
1,360151,503666.718
1,360152,503669.358
1,360153,503670.526
1,360154,503670.982
1,360155,503671.284
1,360156,503671.750
1,360157,503672.338
1,360158,503673.840
1,360159,503674.426
1,360160,503675.306
1,360161,503675.808
1,360162,503676.258
1,360163,503676.642
1,360164,503676.986
1,360165,503677.422
1,360166,503677.742
1,360167,503678.252
1,360168,503678.520
2,360169,503700.084
1,360170,503722.660
1,360171,503728.270
1,360172,503728.890
1,360173,503728.926
1,360174,503728.966
1,360175,503729.004
1,360176,503729.336
1,360177,503732.032
1,360178,503732.562
1,360179,503733.152
1,360180,503734.212
1,360181,503735.868
1,360182,503736.642
1,360183,503736.666
1,360184,503736.688
1,360185,503736.710
1,360186,503736.734
1,360187,503736.756
1,360188,503736.776
1,360189,503736.796
1,360190,503736.812
1,360191,503736.830
1,360192,503736.852
1,360193,503736.872
1,360194,503736.894
1,360195,503736.914
1,360196,503736.962
1,360197,503736.996
1,360198,503737.046
1,360199,503737.100
1,360200,503737.140
1,360201,503737.182
1,360202,503737.220
1,360203,503737.264
1,360204,503737.290
1,360205,503737.312
1,360206,503737.334
1,360207,503737.352
1,360208,503737.370
1,360209,503737.394
1,360210,503737.416
1,360211,503737.438
1,360212,503737.460
1,360213,503737.484
1,360214,503737.506
1,360215,503737.532
1,360216,503737.552
1,360217,503737.576
1,360218,503737.606
1,360219,503737.624
1,360220,503737.646
1,360221,503737.678
1,360222,503737.706
1,360223,503737.734
1,360224,503737.766
1,360225,503737.798
1,360226,503737.846
1,360227,503737.896
1,360228,503737.944
1,360229,503737.976
1,360230,503738.014
1,360231,503738.060
1,360232,503738.118
1,360233,503738.280
1,360234,503738.540
1,360235,503740.644
1,360236,503741.164
1,360237,503741.452
1,360238,503741.504
1,360239,503741.712
1,360240,503741.916
1,360241,503742.130
1,360242,503742.430
1,360243,503742.450
1,360244,503742.470
1,360245,503742.490
1,360246,503742.510
1,360247,503742.526
1,360248,503742.544
1,360249,503742.562
1,360250,503742.582
1,360251,503742.604
1,360252,503742.628
1,360253,503742.772
1,360254,503742.904
1,360255,503743.126
1,360256,503743.588
1,360257,503743.600
1,360258,503743.612
1,360259,503743.624
1,360260,503743.636
1,360261,503743.650
1,360262,503743.664
1,360263,503743.676
1,360264,503743.688
1,360265,503743.700
1,360266,503743.712
1,360267,503744.238
1,360268,503744.930
1,360269,503745.752
1,360270,503750.822
1,360271,503753.732
1,360272,503754.234
1,360273,503757.500
1,360274,503757.530
1,360275,503757.562
1,360276,503757.596
1,360277,503757.632
1,360278,503757.664
1,360279,503757.698
1,360280,503757.726
1,360281,503757.776
1,360282,503757.788
1,360283,503757.798
1,360284,503757.834
1,360285,503758.772
1,360286,503759.170
1,360287,503759.548
1,360288,503760.032
1,360289,503760.098
1,360290,503760.208
1,360291,503760.316
1,360292,503760.430
1,360293,503760.508
1,360294,503760.556
1,360295,503760.650
1,360296,503760.728
1,360297,503760.806
1,360298,503760.888
1,360299,503760.904
1,360300,503760.922
1,360301,503760.942
1,360302,503760.962
1,360303,503760.978
1,360304,503760.994
1,360305,503761.010
1,360306,503761.028
1,360307,503761.044
1,360308,503761.062
1,360309,503761.080
1,360310,503761.096
1,360311,503761.110
1,360312,503761.128
1,360313,503761.140
1,360314,503761.342
1,360315,503761.416
1,360316,503761.506
1,360317,503761.592
1,360318,503761.684
1,360319,503761.802
1,360320,503761.930
1,360321,503762.036
1,360322,503762.170
1,360323,503762.302
1,360324,503762.420
1,360325,503762.494
1,360326,503762.570
1,360327,503762.684
1,360328,503762.784
1,360329,503762.880
1,360330,503762.986
1,360331,503763.052
1,360332,503763.122
1,360333,503763.198
1,360334,503763.262
1,360335,503763.368
1,360336,503763.394
1,360337,503763.414
1,360338,503763.432
1,360339,503763.454
1,360340,503763.474
1,360341,503763.492
1,360342,503763.510
1,360343,503763.518
1,360344,503763.528
1,360345,503763.552
1,360346,503763.578
1,360347,503763.602
1,360348,503763.630
1,360349,503763.650
1,360350,503763.668
1,360351,503763.682
1,360352,503763.698
1,360353,503763.714
1,360354,503763.728
1,360355,503763.742
1,360356,503763.754
1,360357,503763.766
1,360358,503763.780
1,360359,503763.794
1,360360,503763.806
1,360361,503763.822
1,360362,503763.902
1,360363,503763.948
1,360364,503764.000
1,360365,503764.048
1,360366,503764.086
1,360367,503764.122
1,360368,503764.166
1,360369,503764.216
1,360370,503764.238
1,360371,503764.268
1,360372,503764.290
1,360373,503764.380
1,360374,503764.490
1,360375,503764.590
1,360376,503764.684
1,360377,503764.794
1,360378,503764.890
1,360379,503764.988
1,360380,503765.104
1,360381,503765.220
1,360382,503765.336
1,360383,503765.454
1,360384,503765.556
1,360385,503765.656
1,360386,503765.754
1,360387,503765.864
1,360388,503765.986
1,360389,503766.108
1,360390,503766.232
1,360391,503766.352
1,360392,503766.472
1,360393,503766.608
1,360394,503766.720
1,360395,503766.822
1,360396,503766.944
1,360397,503767.074
1,360398,503767.194
1,360399,503767.310
1,360400,503767.428
1,360401,503767.552
1,360402,503767.668
1,360403,503767.774
1,360404,503767.876
1,360405,503767.984
1,360406,503768.086
1,360407,503768.204
1,360408,503768.326
1,360409,503768.446
1,360410,503768.566
1,360411,503768.694
1,360412,503768.824
1,360413,503768.930
1,360414,503769.032
1,360415,503769.134
1,360416,503769.266
1,360417,503769.414
1,360418,503769.556
1,360419,503769.650
1,360420,503769.774
1,360421,503769.862
1,360422,503769.952
1,360423,503770.036
1,360424,503770.116
1,360425,503770.198
1,360426,503770.228
1,360427,503770.254
1,360428,503770.280
1,360429,503770.310
1,360430,503770.388
1,360431,503770.428
1,360432,503770.480
1,360433,503770.530
1,360434,503770.610
1,360435,503770.724
1,360436,503770.744
1,360437,503770.764
1,360438,503770.782
1,360439,503770.802
1,360440,503770.820
1,360441,503770.838
1,360442,503770.854
1,360443,503770.870
1,360444,503770.886
1,360445,503770.902
1,360446,503770.918
1,360447,503770.932
1,360448,503770.946
1,360449,503770.960
1,360450,503770.976
1,360451,503770.992
1,360452,503771.006
1,360453,503771.022
1,360454,503771.036
1,360455,503771.050
1,360456,503771.064
1,360457,503771.078
1,360458,503771.092
1,360459,503771.108
1,360460,503771.122
1,360461,503771.134
1,360462,503771.148
1,360463,503771.162
1,360464,503771.176
1,360465,503771.192
1,360466,503771.210
1,360467,503771.226
1,360468,503771.242
1,360469,503771.258
1,360470,503771.276
1,360471,503771.296
1,360472,503771.316
1,360473,503771.344
1,360474,503771.372
1,360475,503771.394
1,360476,503771.414
1,360477,503771.432
1,360478,503771.452
1,360479,503771.474
1,360480,503771.494
1,360481,503771.514
1,360482,503771.538
1,360483,503771.562
1,360484,503771.584
1,360485,503771.608
1,360486,503771.632
1,360487,503771.658
1,360488,503771.684
1,360489,503771.708
1,360490,503771.734
1,360491,503771.762
1,360492,503771.788
1,360493,503771.814
1,360494,503771.840
1,360495,503771.862
1,360496,503771.886
1,360497,503771.910
1,360498,503772.002
1,360499,503772.096
1,360500,503772.186
1,360501,503772.278
1,360502,503772.416
1,360503,503772.564
1,360504,503772.704
1,360505,503772.872
1,360506,503773.004
1,360507,503773.156
1,360508,503773.276
1,360509,503773.410
1,360510,503773.572
1,360511,503773.682
1,360512,503773.792
1,360513,503773.952
1,360514,503774.114
1,360515,503774.262
1,360516,503774.410
1,360517,503774.568
1,360518,503774.696
1,360519,503774.844
1,360520,503775.000
1,360521,503775.408
1,360522,503775.800
1,360523,503776.050
1,360524,503776.360
1,360525,503776.522
1,360526,503776.598
1,360527,503776.722
1,360528,503777.028
1,360529,503777.292
1,360530,503777.498
1,360531,503777.764
1,360532,503777.904
1,360533,503778.030
1,360534,503778.142
1,360535,503778.566
1,360536,503778.742
1,360537,503778.946
1,360538,503779.130
1,360539,503779.242
1,360540,503779.358
1,360541,503779.490
1,360542,503779.620
1,360543,503779.754
1,360544,503779.948
1,360545,503780.106
1,360546,503780.368
1,360547,503780.552
1,360548,503780.750
1,360549,503781.210
1,360550,503781.932
1,360551,503782.726
1,360552,503782.778
1,360553,503782.830
1,360554,503782.972
1,360555,503783.050
1,360556,503784.820
1,360557,503785.384
1,360558,503787.916
1,360559,503789.396
1,360560,503794.802
1,360561,503799.274
1,360562,503799.380
1,360563,503800.884
1,360564,503803.908
1,360565,503804.330
1,360566,503805.130
1,360567,503805.730
1,360568,503806.384
1,360569,503806.814
1,360570,503807.124
1,360571,503807.828
1,360572,503808.182
1,360573,503809.798
1,360574,503823.170
1,360575,503824.208
1,360576,503826.150
1,360577,503828.584
1,360578,503830.194
1,360579,503834.694
1,360580,503835.220
1,360581,503835.568
1,360582,503837.424
1,360583,503839.428
1,360584,503843.088
1,360585,503844.448
1,360586,503844.722
1,360587,503851.874
1,360588,503874.300
1,360589,503876.276
1,360590,503877.874
1,360591,503883.336
1,360592,503885.754
1,360593,503886.870
1,360594,503887.490
1,360595,503899.226
1,360596,503909.580
1,360597,503927.136
1,360598,503940.572
1,360599,503941.160
1,360600,503941.686
1,360601,503942.882
1,360602,503946.528
1,360603,503948.420
1,360604,503950.610
1,360605,503951.296
1,360606,503951.788
1,360607,503952.218
1,360608,503952.592
1,360609,503953.196
1,360610,503955.368
1,360611,503955.526
1,360612,503955.548
1,360613,503956.242
1,360614,503957.014
1,360615,503959.120
1,360616,503960.100
1,360617,503961.244
1,360618,503962.994
1,360619,503963.306
1,360620,503963.636
1,360621,503964.104
1,360622,503964.754
1,360623,503964.982
1,360624,503965.190
1,360625,503965.780
1,360626,503966.632
1,360627,503967.136
1,360628,503967.352
1,360629,503967.650
1,360630,503967.914
1,360631,503968.246
1,360632,503968.578
1,360633,503968.928
1,360634,503969.114
1,360635,503969.590
1,360636,503970.410
1,360637,503970.648
1,360638,503970.852
1,360639,503971.104
1,360640,503971.324
1,360641,503971.506
1,360642,503971.622
1,360643,503971.774
1,360644,503971.804
1,360645,503971.836
1,360646,503971.864
1,360647,503971.894
1,360648,503971.926
1,360649,503971.960
1,360650,503971.994
1,360651,503972.138
1,360652,503972.234
1,360653,503972.306
1,360654,503972.340
1,360655,503972.372
1,360656,503972.406
1,360657,503972.436
1,360658,503972.464
1,360659,503972.496
1,360660,503972.526
1,360661,503972.558
1,360662,503972.592
1,360663,503972.618
1,360664,503972.642
1,360665,503972.662
1,360666,503972.782
1,360667,503972.872
1,360668,503972.952
1,360669,503973.072
1,360670,503973.144
1,360671,503973.174
1,360672,503973.202
1,360673,503973.278
1,360674,503973.354
1,360675,503973.690
1,360676,503973.930
1,360677,503974.212
1,360678,503974.468
1,360679,503974.842
1,360680,503975.298
1,360681,503975.706
1,360682,503975.868
1,360683,503976.036
1,360684,503976.490
1,360685,503977.028
1,360686,503977.278
1,360687,503982.024
1,360688,503984.788
1,360689,503985.686
1,360690,503986.492
1,360691,503986.698
1,360692,503986.834
1,360693,503986.878
1,360694,503986.924
1,360695,503986.974
1,360696,503987.014
1,360697,503987.048
1,360698,503987.120
1,360699,503987.140
1,360700,503987.160
1,360701,503987.218
1,360702,503987.250
1,360703,503987.282
1,360704,503987.338
1,360705,503987.394
1,360706,503987.602
1,360707,503987.848
1,360708,503988.080
1,360709,503988.292
1,360710,503988.648
1,360711,503989.020
1,360712,503989.208
1,360713,503989.388
1,360714,503989.466
1,360715,503989.530
1,360716,503989.812
1,360717,503990.010
1,360718,503990.156
1,360719,503990.310
1,360720,503990.792
1,360721,503991.022
1,360722,503991.042
1,360723,503991.058
1,360724,503991.266
1,360725,503991.664
1,360726,503991.778
1,360727,503991.884
1,360728,503992.256
1,360729,503992.522
1,360730,503992.772
1,360731,503993.070
1,360732,503993.422
1,360733,503993.756
1,360734,503994.108
1,360735,503994.116
1,360736,503994.124
1,360737,503994.130
1,360738,503994.136
1,360739,503994.144
1,360740,503994.152
1,360741,503994.160
1,360742,503994.168
1,360743,503994.176
1,360744,503994.184
1,360745,503994.192
1,360746,503994.200
1,360747,503994.414
1,360748,503994.854
1,360749,503995.044
1,360750,503996.458
1,360751,503996.704
1,360752,503996.968
1,360753,503997.226
1,360754,503997.778
1,360755,503997.952
1,360756,503998.084
1,360757,503998.268
1,360758,503998.420
1,360759,503998.924
1,360760,503999.506
1,360761,504002.890
1,360762,504006.678
1,360763,504012.148
1,360764,504012.508
1,360765,504012.722
1,360766,504014.508
1,360767,504015.046
1,360768,504015.926
1,360769,504016.572
1,360770,504018.474
1,360771,504019.964
1,360772,504020.456
1,360773,504021.160
1,360774,504021.912
1,360775,504022.564
1,360776,504022.810
1,360777,504024.762
1,360778,504026.178
1,360779,504028.856
1,360780,504031.852
1,360781,504032.728
1,360782,504040.518
1,360783,504045.770
1,360784,504046.692
1,360785,504046.884
1,360786,504047.242
1,360787,504047.348
1,360788,504047.432
1,360789,504047.610
1,360790,504047.844
1,360791,504048.066
1,360792,504048.276
1,360793,504048.530
1,360794,504048.972
1,360795,504049.366
1,360796,504049.924
1,360797,504050.452
1,360798,504050.954
1,360799,504051.262
1,360800,504051.666
1,360801,504052.018
1,360802,504052.522
1,360803,504054.372
1,360804,504055.364
1,360805,504055.870
1,360806,504057.000
1,360807,504057.542
1,360808,504067.134
1,360809,504068.176
1,360810,504068.660
1,360811,504068.946
1,360812,504069.236
1,360813,504069.524
1,360814,504069.810
1,360815,504070.170
1,360816,504070.380
1,360817,504070.570
1,360818,504070.708
1,360819,504070.852
1,360820,504070.966
1,360821,504071.118
1,360822,504071.208
1,360823,504071.238
1,360824,504071.334
1,360825,504071.420
1,360826,504071.442
1,360827,504071.468
1,360828,504071.494
1,360829,504071.520
1,360830,504071.546
1,360831,504071.574
1,360832,504071.602
1,360833,504071.636
1,360834,504071.672
1,360835,504071.702
1,360836,504071.728
1,360837,504071.744
1,360838,504071.762
1,360839,504071.780
1,360840,504071.796
1,360841,504071.812
1,360842,504071.830
1,360843,504071.848
1,360844,504071.866
1,360845,504071.882
1,360846,504072.014
1,360847,504072.128
1,360848,504072.240
1,360849,504072.346
1,360850,504072.488
1,360851,504072.564
1,360852,504072.664
1,360853,504072.800
1,360854,504072.892
1,360855,504072.984
1,360856,504073.068
1,360857,504073.118
1,360858,504073.348
1,360859,504073.494
1,360860,504073.648
1,360861,504073.816
1,360862,504073.976
1,360863,504074.064
1,360864,504074.150
1,360865,504074.224
1,360866,504074.298
1,360867,504074.374
1,360868,504074.766
1,360869,504075.174
1,360870,504075.506
1,360871,504075.790
1,360872,504076.134
1,360873,504076.510
1,360874,504076.992
1,360875,504077.526
1,360876,504077.732
1,360877,504078.714
1,360878,504079.294
1,360879,504083.690
1,360880,504086.142
1,360881,504086.308
1,360882,504086.516
1,360883,504086.716
1,360884,504086.950
1,360885,504089.276
1,360886,504090.420
1,360887,504090.452
1,360888,504090.482
1,360889,504090.506
1,360890,504090.532
1,360891,504090.554
1,360892,504090.588
1,360893,504090.620
1,360894,504090.692
1,360895,504090.712
1,360896,504090.730
1,360897,504090.802
1,360898,504090.920
1,360899,504091.078
1,360900,504091.234
1,360901,504091.388
1,360902,504091.548
1,360903,504091.766
1,360904,504091.976
1,360905,504092.574
1,360906,504092.924
1,360907,504093.420
1,360908,504094.038
1,360909,504095.128
1,360910,504096.340
1,360911,504097.462
1,360912,504098.308
1,360913,504099.238
1,360914,504100.438
1,360915,504102.038
1,360916,504102.104
1,360917,504102.326
1,360918,504104.942
1,360919,504109.860
1,360920,504109.912
1,360921,504109.992
1,360922,504110.790
1,360923,504112.474
2,360924,504194.412
2,360925,504199.914
2,360926,504206.940
2,360927,504207.440
2,360928,504208.448
2,360929,504211.220
2,360930,504212.028
2,360931,504212.744
2,360932,504216.326
2,360933,504219.490
2,360934,504223.082
2,360935,504230.812
2,360936,504231.346
2,360937,504236.606
2,360938,504239.692
2,360939,504240.058
2,360940,504240.870
2,360941,504241.514
2,360942,504245.588
2,360943,504247.218
2,360944,504248.278
2,360945,504256.744
2,360946,504258.722
1,360947,504267.766
1,360948,504268.284
1,360949,504268.730
1,360950,504269.198
1,360951,504269.530
1,360952,504273.504
1,360953,504274.060
1,360954,504274.658
1,360955,504277.836
1,360956,504278.118
1,360957,504278.360
1,360958,504278.442
1,360959,504278.834
1,360960,504279.848
1,360961,504280.246
1,360962,504280.944
1,360963,504281.450
1,360964,504281.708
1,360965,504281.912
1,360966,504282.338
1,360967,504282.712
1,360968,504283.076
1,360969,504283.570
1,360970,504284.016
1,360971,504284.322
1,360972,504284.584
1,360973,504284.906
1,360974,504285.198
1,360975,504285.490
1,360976,504285.596
1,360977,504285.706
1,360978,504285.834
1,360979,504285.920
1,360980,504286.004
1,360981,504286.082
1,360982,504286.090
1,360983,504286.098
1,360984,504286.190
1,360985,504286.264
1,360986,504286.318
1,360987,504286.390
1,360988,504286.480
1,360989,504286.552
1,360990,504286.610
1,360991,504286.680
1,360992,504286.738
1,360993,504286.792
1,360994,504286.842
1,360995,504286.898
1,360996,504286.938
1,360997,504286.974
1,360998,504287.230
1,360999,504287.380
1,361000,504287.890
1,361001,504288.118
1,361002,504288.298
1,361003,504289.478
1,361004,504290.792
1,361005,504307.512
1,361006,504310.456
1,361007,504313.668
1,361008,504316.392
1,361009,504316.842
1,361010,504317.168
1,361011,504318.890
1,361012,504319.898
1,361013,504320.896
1,361014,504321.904
1,361015,504322.736
1,361016,504323.916
1,361017,504339.472
1,361018,504341.654
1,361019,504342.738
1,361020,504343.524
1,361021,504344.600
1,361022,504345.022
1,361023,504345.308
1,361024,504345.546
1,361025,504345.788
1,361026,504346.004
1,361027,504346.272
1,361028,504346.306
1,361029,504346.324
1,361030,504346.342
1,361031,504346.378
1,361032,504346.390
1,361033,504346.404
1,361034,504346.414
1,361035,504346.422
1,361036,504346.430
1,361037,504346.442
1,361038,504346.454
1,361039,504346.464
1,361040,504346.474
1,361041,504346.484
1,361042,504346.496
1,361043,504346.516
1,361044,504346.558
1,361045,504346.594
1,361046,504346.606
1,361047,504346.616
1,361048,504346.652
1,361049,504346.698
1,361050,504346.716
1,361051,504346.736
1,361052,504346.754
1,361053,504346.772
1,361054,504346.788
1,361055,504346.804
1,361056,504346.820
1,361057,504346.836
1,361058,504346.842
1,361059,504346.850
1,361060,504346.858
1,361061,504346.864
1,361062,504346.870
1,361063,504346.878
1,361064,504346.894
1,361065,504346.976
1,361066,504347.012
1,361067,504347.056
1,361068,504347.084
1,361069,504347.116
1,361070,504347.146
1,361071,504347.176
1,361072,504347.206
1,361073,504347.240
1,361074,504347.274
1,361075,504347.304
1,361076,504347.354
1,361077,504347.402
1,361078,504347.446
1,361079,504347.490
1,361080,504347.540
1,361081,504347.588
1,361082,504347.650
1,361083,504347.714
1,361084,504347.744
1,361085,504347.778
1,361086,504347.810
1,361087,504348.314
1,361088,504349.040
1,361089,504349.486
1,361090,504349.882
1,361091,504350.570
1,361092,504351.242
1,361093,504351.816
1,361094,504354.776
1,361095,504362.298
1,361096,504362.410
1,361097,504365.400
1,361098,504366.522
1,361099,504375.786
1,361100,504376.420
1,361101,504376.784
1,361102,504377.110
1,361103,504377.182
1,361104,504377.264
1,361105,504377.312
1,361106,504377.352
1,361107,504377.406
1,361108,504377.472
1,361109,504377.526
1,361110,504377.578
1,361111,504377.638
1,361112,504377.660
1,361113,504377.682
1,361114,504377.692
1,361115,504377.706
1,361116,504377.720
1,361117,504377.732
1,361118,504377.744
1,361119,504377.758
1,361120,504377.768
1,361121,504377.778
1,361122,504377.788
1,361123,504377.798
1,361124,504377.806
1,361125,504377.816
1,361126,504377.826
1,361127,504377.836
1,361128,504377.846
1,361129,504377.854
1,361130,504377.862
1,361131,504377.868
1,361132,504377.874
1,361133,504377.880
1,361134,504377.886
1,361135,504377.894
1,361136,504377.904
1,361137,504377.912
1,361138,504377.920
1,361139,504377.928
1,361140,504377.936
1,361141,504377.944
1,361142,504377.950
1,361143,504377.956
1,361144,504377.962
1,361145,504377.968
1,361146,504377.974
1,361147,504377.980
1,361148,504377.986
1,361149,504377.992
1,361150,504377.998
1,361151,504378.004
1,361152,504378.010
1,361153,504378.016
1,361154,504378.022
1,361155,504378.028
1,361156,504378.034
1,361157,504378.040
1,361158,504378.046
1,361159,504378.054
1,361160,504378.060
1,361161,504378.068
1,361162,504378.078
1,361163,504378.086
1,361164,504378.094
1,361165,504378.104
1,361166,504378.112
1,361167,504378.120
1,361168,504378.128
1,361169,504378.136
1,361170,504378.144
1,361171,504378.152
1,361172,504378.160
1,361173,504378.168
1,361174,504378.176
1,361175,504378.184
1,361176,504378.192
1,361177,504378.198
1,361178,504378.204
1,361179,504378.210
1,361180,504378.216
1,361181,504378.222
1,361182,504378.228
1,361183,504378.236
1,361184,504378.244
1,361185,504378.252
1,361186,504378.260
1,361187,504378.268
1,361188,504378.276
1,361189,504378.284
1,361190,504378.292
1,361191,504378.300
1,361192,504378.308
1,361193,504378.314
1,361194,504378.320
1,361195,504378.328
1,361196,504378.336
1,361197,504378.344
1,361198,504378.352
1,361199,504378.362
1,361200,504378.370
1,361201,504378.746
1,361202,504379.128
1,361203,504379.494
1,361204,504379.944
1,361205,504380.548
1,361206,504381.644
1,361207,504382.034
1,361208,504383.570
1,361209,504388.492
1,361210,504395.430
1,361211,504398.562
2,361212,504407.006
2,361213,504411.014
2,361214,504434.074
2,361215,504435.064
2,361216,504435.252
2,361217,504436.762
2,361218,504438.572
2,361219,504439.878
2,361220,504442.742
2,361221,504461.236
2,361222,504464.966
2,361223,504470.318
2,361224,504473.256
2,361225,504480.222
2,361226,504480.730
2,361227,504481.202
2,361228,504481.768
2,361229,504482.116
2,361230,504482.364
2,361231,504482.426
2,361232,504482.966
2,361233,504483.954
2,361234,504484.626
2,361235,504488.168
2,361236,504488.642
2,361237,504489.790
2,361238,504489.898
2,361239,504490.070
2,361240,504490.314
2,361241,504497.094
2,361242,504497.546
2,361243,504497.678
2,361244,504497.852
2,361245,504498.002
2,361246,504503.206
2,361247,504506.438
2,361248,504508.926
2,361249,504509.638
2,361250,504510.134
2,361251,504510.778
2,361252,504510.814
2,361253,504510.862
2,361254,504510.910
2,361255,504510.946
2,361256,504511.154
2,361257,504511.424
2,361258,504511.556
2,361259,504511.696
2,361260,504511.834
2,361261,504511.966
2,361262,504512.166
2,361263,504512.632
2,361264,504513.248
2,361265,504513.772
2,361266,504514.206
2,361267,504516.020
2,361268,504517.638
2,361269,504521.876
1,361270,504544.200
1,361271,504555.470
2,361272,504578.190
2,361273,504582.648
2,361274,504585.188
2,361275,504593.134
2,361276,504593.584
2,361277,504594.122
2,361278,504594.946
2,361279,504595.332
2,361280,504595.598
2,361281,504596.376
2,361282,504596.562
2,361283,504596.780
2,361284,504597.334
2,361285,504597.888
2,361286,504599.018
2,361287,504600.510
2,361288,504600.926
2,361289,504601.168
2,361290,504601.456
2,361291,504601.654
2,361292,504601.892
2,361293,504602.084
2,361294,504602.328
2,361295,504602.634
2,361296,504602.930
2,361297,504603.160
2,361298,504603.342
2,361299,504603.526
2,361300,504603.790
2,361301,504603.926
2,361302,504604.126
2,361303,504604.544
2,361304,504604.882
2,361305,504605.372
2,361306,504605.580
2,361307,504605.812
2,361308,504606.082
2,361309,504606.432
2,361310,504606.790
2,361311,504607.084
2,361312,504607.304
2,361313,504607.446
2,361314,504607.560
2,361315,504607.676
2,361316,504607.798
2,361317,504607.930
2,361318,504608.042
2,361319,504608.152
2,361320,504608.286
2,361321,504608.408
2,361322,504608.808
2,361323,504609.012
2,361324,504609.032
2,361325,504609.050
2,361326,504609.550
2,361327,504609.970
2,361328,504613.952
2,361329,504619.736
2,361330,504623.882
2,361331,504641.856
2,361332,504642.486
2,361333,504643.208
2,361334,504644.140
2,361335,504644.570
2,361336,504645.020
2,361337,504645.994
2,361338,504646.204
2,361339,504646.422
2,361340,504646.584
2,361341,504646.764
2,361342,504646.956
2,361343,504647.142
2,361344,504647.354
2,361345,504647.532
2,361346,504647.750
2,361347,504647.818
2,361348,504648.290
2,361349,504649.002
2,361350,504649.354
2,361351,504649.972
2,361352,504650.582
2,361353,504650.920
2,361354,504651.222
2,361355,504651.632
2,361356,504652.348
2,361357,504653.914
2,361358,504654.588
2,361359,504655.166
2,361360,504655.642
2,361361,504656.216
2,361362,504656.840
2,361363,504657.602
2,361364,504665.762
2,361365,504667.170
2,361366,504668.428
2,361367,504687.658
2,361368,504687.690
2,361369,504687.720
2,361370,504689.646
2,361371,504690.418
2,361372,504692.668
2,361373,504693.910
2,361374,504705.488
2,361375,504706.208
2,361376,504707.146
2,361377,504707.600
2,361378,504708.026
2,361379,504708.346
2,361380,504710.748
2,361381,504711.136
2,361382,504711.582
2,361383,504711.934
2,361384,504712.282
2,361385,504712.718
2,361386,504713.084
2,361387,504715.150
2,361388,504718.882
2,361389,504723.984
2,361390,504731.416
2,361391,504732.942
1,361392,504749.970
1,361393,504753.486
1,361394,504754.446
1,361395,504773.276
1,361396,504780.108
2,361397,504809.200
2,361398,504814.018
2,361399,504815.082
2,361400,504816.736
2,361401,504818.762
2,361402,504822.410
2,361403,504830.820
2,361404,504834.038
2,361405,504834.576
2,361406,504837.800
2,361407,504840.680
2,361408,504841.444
2,361409,504846.870
2,361410,504847.816
2,361411,504857.212
1,361412,504876.448
1,361413,504877.584
1,361414,504881.566
1,361415,504882.058
1,361416,504882.346
1,361417,504882.580
1,361418,504882.812
1,361419,504883.082
1,361420,504883.918
1,361421,504887.480
1,361422,504888.294
1,361423,504889.898
1,361424,504890.866
1,361425,504891.420
1,361426,504892.564
1,361427,504893.056
1,361428,504893.352
1,361429,504894.110
1,361430,504895.282
1,361431,504896.534
1,361432,504897.252
1,361433,504898.500
1,361434,504900.716
2,361435,504922.188
1,361436,504931.080
1,361437,504941.560
1,361438,504942.680
1,361439,504947.628
1,361440,504948.274
1,361441,504949.756
1,361442,504950.204
1,361443,504950.648
1,361444,504955.110
1,361445,504955.870
1,361446,504956.696
1,361447,504957.378
1,361448,504962.476
1,361449,504965.636
