#"Bounced boundary ID","bounce index","total time (ps)"
1,0,500005.746
1,1,500019.082
1,2,500019.714
1,3,500022.012
1,4,500022.968
1,5,500023.462
1,6,500023.922
1,7,500024.424
1,8,500024.952
1,9,500025.474
1,10,500026.030
1,11,500026.850
1,12,500028.046
1,13,500029.968
1,14,500032.388
1,15,500034.098
1,16,500035.808
1,17,500036.264
1,18,500037.090
1,19,500042.710
1,20,500045.896
1,21,500047.294
1,22,500048.800
1,23,500088.022
1,24,500096.744
1,25,500098.328
1,26,500098.344
2,27,500103.376
2,28,500110.176
2,29,500112.846
2,30,500114.194
2,31,500114.764
2,32,500117.282
2,33,500117.420
2,34,500117.556
2,35,500117.620
2,36,500135.702
2,37,500138.224
2,38,500140.516
2,39,500142.514
2,40,500199.544
1,41,500212.582
1,42,500215.360
1,43,500216.414
1,44,500217.310
1,45,500223.444
1,46,500230.192
2,47,500260.392
2,48,500260.578
2,49,500260.716
2,50,500261.154
2,51,500261.660
2,52,500262.038
2,53,500262.930
2,54,500263.880
2,55,500264.372
2,56,500264.726
2,57,500265.026
2,58,500269.842
2,59,500273.034
2,60,500274.304
2,61,500280.442
2,62,500280.646
2,63,500281.034
2,64,500282.760
2,65,500283.640
2,66,500284.770
2,67,500285.726
2,68,500285.946
2,69,500286.498
2,70,500287.348
2,71,500288.024
2,72,500288.742
2,73,500289.176
2,74,500291.264
2,75,500293.086
2,76,500293.844
2,77,500294.426
2,78,500295.258
2,79,500296.846
2,80,500297.842
2,81,500300.246
1,82,500313.328
1,83,500319.538
1,84,500322.418
1,85,500323.146
1,86,500336.878
1,87,500338.926
1,88,500339.234
1,89,500339.564
1,90,500339.844
1,91,500339.960
1,92,500340.054
1,93,500340.110
1,94,500340.200
1,95,500340.264
1,96,500340.328
1,97,500340.388
1,98,500340.442
1,99,500340.470
1,100,500340.498
1,101,500340.528
1,102,500340.556
1,103,500340.608
1,104,500340.660
1,105,500340.714
1,106,500340.764
1,107,500340.780
1,108,500340.796
1,109,500340.806
1,110,500340.818
1,111,500340.828
1,112,500340.838
1,113,500340.846
1,114,500340.854
1,115,500340.864
1,116,500340.874
1,117,500340.884
1,118,500340.892
1,119,500340.900
1,120,500340.908
1,121,500340.920
1,122,500340.932
1,123,500340.950
1,124,500340.956
1,125,500340.962
1,126,500340.980
1,127,500340.998
1,128,500341.012
1,129,500341.026
1,130,500341.044
1,131,500341.068
1,132,500341.080
1,133,500341.116
1,134,500341.138
1,135,500341.162
1,136,500341.180
1,137,500341.196
1,138,500341.214
1,139,500341.234
1,140,500341.258
1,141,500341.282
1,142,500341.306
1,143,500341.356
1,144,500341.372
1,145,500341.388
1,146,500341.404
1,147,500341.420
1,148,500341.436
1,149,500341.454
1,150,500341.472
1,151,500341.490
1,152,500341.510
1,153,500341.528
1,154,500341.546
1,155,500341.566
1,156,500341.586
1,157,500341.604
1,158,500341.624
1,159,500341.644
1,160,500341.706
1,161,500341.740
1,162,500341.792
1,163,500341.876
1,164,500341.958
1,165,500342.052
1,166,500342.148
1,167,500342.230
1,168,500342.298
1,169,500342.384
1,170,500342.424
1,171,500342.476
1,172,500342.522
1,173,500343.026
1,174,500344.378
1,175,500347.192
1,176,500348.178
1,177,500349.260
1,178,500361.216
1,179,500361.336
1,180,500361.444
1,181,500364.382
1,182,500365.374
1,183,500369.064
1,184,500376.054
1,185,500376.292
1,186,500377.204
1,187,500377.506
1,188,500377.796
1,189,500378.154
1,190,500378.518
1,191,500378.908
1,192,500379.256
1,193,500379.588
1,194,500379.860
1,195,500380.142
1,196,500380.584
1,197,500380.876
1,198,500381.010
1,199,500381.278
1,200,500381.310
1,201,500381.342
1,202,500381.374
1,203,500381.406
1,204,500381.438
1,205,500381.470
1,206,500381.502
1,207,500381.534
1,208,500381.562
1,209,500381.590
1,210,500381.622
1,211,500381.654
1,212,500381.984
1,213,500382.330
1,214,500382.606
1,215,500382.980
1,216,500383.288
1,217,500383.560
1,218,500384.096
1,219,500384.324
1,220,500384.658
1,221,500384.916
1,222,500384.922
1,223,500384.928
1,224,500384.934
1,225,500384.942
1,226,500384.948
1,227,500384.954
1,228,500384.960
1,229,500384.966
1,230,500384.972
1,231,500384.978
1,232,500384.984
1,233,500384.990
1,234,500384.996
1,235,500385.000
1,236,500385.004
1,237,500385.010
1,238,500385.014
1,239,500385.020
1,240,500385.026
1,241,500385.032
1,242,500385.040
1,243,500385.046
1,244,500385.050
1,245,500385.056
1,246,500385.064
1,247,500385.070
1,248,500385.076
1,249,500385.082
1,250,500385.088
1,251,500385.094
1,252,500385.100
1,253,500385.106
1,254,500385.110
1,255,500385.114
1,256,500385.118
1,257,500385.124
1,258,500385.132
1,259,500385.142
1,260,500385.150
1,261,500385.160
1,262,500385.170
1,263,500385.176
1,264,500385.182
1,265,500385.192
1,266,500385.204
1,267,500385.302
1,268,500385.384
1,269,500385.590
1,270,500386.422
1,271,500386.820
1,272,500386.826
1,273,500386.832
1,274,500386.838
1,275,500386.842
1,276,500393.296
1,277,500399.056
1,278,500408.804
1,279,500410.338
1,280,500411.812
1,281,500418.844
1,282,500419.992
1,283,500420.174
1,284,500420.350
1,285,500420.484
1,286,500420.722
1,287,500420.840
1,288,500420.974
1,289,500421.216
1,290,500421.276
1,291,500421.396
1,292,500421.506
1,293,500421.592
1,294,500421.676
1,295,500421.862
1,296,500422.112
1,297,500422.324
1,298,500422.474
1,299,500422.600
1,300,500422.720
1,301,500422.852
1,302,500422.952
1,303,500423.720
1,304,500424.508
1,305,500425.062
1,306,500425.422
1,307,500425.706
1,308,500427.072
1,309,500428.076
1,310,500428.700
1,311,500428.862
1,312,500430.824
1,313,500431.692
1,314,500431.832
1,315,500431.992
1,316,500432.090
1,317,500432.520
1,318,500432.988
1,319,500433.646
1,320,500433.972
1,321,500434.640
1,322,500434.648
1,323,500434.656
1,324,500434.662
1,325,500434.668
1,326,500435.304
1,327,500436.584
1,328,500452.732
1,329,500474.992
1,330,500476.332
1,331,500484.706
1,332,500504.758
1,333,500505.924
1,334,500509.288
1,335,500514.954
1,336,500525.470
1,337,500542.012
1,338,500550.314
1,339,500550.590
1,340,500550.852
1,341,500551.576
1,342,500552.444
1,343,500553.428
1,344,500556.852
1,345,500559.046
1,346,500559.140
1,347,500559.234
1,348,500559.324
1,349,500570.592
1,350,500571.190
1,351,500571.842
1,352,500572.220
1,353,500574.322
1,354,500579.004
1,355,500582.666
1,356,500582.778
1,357,500582.998
1,358,500583.980
1,359,500585.944
1,360,500587.010
1,361,500596.260
1,362,500596.618
1,363,500597.656
1,364,500598.794
1,365,500599.836
1,366,500600.912
1,367,500601.562
1,368,500603.350
1,369,500604.334
1,370,500604.800
1,371,500605.080
1,372,500605.800
1,373,500606.734
1,374,500618.224
1,375,500627.358
1,376,500633.600
1,377,500634.172
1,378,500636.922
1,379,500638.296
1,380,500640.190
1,381,500640.930
1,382,500642.076
1,383,500642.392
1,384,500642.700
1,385,500643.550
1,386,500643.910
1,387,500644.376
1,388,500644.614
1,389,500644.684
1,390,500644.748
1,391,500644.808
1,392,500644.876
1,393,500644.900
1,394,500644.908
1,395,500644.918
1,396,500644.924
1,397,500644.930
1,398,500644.938
1,399,500644.944
1,400,500644.952
1,401,500644.958
1,402,500644.970
1,403,500644.986
1,404,500645.002
1,405,500645.016
1,406,500645.044
1,407,500645.060
1,408,500645.070
1,409,500645.088
1,410,500645.108
1,411,500645.122
1,412,500645.142
1,413,500645.168
1,414,500645.192
1,415,500645.214
1,416,500645.292
1,417,500645.372
1,418,500645.462
1,419,500645.548
1,420,500645.688
1,421,500645.858
1,422,500646.318
1,423,500646.434
1,424,500646.686
1,425,500646.904
1,426,500649.444
1,427,500650.606
1,428,500651.934
1,429,500653.444
1,430,500655.166
1,431,500655.326
1,432,500657.640
1,433,500663.692
1,434,500663.738
1,435,500663.784
1,436,500663.832
1,437,500663.906
1,438,500670.010
1,439,500678.790
1,440,500679.794
1,441,500679.872
1,442,500679.948
1,443,500680.170
1,444,500680.410
1,445,500680.916
1,446,500681.328
1,447,500681.988
1,448,500682.634
1,449,500682.968
1,450,500683.346
1,451,500683.722
1,452,500684.104
1,453,500684.482
1,454,500684.904
1,455,500685.248
1,456,500685.526
1,457,500686.230
1,458,500686.560
1,459,500686.872
1,460,500687.186
1,461,500687.670
1,462,500688.068
1,463,500689.060
1,464,500689.754
1,465,500690.150
1,466,500691.076
1,467,500691.440
1,468,500691.454
1,469,500691.464
1,470,500691.736
1,471,500691.822
1,472,500691.924
1,473,500692.040
1,474,500692.150
1,475,500692.292
1,476,500692.448
1,477,500692.614
1,478,500692.840
1,479,500693.012
1,480,500693.620
1,481,500693.966
1,482,500694.408
1,483,500694.778
1,484,500695.266
1,485,500696.322
1,486,500696.692
1,487,500697.126
1,488,500697.476
1,489,500698.014
1,490,500698.436
1,491,500702.702
1,492,500703.330
1,493,500703.812
1,494,500703.996
1,495,500704.168
1,496,500704.930
1,497,500705.500
1,498,500706.490
1,499,500707.592
1,500,500707.984
1,501,500709.172
1,502,500711.940
1,503,500712.820
1,504,500713.844
1,505,500714.360
1,506,500714.730
1,507,500714.744
1,508,500714.758
1,509,500715.232
1,510,500715.502
1,511,500715.918
1,512,500716.396
1,513,500716.970
1,514,500717.674
1,515,500718.316
1,516,500718.980
1,517,500724.040
1,518,500727.496
1,519,500727.912
1,520,500727.932
1,521,500727.952
1,522,500728.130
1,523,500733.576
1,524,500737.434
1,525,500738.076
1,526,500738.272
1,527,500738.290
1,528,500738.308
1,529,500739.186
1,530,500748.366
1,531,500749.042
1,532,500752.812
1,533,500753.460
1,534,500753.838
1,535,500754.968
1,536,500757.772
1,537,500758.322
1,538,500763.116
1,539,500771.896
1,540,500781.002
1,541,500781.704
1,542,500782.318
1,543,500783.142
1,544,500784.712
1,545,500785.598
1,546,500786.210
1,547,500786.562
1,548,500789.962
1,549,500791.666
1,550,500793.288
1,551,500794.900
1,552,500803.050
1,553,500803.254
1,554,500803.612
1,555,500804.340
1,556,500820.612
1,557,500842.754
1,558,500843.992
1,559,500845.940
1,560,500846.190
1,561,500846.400
1,562,500846.618
1,563,500846.872
1,564,500852.046
1,565,500864.554
1,566,500864.634
1,567,500864.730
1,568,500865.318
1,569,500865.792
1,570,500867.182
1,571,500868.436
1,572,500870.024
1,573,500870.748
1,574,500871.020
1,575,500871.928
1,576,500873.118
1,577,500905.822
1,578,500919.466
1,579,500920.838
1,580,500921.334
1,581,500921.762
1,582,500923.000
1,583,500925.756
1,584,500926.358
1,585,500926.472
1,586,500926.602
1,587,500926.676
1,588,500934.306
1,589,500937.754
1,590,500938.440
1,591,500940.138
1,592,500941.266
1,593,500941.726
1,594,500943.614
1,595,500945.268
1,596,500948.086
1,597,500948.906
1,598,500950.012
1,599,500955.408
1,600,500956.628
1,601,500957.152
1,602,500957.926
1,603,500962.996
1,604,500970.950
1,605,500977.732
1,606,500980.100
1,607,500981.140
1,608,500982.312
1,609,500982.696
1,610,500982.816
1,611,500982.956
1,612,500983.082
1,613,500983.632
1,614,500984.012
1,615,500984.336
1,616,500984.690
1,617,500985.224
1,618,500987.346
1,619,500989.542
1,620,500995.174
1,621,500998.984
1,622,500999.118
1,623,500999.140
1,624,500999.176
1,625,501001.650
1,626,501002.524
1,627,501003.428
1,628,501004.272
1,629,501005.122
1,630,501005.728
1,631,501006.830
1,632,501007.138
1,633,501007.428
1,634,501007.736
1,635,501008.088
1,636,501008.858
1,637,501009.756
1,638,501010.050
1,639,501010.372
1,640,501010.974
1,641,501011.142
1,642,501011.296
1,643,501011.488
1,644,501011.742
1,645,501011.936
1,646,501012.130
1,647,501012.266
1,648,501013.184
1,649,501013.708
1,650,501016.862
1,651,501017.498
1,652,501019.306
1,653,501026.530
1,654,501027.098
1,655,501027.474
1,656,501027.634
1,657,501027.824
1,658,501027.918
1,659,501028.626
1,660,501029.178
1,661,501029.844
1,662,501030.120
1,663,501030.438
1,664,501030.756
1,665,501031.052
1,666,501031.402
1,667,501032.342
1,668,501032.422
1,669,501032.440
1,670,501032.458
1,671,501032.474
1,672,501032.488
1,673,501032.502
1,674,501046.282
1,675,501046.350
1,676,501046.424
1,677,501046.484
1,678,501046.554
1,679,501046.630
1,680,501046.702
1,681,501046.772
1,682,501046.852
1,683,501047.136
1,684,501047.234
1,685,501047.340
1,686,501047.906
1,687,501048.388
1,688,501048.954
1,689,501049.442
1,690,501050.304
1,691,501055.172
1,692,501056.704
1,693,501056.780
1,694,501057.286
1,695,501057.800
1,696,501060.872
1,697,501062.498
1,698,501063.154
1,699,501063.480
1,700,501063.498
1,701,501063.514
1,702,501063.526
1,703,501063.538
1,704,501063.548
1,705,501063.558
1,706,501063.568
1,707,501063.578
1,708,501063.592
1,709,501063.606
1,710,501063.732
1,711,501063.856
1,712,501064.738
1,713,501066.092
1,714,501066.570
1,715,501067.064
1,716,501067.480
1,717,501068.990
1,718,501070.532
1,719,501070.892
1,720,501071.240
1,721,501072.908
1,722,501074.854
1,723,501075.508
1,724,501076.156
1,725,501086.166
1,726,501086.910
1,727,501087.794
1,728,501093.344
1,729,501094.326
1,730,501098.296
1,731,501099.538
1,732,501103.218
1,733,501132.960
1,734,501137.312
1,735,501138.406
1,736,501139.426
1,737,501140.570
1,738,501141.986
1,739,501142.540
1,740,501151.560
1,741,501166.684
2,742,501177.208
1,743,501187.010
2,744,501205.252
1,745,501215.866
1,746,501216.692
1,747,501217.552
1,748,501218.544
1,749,501219.146
1,750,501220.166
1,751,501221.454
1,752,501222.280
1,753,501223.596
1,754,501224.192
1,755,501225.114
1,756,501225.292
1,757,501225.450
1,758,501225.942
1,759,501226.660
1,760,501227.174
1,761,501227.676
1,762,501228.670
1,763,501229.434
1,764,501229.694
1,765,501230.026
1,766,501230.072
1,767,501230.108
1,768,501230.144
1,769,501230.172
1,770,501230.196
1,771,501230.220
1,772,501230.248
1,773,501230.274
1,774,501230.308
1,775,501230.344
1,776,501230.368
1,777,501230.410
1,778,501230.420
1,779,501230.436
1,780,501230.448
1,781,501230.460
1,782,501230.478
1,783,501230.494
1,784,501230.512
1,785,501230.534
1,786,501230.546
1,787,501230.558
1,788,501230.568
1,789,501230.580
1,790,501230.588
1,791,501230.596
1,792,501230.604
1,793,501230.612
1,794,501230.622
1,795,501230.632
1,796,501230.640
1,797,501230.648
1,798,501230.654
1,799,501230.660
1,800,501230.668
1,801,501230.676
1,802,501230.684
1,803,501230.692
1,804,501230.700
1,805,501230.708
1,806,501230.716
1,807,501230.724
1,808,501230.732
1,809,501230.740
1,810,501230.748
1,811,501230.756
1,812,501230.764
1,813,501230.774
1,814,501230.784
1,815,501230.792
1,816,501230.798
1,817,501230.804
1,818,501230.812
1,819,501230.820
1,820,501230.828
1,821,501230.836
1,822,501230.846
1,823,501230.856
1,824,501230.864
1,825,501230.870
1,826,501230.876
1,827,501230.882
1,828,501230.890
1,829,501230.898
1,830,501230.906
1,831,501230.914
1,832,501230.924
1,833,501230.934
1,834,501230.946
1,835,501230.958
1,836,501230.970
1,837,501230.982
1,838,501231.000
1,839,501231.018
1,840,501231.032
1,841,501231.046
1,842,501231.062
1,843,501231.080
1,844,501231.094
1,845,501232.134
1,846,501232.550
1,847,501233.244
1,848,501233.584
1,849,501234.798
1,850,501236.094
1,851,501237.564
1,852,501238.120
1,853,501238.756
1,854,501244.806
1,855,501247.930
1,856,501248.930
1,857,501249.732
1,858,501251.790
1,859,501252.488
1,860,501253.628
1,861,501253.706
1,862,501253.824
1,863,501262.550
1,864,501268.956
1,865,501269.484
1,866,501269.998
1,867,501270.224
1,868,501270.448
1,869,501270.846
1,870,501271.886
1,871,501272.650
1,872,501273.376
1,873,501274.386
1,874,501274.636
1,875,501275.152
1,876,501278.818
1,877,501279.266
1,878,501281.896
1,879,501284.800
1,880,501285.584
1,881,501286.490
1,882,501289.422
1,883,501291.452
1,884,501292.302
1,885,501292.950
1,886,501293.090
1,887,501293.228
1,888,501293.346
1,889,501293.480
1,890,501293.612
1,891,501293.748
1,892,501293.912
1,893,501294.100
1,894,501294.586
1,895,501294.994
1,896,501298.104
1,897,501300.030
1,898,501302.394
1,899,501302.872
1,900,501303.928
1,901,501305.320
1,902,501306.390
1,903,501308.798
1,904,501309.324
1,905,501310.260
1,906,501312.046
1,907,501312.724
1,908,501313.478
1,909,501315.430
1,910,501316.626
1,911,501317.268
1,912,501318.954
1,913,501320.098
1,914,501320.800
1,915,501321.568
1,916,501321.844
1,917,501322.168
1,918,501322.570
1,919,501327.794
1,920,501328.826
1,921,501338.410
1,922,501346.382
1,923,501354.214
1,924,501355.410
1,925,501357.180
1,926,501400.302
1,927,501402.160
1,928,501404.076
1,929,501404.866
1,930,501405.518
1,931,501405.534
1,932,501405.554
1,933,501405.580
1,934,501405.604
1,935,501406.684
1,936,501407.914
1,937,501410.542
1,938,501412.056
1,939,501413.736
1,940,501414.878
1,941,501415.890
1,942,501418.208
1,943,501419.166
1,944,501419.900
1,945,501420.318
1,946,501420.658
1,947,501420.932
1,948,501421.200
1,949,501421.494
1,950,501423.554
1,951,501423.806
1,952,501424.092
1,953,501424.436
1,954,501424.804
1,955,501425.146
1,956,501425.744
1,957,501425.794
1,958,501425.902
1,959,501426.036
1,960,501427.646
1,961,501428.246
1,962,501428.592
1,963,501429.174
1,964,501429.782
1,965,501430.396
1,966,501430.986
1,967,501431.558
1,968,501432.020
1,969,501432.550
1,970,501432.826
1,971,501433.214
1,972,501433.616
1,973,501434.568
1,974,501435.278
1,975,501435.928
1,976,501437.596
1,977,501438.232
1,978,501438.922
1,979,501439.366
1,980,501439.818
1,981,501440.334
1,982,501440.764
1,983,501442.804
1,984,501445.818
1,985,501448.616
1,986,501448.940
1,987,501449.492
1,988,501450.030
1,989,501450.638
1,990,501451.736
1,991,501452.362
1,992,501452.478
1,993,501452.514
1,994,501452.556
1,995,501452.596
1,996,501452.654
1,997,501452.670
1,998,501452.688
1,999,501452.838
1,1000,501453.034
1,1001,501453.064
1,1002,501453.092
1,1003,501453.288
1,1004,501453.324
1,1005,501453.378
1,1006,501453.390
1,1007,501453.402
1,1008,501453.412
1,1009,501453.426
1,1010,501453.620
1,1011,501453.706
1,1012,501453.780
1,1013,501453.848
1,1014,501453.952
1,1015,501454.028
1,1016,501454.058
1,1017,501454.088
1,1018,501454.118
1,1019,501454.148
1,1020,501454.210
1,1021,501454.268
1,1022,501454.280
1,1023,501454.292
1,1024,501454.360
1,1025,501454.410
1,1026,501454.460
1,1027,501454.486
1,1028,501454.514
1,1029,501454.542
1,1030,501454.782
1,1031,501455.044
1,1032,501455.300
1,1033,501455.484
1,1034,501455.666
1,1035,501455.834
1,1036,501456.038
1,1037,501456.286
1,1038,501456.572
1,1039,501456.828
1,1040,501457.064
1,1041,501457.264
1,1042,501458.092
1,1043,501459.458
1,1044,501459.698
1,1045,501460.212
1,1046,501460.470
1,1047,501460.620
1,1048,501460.700
1,1049,501460.788
1,1050,501460.940
1,1051,501461.118
1,1052,501461.320
1,1053,501461.474
1,1054,501461.658
1,1055,501461.864
1,1056,501461.876
1,1057,501461.888
1,1058,501461.902
1,1059,501461.914
1,1060,501462.236
1,1061,501462.332
1,1062,501462.428
1,1063,501462.512
1,1064,501462.562
1,1065,501462.618
1,1066,501462.698
1,1067,501462.780
1,1068,501463.156
1,1069,501463.392
1,1070,501463.634
1,1071,501463.912
1,1072,501464.108
1,1073,501464.564
1,1074,501464.764
1,1075,501464.932
1,1076,501465.186
1,1077,501465.372
1,1078,501465.512
1,1079,501465.672
1,1080,501466.214
1,1081,501466.996
1,1082,501467.548
1,1083,501467.982
1,1084,501468.298
1,1085,501468.490
1,1086,501468.810
1,1087,501469.358
1,1088,501469.868
1,1089,501470.418
1,1090,501470.866
1,1091,501470.938
1,1092,501471.198
1,1093,501471.402
1,1094,501471.558
1,1095,501473.450
1,1096,501474.192
1,1097,501475.240
1,1098,501475.922
1,1099,501476.322
1,1100,501477.436
1,1101,501477.616
1,1102,501478.014
1,1103,501478.080
1,1104,501478.652
1,1105,501479.188
1,1106,501479.292
1,1107,501479.522
1,1108,501479.884
1,1109,501480.256
1,1110,501480.572
1,1111,501480.600
1,1112,501480.882
1,1113,501481.160
1,1114,501481.384
1,1115,501481.550
1,1116,501481.618
1,1117,501481.690
1,1118,501481.762
1,1119,501481.806
1,1120,501481.970
1,1121,501482.082
1,1122,501482.210
1,1123,501482.316
1,1124,501482.412
1,1125,501482.744
1,1126,501483.338
1,1127,501483.638
1,1128,501483.840
1,1129,501484.056
1,1130,501484.220
1,1131,501484.384
1,1132,501484.588
1,1133,501484.714
1,1134,501484.914
1,1135,501485.100
1,1136,501485.598
1,1137,501486.152
1,1138,501486.642
1,1139,501486.926
1,1140,501487.176
1,1141,501487.442
1,1142,501487.656
1,1143,501487.876
1,1144,501488.122
1,1145,501488.348
1,1146,501488.942
1,1147,501489.720
1,1148,501491.506
1,1149,501492.774
1,1150,501492.984
1,1151,501493.280
1,1152,501493.620
1,1153,501494.724
1,1154,501495.174
1,1155,501497.578
1,1156,501498.926
1,1157,501499.984
1,1158,501501.360
1,1159,501501.744
1,1160,501503.222
1,1161,501503.594
1,1162,501504.904
1,1163,501505.772
1,1164,501506.468
1,1165,501507.746
1,1166,501507.810
1,1167,501507.816
1,1168,501507.820
1,1169,501507.826
1,1170,501507.834
1,1171,501507.840
1,1172,501507.846
1,1173,501507.852
1,1174,501507.860
1,1175,501507.870
1,1176,501507.882
1,1177,501507.894
1,1178,501507.906
1,1179,501507.970
1,1180,501509.340
1,1181,501510.510
1,1182,501511.968
1,1183,501512.490
1,1184,501536.988
1,1185,501538.664
1,1186,501542.434
1,1187,501544.494
1,1188,501545.544
1,1189,501546.146
1,1190,501549.544
1,1191,501552.172
1,1192,501566.598
1,1193,501568.238
1,1194,501583.006
1,1195,501586.262
1,1196,501587.112
1,1197,501592.126
1,1198,501592.174
1,1199,501593.484
1,1200,501596.086
1,1201,501598.600
1,1202,501599.040
1,1203,501599.606
1,1204,501600.630
1,1205,501600.664
1,1206,501600.690
1,1207,501600.718
1,1208,501600.742
1,1209,501601.642
1,1210,501602.612
1,1211,501603.714
1,1212,501604.538
1,1213,501604.900
1,1214,501605.274
1,1215,501633.850
1,1216,501642.956
1,1217,501661.018
1,1218,501661.034
1,1219,501661.052
1,1220,501661.068
1,1221,501661.082
1,1222,501661.100
1,1223,501661.118
1,1224,501661.134
1,1225,501661.150
1,1226,501661.162
1,1227,501661.176
1,1228,501661.190
1,1229,501661.208
1,1230,501661.228
1,1231,501661.246
1,1232,501661.264
1,1233,501661.282
1,1234,501661.300
1,1235,501661.320
1,1236,501661.340
1,1237,501661.356
1,1238,501661.374
1,1239,501661.390
1,1240,501661.406
1,1241,501661.422
1,1242,501661.438
1,1243,501661.454
1,1244,501661.468
1,1245,501661.480
1,1246,501661.494
1,1247,501661.506
1,1248,501661.520
1,1249,501661.534
1,1250,501661.548
1,1251,501661.564
1,1252,501661.580
1,1253,501661.596
1,1254,501661.710
1,1255,501661.842
1,1256,501662.264
1,1257,501662.682
1,1258,501662.958
1,1259,501663.078
1,1260,501663.182
1,1261,501663.294
1,1262,501663.348
1,1263,501663.398
1,1264,501663.442
1,1265,501663.488
1,1266,501663.636
1,1267,501663.704
1,1268,501665.370
1,1269,501666.750
1,1270,501667.160
1,1271,501667.640
1,1272,501668.246
1,1273,501668.360
1,1274,501668.946
1,1275,501669.056
1,1276,501669.168
1,1277,501669.280
1,1278,501669.634
1,1279,501670.110
1,1280,501670.480
1,1281,501670.740
1,1282,501671.016
1,1283,501671.220
1,1284,501671.820
1,1285,501672.340
1,1286,501672.936
1,1287,501673.468
1,1288,501673.968
1,1289,501674.456
1,1290,501674.822
1,1291,501675.474
1,1292,501675.852
1,1293,501676.318
1,1294,501676.792
1,1295,501677.310
1,1296,501677.842
1,1297,501678.612
1,1298,501679.370
1,1299,501679.998
1,1300,501680.374
1,1301,501680.674
1,1302,501680.788
1,1303,501680.866
1,1304,501681.244
1,1305,501681.320
1,1306,501681.394
1,1307,501681.588
1,1308,501681.694
1,1309,501681.962
1,1310,501682.188
1,1311,501682.706
1,1312,501688.050
1,1313,501688.294
1,1314,501689.628
1,1315,501690.520
1,1316,501691.036
1,1317,501691.614
1,1318,501692.970
1,1319,501693.244
1,1320,501693.452
1,1321,501693.698
1,1322,501693.928
1,1323,501694.270
1,1324,501694.632
1,1325,501694.970
1,1326,501695.260
1,1327,501695.538
1,1328,501695.862
1,1329,501696.086
1,1330,501696.232
1,1331,501696.340
1,1332,501696.454
1,1333,501696.608
1,1334,501696.682
1,1335,501696.758
1,1336,501696.850
1,1337,501697.756
1,1338,501698.144
1,1339,501698.680
1,1340,501699.210
1,1341,501699.786
1,1342,501700.130
1,1343,501700.498
1,1344,501700.866
1,1345,501701.624
1,1346,501701.914
1,1347,501702.410
1,1348,501702.962
1,1349,501703.462
1,1350,501704.588
1,1351,501706.518
1,1352,501709.048
1,1353,501710.408
1,1354,501711.224
1,1355,501711.840
1,1356,501712.336
1,1357,501712.982
1,1358,501713.346
1,1359,501713.900
1,1360,501714.034
1,1361,501714.122
1,1362,501714.192
1,1363,501714.246
1,1364,501714.788
1,1365,501715.076
1,1366,501715.490
1,1367,501715.674
1,1368,501716.054
1,1369,501718.536
1,1370,501719.026
1,1371,501719.576
1,1372,501720.760
1,1373,501720.778
1,1374,501720.798
1,1375,501720.820
1,1376,501720.842
1,1377,501720.864
1,1378,501720.886
1,1379,501720.906
1,1380,501720.926
1,1381,501720.948
1,1382,501720.970
1,1383,501721.024
1,1384,501721.050
1,1385,501721.366
1,1386,501721.802
1,1387,501722.790
1,1388,501723.360
1,1389,501723.742
1,1390,501724.758
1,1391,501725.300
1,1392,501725.554
1,1393,501725.712
1,1394,501726.486
1,1395,501727.030
1,1396,501727.724
1,1397,501728.442
1,1398,501728.890
1,1399,501729.210
1,1400,501730.142
1,1401,501730.684
1,1402,501731.778
1,1403,501733.896
1,1404,501735.360
1,1405,501738.868
1,1406,501739.920
1,1407,501743.450
1,1408,501743.790
1,1409,501744.990
1,1410,501749.104
1,1411,501749.576
1,1412,501750.072
1,1413,501750.470
1,1414,501750.904
1,1415,501752.022
1,1416,501753.674
1,1417,501758.330
1,1418,501766.402
1,1419,501768.878
1,1420,501775.370
1,1421,501778.486
1,1422,501779.380
1,1423,501780.012
1,1424,501780.500
1,1425,501783.394
1,1426,501784.800
1,1427,501785.116
1,1428,501785.380
1,1429,501785.736
1,1430,501786.112
1,1431,501787.464
1,1432,501788.686
1,1433,501788.974
1,1434,501789.206
1,1435,501789.530
1,1436,501789.798
1,1437,501790.264
1,1438,501792.202
1,1439,501793.120
1,1440,501794.046
1,1441,501796.708
1,1442,501797.568
1,1443,501805.402
1,1444,501805.986
1,1445,501807.264
1,1446,501809.914
1,1447,501810.270
1,1448,501810.584
1,1449,501810.994
1,1450,501811.370
1,1451,501811.974
1,1452,501812.394
1,1453,501812.698
1,1454,501813.212
1,1455,501814.186
1,1456,501817.960
1,1457,501819.692
1,1458,501821.048
1,1459,501821.474
1,1460,501821.882
1,1461,501822.760
1,1462,501825.590
1,1463,501830.506
1,1464,501839.552
1,1465,501839.954
1,1466,501840.312
1,1467,501840.526
1,1468,501840.788
1,1469,501841.018
1,1470,501841.198
1,1471,501841.500
1,1472,501841.798
1,1473,501842.040
1,1474,501842.594
1,1475,501843.584
1,1476,501844.534
1,1477,501848.292
1,1478,501849.296
1,1479,501849.844
1,1480,501851.614
1,1481,501851.782
1,1482,501851.976
1,1483,501852.162
1,1484,501852.376
1,1485,501852.568
1,1486,501852.806
1,1487,501853.010
1,1488,501853.352
1,1489,501853.648
1,1490,501853.984
1,1491,501854.306
1,1492,501854.652
1,1493,501855.016
1,1494,501855.272
1,1495,501855.508
1,1496,501855.794
1,1497,501856.240
1,1498,501856.668
1,1499,501857.102
1,1500,501857.406
1,1501,501857.828
1,1502,501858.072
1,1503,501858.344
1,1504,501858.498
1,1505,501858.988
1,1506,501859.498
1,1507,501859.926
1,1508,501860.186
1,1509,501860.404
1,1510,501860.594
1,1511,501860.762
1,1512,501861.054
1,1513,501861.290
1,1514,501861.526
1,1515,501861.796
1,1516,501862.098
1,1517,501862.388
1,1518,501862.636
1,1519,501862.732
1,1520,501862.826
1,1521,501862.864
1,1522,501863.258
1,1523,501863.828
1,1524,501864.398
1,1525,501864.684
1,1526,501865.396
1,1527,501865.610
1,1528,501865.838
1,1529,501866.296
1,1530,501866.770
1,1531,501868.194
1,1532,501868.556
1,1533,501868.882
1,1534,501869.372
1,1535,501869.912
1,1536,501870.100
1,1537,501870.476
1,1538,501870.752
1,1539,501871.378
1,1540,501871.610
1,1541,501871.936
1,1542,501872.050
1,1543,501872.080
1,1544,501872.112
1,1545,501872.138
1,1546,501872.152
1,1547,501872.168
1,1548,501872.198
1,1549,501872.228
1,1550,501872.258
1,1551,501872.290
1,1552,501872.320
1,1553,501872.348
1,1554,501872.384
1,1555,501872.420
1,1556,501872.558
1,1557,501872.786
1,1558,501873.016
1,1559,501873.280
1,1560,501873.570
1,1561,501873.734
1,1562,501873.860
1,1563,501873.920
1,1564,501874.022
1,1565,501874.092
1,1566,501874.164
1,1567,501874.278
1,1568,501874.422
1,1569,501874.544
1,1570,501874.642
1,1571,501874.764
1,1572,501875.366
1,1573,501875.510
1,1574,501875.680
1,1575,501875.936
1,1576,501876.104
1,1577,501876.516
1,1578,501876.730
1,1579,501876.910
1,1580,501877.074
1,1581,501877.252
1,1582,501877.404
1,1583,501877.710
1,1584,501878.070
1,1585,501878.538
1,1586,501878.556
1,1587,501878.650
1,1588,501878.706
1,1589,501878.762
1,1590,501878.830
1,1591,501878.896
1,1592,501878.950
1,1593,501879.000
1,1594,501879.048
1,1595,501879.106
1,1596,501879.170
1,1597,501879.216
1,1598,501879.264
1,1599,501879.314
1,1600,501879.368
1,1601,501879.420
1,1602,501879.462
1,1603,501879.470
1,1604,501879.476
1,1605,501879.482
1,1606,501879.488
1,1607,501879.494
1,1608,501879.500
1,1609,501879.510
1,1610,501879.518
1,1611,501879.528
1,1612,501879.538
1,1613,501879.576
1,1614,501879.622
1,1615,501879.662
1,1616,501879.676
1,1617,501879.690
1,1618,501879.704
1,1619,501879.718
1,1620,501879.734
1,1621,501879.750
1,1622,501879.764
1,1623,501879.780
1,1624,501879.796
1,1625,501879.812
1,1626,501879.826
1,1627,501879.840
1,1628,501879.854
1,1629,501879.868
1,1630,501879.882
1,1631,501879.898
1,1632,501879.912
1,1633,501879.926
1,1634,501879.940
1,1635,501879.954
1,1636,501879.968
1,1637,501879.982
1,1638,501879.996
1,1639,501880.010
1,1640,501880.024
1,1641,501880.038
1,1642,501880.052
1,1643,501880.068
1,1644,501880.082
1,1645,501880.096
1,1646,501880.110
1,1647,501880.126
1,1648,501880.144
1,1649,501880.162
1,1650,501880.182
1,1651,501880.200
1,1652,501880.218
1,1653,501880.240
1,1654,501880.262
1,1655,501880.286
1,1656,501880.310
1,1657,501880.334
1,1658,501880.356
1,1659,501880.380
1,1660,501880.406
1,1661,501880.434
1,1662,501880.466
1,1663,501880.488
1,1664,501880.510
1,1665,501880.534
1,1666,501880.560
1,1667,501880.594
1,1668,501880.666
1,1669,501880.724
1,1670,501883.006
1,1671,501883.746
1,1672,501884.500
1,1673,501885.072
1,1674,501885.468
1,1675,501886.668
1,1676,501887.374
1,1677,501887.782
1,1678,501888.320
1,1679,501889.036
1,1680,501889.472
1,1681,501891.736
1,1682,501902.184
1,1683,501906.062
1,1684,501906.490
1,1685,501907.242
1,1686,501908.264
1,1687,501909.708
1,1688,501909.822
1,1689,501910.026
1,1690,501911.488
1,1691,501911.788
1,1692,501912.114
1,1693,501912.516
1,1694,501912.956
1,1695,501913.332
1,1696,501913.720
1,1697,501914.000
1,1698,501914.270
1,1699,501914.540
1,1700,501914.928
1,1701,501915.484
1,1702,501917.704
1,1703,501918.424
1,1704,501919.442
1,1705,501920.412
1,1706,501921.898
1,1707,501922.254
1,1708,501924.426
1,1709,501925.116
1,1710,501925.384
1,1711,501925.670
1,1712,501925.858
1,1713,501926.110
1,1714,501926.324
1,1715,501926.492
1,1716,501926.706
1,1717,501927.624
1,1718,501927.930
1,1719,501928.228
1,1720,501928.618
1,1721,501929.252
1,1722,501929.972
1,1723,501930.022
1,1724,501930.080
1,1725,501930.568
1,1726,501930.842
1,1727,501930.980
1,1728,501931.376
1,1729,501933.010
1,1730,501934.064
1,1731,501934.360
1,1732,501934.694
1,1733,501935.268
1,1734,501935.476
1,1735,501935.820
1,1736,501936.272
1,1737,501936.396
1,1738,501936.414
1,1739,501936.430
1,1740,501936.442
1,1741,501936.454
1,1742,501936.466
1,1743,501936.478
1,1744,501936.484
1,1745,501936.490
1,1746,501936.498
1,1747,501936.508
1,1748,501936.512
1,1749,501936.514
1,1750,501936.518
1,1751,501936.524
1,1752,501936.528
1,1753,501936.532
1,1754,501936.538
1,1755,501936.542
1,1756,501936.548
1,1757,501936.554
1,1758,501936.560
1,1759,501936.566
1,1760,501936.574
1,1761,501936.580
1,1762,501936.586
1,1763,501936.592
1,1764,501936.596
1,1765,501936.600
1,1766,501936.608
1,1767,501936.614
1,1768,501936.622
1,1769,501936.632
1,1770,501936.640
1,1771,501936.648
1,1772,501936.658
1,1773,501936.670
1,1774,501936.680
1,1775,501936.690
1,1776,501936.700
1,1777,501936.706
1,1778,501936.712
1,1779,501936.720
1,1780,501936.730
1,1781,501936.740
1,1782,501936.752
1,1783,501936.762
1,1784,501936.882
1,1785,501936.982
1,1786,501937.104
1,1787,501937.224
1,1788,501937.286
1,1789,501937.350
1,1790,501937.498
1,1791,501937.632
1,1792,501937.892
1,1793,501938.084
1,1794,501938.282
1,1795,501940.494
1,1796,501941.378
1,1797,501941.398
1,1798,501941.416
1,1799,501941.428
1,1800,501941.436
1,1801,501941.444
1,1802,501942.056
1,1803,501944.590
1,1804,501946.132
1,1805,501946.428
1,1806,501946.446
1,1807,501946.790
1,1808,501947.276
1,1809,501948.064
1,1810,501948.600
1,1811,501949.212
1,1812,501949.860
1,1813,501950.514
1,1814,501951.010
1,1815,501952.468
1,1816,501953.876
1,1817,501954.376
1,1818,501954.506
1,1819,501955.032
1,1820,501955.984
1,1821,501958.200
1,1822,501959.802
1,1823,501960.490
1,1824,501960.948
1,1825,501961.372
1,1826,501961.746
1,1827,501962.096
1,1828,501962.418
1,1829,501962.644
1,1830,501962.884
1,1831,501963.160
1,1832,501963.838
1,1833,501965.272
1,1834,501965.538
1,1835,501965.816
1,1836,501966.070
1,1837,501966.358
1,1838,501966.832
1,1839,501967.426
1,1840,501967.850
1,1841,501968.190
1,1842,501969.290
1,1843,501970.268
1,1844,501995.714
1,1845,501995.734
1,1846,501995.754
1,1847,501995.774
1,1848,501995.794
1,1849,501995.814
1,1850,501995.832
1,1851,501995.852
1,1852,501995.872
1,1853,501995.888
1,1854,501995.904
1,1855,501995.920
1,1856,501995.936
1,1857,501995.954
1,1858,501995.970
1,1859,501995.984
1,1860,501996.000
1,1861,501996.022
1,1862,501996.040
1,1863,501996.064
1,1864,501996.094
1,1865,501996.112
1,1866,501996.126
1,1867,501996.138
1,1868,501996.152
1,1869,501996.166
1,1870,501996.178
1,1871,501996.198
1,1872,501996.218
1,1873,502000.236
1,1874,502008.334
1,1875,502008.980
1,1876,502010.062
1,1877,502010.314
1,1878,502010.650
1,1879,502015.126
1,1880,502022.786
1,1881,502027.486
1,1882,502028.336
1,1883,502028.808
1,1884,502029.418
1,1885,502029.952
1,1886,502030.348
1,1887,502030.890
1,1888,502031.254
1,1889,502031.526
1,1890,502033.728
1,1891,502034.700
1,1892,502035.130
1,1893,502041.132
1,1894,502068.150
1,1895,502068.636
1,1896,502069.118
1,1897,502069.606
1,1898,502070.054
1,1899,502074.610
1,1900,502081.844
1,1901,502082.130
1,1902,502082.646
1,1903,502083.110
1,1904,502083.702
1,1905,502084.442
1,1906,502098.186
1,1907,502106.736
1,1908,502107.540
1,1909,502108.196
1,1910,502108.802
1,1911,502109.842
1,1912,502109.988
1,1913,502111.814
1,1914,502112.414
1,1915,502113.116
1,1916,502114.774
1,1917,502120.124
1,1918,502123.410
1,1919,502124.024
1,1920,502125.148
1,1921,502125.422
1,1922,502125.768
1,1923,502133.346
1,1924,502135.116
1,1925,502137.122
1,1926,502137.588
1,1927,502137.900
1,1928,502145.788
1,1929,502146.474
1,1930,502146.544
1,1931,502146.614
1,1932,502146.688
1,1933,502146.762
1,1934,502153.688
1,1935,502154.866
1,1936,502160.102
1,1937,502161.386
1,1938,502161.510
1,1939,502161.622
1,1940,502161.690
1,1941,502161.760
1,1942,502161.972
1,1943,502162.166
1,1944,502162.282
1,1945,502162.452
1,1946,502162.874
1,1947,502162.984
1,1948,502163.238
1,1949,502163.466
1,1950,502163.670
1,1951,502164.172
1,1952,502164.784
1,1953,502165.494
1,1954,502167.270
1,1955,502167.960
1,1956,502170.594
1,1957,502174.964
1,1958,502175.902
1,1959,502177.028
1,1960,502177.910
1,1961,502179.350
1,1962,502183.126
1,1963,502191.116
1,1964,502193.274
1,1965,502195.316
1,1966,502213.614
1,1967,502214.010
1,1968,502214.628
1,1969,502219.698
1,1970,502221.546
1,1971,502221.898
1,1972,502222.200
1,1973,502223.324
1,1974,502224.378
1,1975,502224.550
1,1976,502225.116
1,1977,502225.418
1,1978,502225.760
1,1979,502226.192
1,1980,502226.622
1,1981,502231.168
1,1982,502232.328
1,1983,502233.044
1,1984,502233.730
1,1985,502239.588
1,1986,502241.514
1,1987,502241.980
1,1988,502242.564
1,1989,502243.134
1,1990,502245.304
1,1991,502246.560
1,1992,502246.606
1,1993,502246.650
1,1994,502247.784
1,1995,502248.654
1,1996,502255.314
1,1997,502257.204
1,1998,502258.926
1,1999,502265.652
1,2000,502266.794
1,2001,502267.536
1,2002,502268.358
1,2003,502273.596
1,2004,502274.046
1,2005,502274.462
1,2006,502274.992
1,2007,502275.654
1,2008,502275.966
1,2009,502276.842
1,2010,502277.578
1,2011,502280.862
1,2012,502282.582
1,2013,502284.598
1,2014,502284.928
1,2015,502285.318
1,2016,502285.552
1,2017,502285.806
1,2018,502286.192
1,2019,502286.554
1,2020,502287.506
1,2021,502287.690
1,2022,502287.896
1,2023,502288.702
1,2024,502288.972
1,2025,502289.256
1,2026,502289.580
1,2027,502289.882
1,2028,502290.342
1,2029,502290.476
1,2030,502290.604
1,2031,502290.858
1,2032,502291.306
1,2033,502291.718
1,2034,502292.404
1,2035,502292.594
1,2036,502292.734
1,2037,502292.930
1,2038,502293.132
1,2039,502293.294
1,2040,502293.444
1,2041,502293.660
1,2042,502293.742
1,2043,502293.792
1,2044,502293.922
1,2045,502294.086
1,2046,502294.266
1,2047,502294.698
1,2048,502295.090
1,2049,502295.750
1,2050,502296.426
1,2051,502296.648
1,2052,502297.652
1,2053,502302.786
1,2054,502303.016
1,2055,502303.504
1,2056,502304.802
1,2057,502306.444
1,2058,502307.288
1,2059,502307.920
1,2060,502308.580
1,2061,502309.370
1,2062,502310.346
1,2063,502312.760
1,2064,502313.098
1,2065,502314.322
1,2066,502315.278
1,2067,502315.906
1,2068,502316.370
1,2069,502318.250
1,2070,502319.984
1,2071,502321.864
1,2072,502323.398
1,2073,502323.744
1,2074,502324.100
1,2075,502325.082
1,2076,502326.226
1,2077,502327.030
1,2078,502333.424
1,2079,502336.468
1,2080,502336.772
1,2081,502337.436
1,2082,502338.014
1,2083,502342.564
1,2084,502343.566
1,2085,502344.694
1,2086,502345.600
1,2087,502346.030
1,2088,502346.382
1,2089,502346.852
1,2090,502346.938
1,2091,502347.008
1,2092,502347.082
1,2093,502347.200
1,2094,502347.302
1,2095,502347.428
1,2096,502347.478
1,2097,502347.536
1,2098,502347.590
1,2099,502347.640
1,2100,502347.696
1,2101,502347.744
1,2102,502347.794
1,2103,502347.844
1,2104,502348.352
1,2105,502348.930
1,2106,502349.540
1,2107,502350.120
1,2108,502350.576
1,2109,502351.598
1,2110,502352.704
1,2111,502353.510
1,2112,502353.738
1,2113,502354.154
1,2114,502354.416
1,2115,502354.432
1,2116,502354.448
1,2117,502354.462
1,2118,502354.478
1,2119,502354.492
1,2120,502354.504
1,2121,502354.518
1,2122,502354.532
1,2123,502354.548
1,2124,502354.562
1,2125,502354.790
1,2126,502354.908
1,2127,502355.030
1,2128,502355.184
1,2129,502355.340
1,2130,502355.480
1,2131,502355.686
1,2132,502355.930
1,2133,502356.190
1,2134,502356.230
1,2135,502356.268
1,2136,502356.304
1,2137,502356.332
1,2138,502356.388
1,2139,502356.408
1,2140,502356.858
1,2141,502358.538
1,2142,502366.404
1,2143,502374.462
1,2144,502383.434
1,2145,502383.998
1,2146,502384.702
1,2147,502385.108
1,2148,502385.518
1,2149,502386.270
1,2150,502390.402
1,2151,502392.080
1,2152,502402.242
1,2153,502404.420
1,2154,502409.140
1,2155,502411.424
1,2156,502411.964
1,2157,502412.402
1,2158,502412.806
1,2159,502414.708
1,2160,502415.640
1,2161,502415.832
1,2162,502416.230
1,2163,502416.854
1,2164,502417.728
1,2165,502418.460
1,2166,502418.848
1,2167,502419.172
1,2168,502419.522
1,2169,502419.896
1,2170,502420.136
1,2171,502420.386
1,2172,502420.602
1,2173,502420.832
1,2174,502420.846
1,2175,502420.860
1,2176,502420.874
1,2177,502420.888
1,2178,502420.904
1,2179,502420.920
1,2180,502420.936
1,2181,502420.954
1,2182,502420.970
1,2183,502421.416
1,2184,502422.076
1,2185,502422.228
1,2186,502422.326
1,2187,502422.406
1,2188,502422.476
1,2189,502422.560
1,2190,502422.626
1,2191,502422.692
1,2192,502422.766
1,2193,502422.826
1,2194,502422.960
1,2195,502423.302
1,2196,502423.738
1,2197,502424.648
1,2198,502425.194
1,2199,502425.768
1,2200,502427.322
1,2201,502427.760
1,2202,502442.234
1,2203,502447.178
1,2204,502455.366
1,2205,502459.486
1,2206,502470.806
1,2207,502471.220
1,2208,502472.956
1,2209,502475.378
1,2210,502479.196
1,2211,502480.092
1,2212,502481.044
1,2213,502485.580
1,2214,502486.064
1,2215,502495.452
1,2216,502496.384
1,2217,502498.208
1,2218,502499.060
1,2219,502501.452
1,2220,502501.628
1,2221,502501.764
1,2222,502501.954
1,2223,502502.138
1,2224,502502.452
1,2225,502502.464
1,2226,502502.480
1,2227,502502.540
1,2228,502502.846
1,2229,502502.982
1,2230,502504.218
1,2231,502505.722
1,2232,502506.524
1,2233,502507.392
1,2234,502508.094
1,2235,502508.552
1,2236,502508.914
1,2237,502509.510
1,2238,502510.060
1,2239,502511.324
1,2240,502511.686
1,2241,502512.164
2,2242,502530.708
1,2243,502545.754
1,2244,502546.800
1,2245,502549.106
1,2246,502549.906
1,2247,502551.686
1,2248,502552.556
1,2249,502554.200
1,2250,502555.222
1,2251,502556.720
1,2252,502557.342
1,2253,502558.466
1,2254,502558.766
1,2255,502559.114
1,2256,502559.334
1,2257,502559.644
1,2258,502559.882
1,2259,502560.510
1,2260,502561.106
1,2261,502561.650
1,2262,502561.944
1,2263,502562.328
1,2264,502562.706
1,2265,502563.210
1,2266,502563.424
1,2267,502563.656
1,2268,502564.006
1,2269,502564.402
1,2270,502564.850
1,2271,502565.232
2,2272,502586.028
1,2273,502602.974
1,2274,502605.356
1,2275,502606.040
1,2276,502609.680
1,2277,502611.958
1,2278,502613.570
1,2279,502615.332
1,2280,502632.582
1,2281,502634.228
1,2282,502657.528
1,2283,502658.440
1,2284,502660.704
1,2285,502664.136
1,2286,502665.444
1,2287,502675.920
1,2288,502676.322
1,2289,502677.522
1,2290,502679.282
1,2291,502680.122
1,2292,502682.088
1,2293,502683.712
1,2294,502685.072
1,2295,502685.914
1,2296,502686.716
1,2297,502687.366
1,2298,502687.744
1,2299,502688.080
1,2300,502688.296
1,2301,502688.492
1,2302,502688.526
1,2303,502688.560
1,2304,502688.594
1,2305,502688.608
1,2306,502688.620
1,2307,502688.632
1,2308,502688.696
1,2309,502688.780
1,2310,502688.872
1,2311,502688.964
1,2312,502689.126
1,2313,502689.280
1,2314,502689.434
1,2315,502689.560
1,2316,502689.694
1,2317,502689.782
1,2318,502689.830
1,2319,502689.902
1,2320,502690.210
1,2321,502690.428
1,2322,502690.554
1,2323,502690.780
1,2324,502691.064
1,2325,502691.352
1,2326,502691.650
1,2327,502691.904
1,2328,502692.182
1,2329,502692.464
1,2330,502692.768
1,2331,502693.266
1,2332,502693.666
1,2333,502694.432
1,2334,502695.436
1,2335,502696.396
1,2336,502696.594
1,2337,502696.784
1,2338,502697.058
1,2339,502697.320
1,2340,502697.580
1,2341,502697.830
1,2342,502698.638
1,2343,502699.590
1,2344,502701.180
1,2345,502701.628
1,2346,502702.214
1,2347,502702.488
1,2348,502702.720
1,2349,502703.030
1,2350,502703.724
1,2351,502704.546
1,2352,502705.202
1,2353,502705.928
1,2354,502706.686
1,2355,502708.584
1,2356,502709.074
1,2357,502710.042
1,2358,502710.570
1,2359,502710.996
1,2360,502711.392
1,2361,502714.202
1,2362,502716.224
1,2363,502716.804
1,2364,502716.894
1,2365,502716.996
1,2366,502717.658
1,2367,502718.014
1,2368,502718.194
1,2369,502718.400
1,2370,502719.634
1,2371,502720.930
1,2372,502721.788
1,2373,502723.676
1,2374,502724.244
1,2375,502724.790
1,2376,502724.860
1,2377,502724.886
1,2378,502724.914
1,2379,502724.940
1,2380,502724.966
1,2381,502724.990
1,2382,502725.018
1,2383,502725.048
1,2384,502725.072
1,2385,502725.100
1,2386,502725.132
1,2387,502725.262
1,2388,502725.346
1,2389,502725.392
1,2390,502725.420
1,2391,502725.490
1,2392,502725.622
1,2393,502725.738
1,2394,502726.170
1,2395,502726.632
1,2396,502726.724
1,2397,502726.844
1,2398,502727.110
1,2399,502727.584
1,2400,502728.436
1,2401,502729.778
1,2402,502730.636
1,2403,502731.540
1,2404,502732.374
1,2405,502732.750
1,2406,502733.126
1,2407,502734.354
1,2408,502735.324
1,2409,502736.196
1,2410,502737.858
1,2411,502737.940
1,2412,502738.076
1,2413,502738.564
1,2414,502738.902
1,2415,502739.238
1,2416,502739.480
1,2417,502739.632
1,2418,502739.756
1,2419,502739.926
1,2420,502740.546
1,2421,502741.604
1,2422,502742.054
1,2423,502742.438
1,2424,502742.900
1,2425,502743.338
1,2426,502743.838
1,2427,502744.350
1,2428,502745.670
1,2429,502746.822
1,2430,502747.278
1,2431,502748.082
1,2432,502748.512
1,2433,502748.950
1,2434,502749.182
1,2435,502749.356
1,2436,502749.552
1,2437,502749.720
1,2438,502749.838
1,2439,502749.962
1,2440,502750.074
1,2441,502750.180
1,2442,502750.330
1,2443,502750.504
1,2444,502750.612
1,2445,502751.470
1,2446,502752.120
1,2447,502753.050
1,2448,502753.786
1,2449,502753.802
1,2450,502753.832
1,2451,502754.340
1,2452,502754.736
1,2453,502755.050
1,2454,502755.386
1,2455,502755.748
1,2456,502756.102
1,2457,502756.206
1,2458,502756.306
1,2459,502756.382
1,2460,502756.452
1,2461,502756.544
1,2462,502756.626
1,2463,502756.670
1,2464,502756.708
1,2465,502756.748
1,2466,502756.782
1,2467,502756.818
1,2468,502756.866
1,2469,502756.910
1,2470,502756.960
1,2471,502756.996
1,2472,502757.050
1,2473,502757.086
1,2474,502757.104
1,2475,502757.124
1,2476,502757.142
1,2477,502757.180
1,2478,502757.212
1,2479,502757.244
1,2480,502757.276
1,2481,502757.306
1,2482,502757.336
1,2483,502757.368
1,2484,502757.398
1,2485,502757.424
1,2486,502757.440
1,2487,502757.454
1,2488,502757.476
1,2489,502757.502
1,2490,502757.522
1,2491,502757.540
1,2492,502757.560
1,2493,502757.578
1,2494,502757.598
1,2495,502757.622
1,2496,502757.640
1,2497,502757.658
1,2498,502757.678
1,2499,502757.694
1,2500,502757.716
1,2501,502757.738
1,2502,502757.758
1,2503,502757.778
1,2504,502757.796
1,2505,502757.824
1,2506,502757.848
1,2507,502757.864
1,2508,502757.882
1,2509,502757.904
1,2510,502757.926
1,2511,502757.962
1,2512,502757.996
1,2513,502758.012
1,2514,502758.028
1,2515,502758.062
1,2516,502758.098
1,2517,502758.136
1,2518,502758.176
1,2519,502758.198
1,2520,502758.224
1,2521,502758.244
1,2522,502758.266
1,2523,502758.290
1,2524,502758.310
1,2525,502758.326
1,2526,502758.344
1,2527,502758.360
1,2528,502758.378
1,2529,502758.396
1,2530,502758.412
1,2531,502758.428
1,2532,502758.444
1,2533,502758.458
1,2534,502758.474
1,2535,502758.492
1,2536,502758.510
1,2537,502758.526
1,2538,502758.546
1,2539,502758.564
1,2540,502758.582
1,2541,502758.602
1,2542,502758.620
1,2543,502758.640
1,2544,502758.658
1,2545,502758.680
1,2546,502758.700
1,2547,502758.720
1,2548,502758.740
1,2549,502758.758
1,2550,502758.776
1,2551,502758.794
1,2552,502758.814
1,2553,502758.836
1,2554,502758.858
1,2555,502758.876
1,2556,502758.894
1,2557,502758.910
1,2558,502758.930
1,2559,502758.948
1,2560,502758.966
1,2561,502758.988
1,2562,502759.014
1,2563,502759.044
1,2564,502759.068
1,2565,502759.094
1,2566,502759.118
1,2567,502759.146
1,2568,502759.170
1,2569,502759.192
1,2570,502759.216
1,2571,502759.244
1,2572,502759.270
1,2573,502759.294
1,2574,502759.320
1,2575,502759.342
1,2576,502759.368
1,2577,502759.394
1,2578,502759.416
1,2579,502759.436
1,2580,502759.460
1,2581,502759.484
1,2582,502759.514
1,2583,502759.542
1,2584,502759.564
1,2585,502759.588
1,2586,502759.612
1,2587,502759.634
1,2588,502759.656
1,2589,502759.676
1,2590,502759.698
1,2591,502759.720
1,2592,502759.744
1,2593,502759.770
1,2594,502759.794
1,2595,502759.820
1,2596,502759.842
1,2597,502759.864
1,2598,502759.886
1,2599,502759.916
1,2600,502759.950
1,2601,502759.980
1,2602,502760.020
1,2603,502760.062
1,2604,502760.106
1,2605,502760.160
1,2606,502760.206
1,2607,502760.256
1,2608,502760.312
1,2609,502760.376
1,2610,502760.430
1,2611,502760.490
1,2612,502760.550
1,2613,502760.606
1,2614,502760.666
1,2615,502760.730
1,2616,502760.792
1,2617,502760.856
1,2618,502760.924
1,2619,502760.998
1,2620,502761.064
1,2621,502761.140
1,2622,502761.228
1,2623,502761.314
1,2624,502761.432
1,2625,502763.336
1,2626,502763.810
1,2627,502764.632
1,2628,502767.564
1,2629,502768.338
1,2630,502769.062
1,2631,502771.516
1,2632,502773.102
1,2633,502773.466
1,2634,502774.548
1,2635,502774.818
1,2636,502775.000
1,2637,502775.696
1,2638,502775.978
1,2639,502776.270
1,2640,502776.604
1,2641,502776.942
1,2642,502777.528
1,2643,502777.760
1,2644,502778.214
1,2645,502778.402
1,2646,502778.900
1,2647,502779.400
1,2648,502780.512
1,2649,502781.492
1,2650,502782.282
1,2651,502783.650
1,2652,502787.260
1,2653,502788.302
1,2654,502789.072
1,2655,502789.494
1,2656,502790.108
1,2657,502790.878
1,2658,502791.550
1,2659,502792.508
1,2660,502794.302
1,2661,502796.446
1,2662,502797.560
1,2663,502797.980
1,2664,502798.282
1,2665,502798.680
1,2666,502799.638
1,2667,502800.718
1,2668,502801.094
1,2669,502801.412
1,2670,502801.988
1,2671,502805.272
1,2672,502805.568
1,2673,502805.710
1,2674,502806.242
1,2675,502806.796
1,2676,502807.890
1,2677,502808.648
1,2678,502809.182
1,2679,502809.450
1,2680,502809.526
1,2681,502809.544
1,2682,502809.778
1,2683,502809.976
1,2684,502810.356
1,2685,502810.768
1,2686,502810.914
1,2687,502811.048
1,2688,502811.416
1,2689,502811.870
1,2690,502812.384
1,2691,502812.768
1,2692,502813.174
1,2693,502813.270
1,2694,502813.814
1,2695,502814.706
1,2696,502815.166
1,2697,502815.726
1,2698,502816.110
1,2699,502816.932
1,2700,502817.450
1,2701,502818.240
1,2702,502819.148
1,2703,502819.754
1,2704,502821.330
1,2705,502821.530
1,2706,502821.830
1,2707,502822.278
1,2708,502822.910
1,2709,502825.110
1,2710,502826.354
1,2711,502827.706
1,2712,502828.312
1,2713,502829.388
1,2714,502829.614
1,2715,502830.136
1,2716,502830.680
1,2717,502831.220
1,2718,502832.266
1,2719,502834.150
1,2720,502835.104
1,2721,502835.626
1,2722,502836.214
1,2723,502836.784
1,2724,502838.850
1,2725,502840.272
1,2726,502841.306
1,2727,502844.444
1,2728,502847.540
2,2729,502875.014
1,2730,502884.256
2,2731,502890.290
2,2732,502893.484
1,2733,502910.166
1,2734,502912.576
1,2735,502914.108
1,2736,502914.948
1,2737,502915.522
1,2738,502918.832
1,2739,502920.540
1,2740,502922.920
1,2741,502926.506
1,2742,502926.768
1,2743,502927.038
1,2744,502927.220
1,2745,502927.678
1,2746,502927.770
1,2747,502931.080
1,2748,502932.996
1,2749,502966.750
1,2750,502970.802
1,2751,502971.828
1,2752,502974.344
1,2753,502978.558
1,2754,502992.942
1,2755,502995.064
1,2756,502995.676
1,2757,502995.938
1,2758,502998.600
1,2759,503002.372
1,2760,503003.106
1,2761,503004.970
1,2762,503005.460
1,2763,503005.484
1,2764,503005.508
1,2765,503005.528
1,2766,503005.938
1,2767,503006.066
1,2768,503006.106
1,2769,503006.146
1,2770,503006.212
1,2771,503006.272
1,2772,503006.280
1,2773,503006.290
1,2774,503006.360
1,2775,503006.428
1,2776,503006.500
1,2777,503010.652
1,2778,503029.472
1,2779,503034.442
1,2780,503036.518
1,2781,503037.714
1,2782,503042.344
1,2783,503044.624
1,2784,503049.106
1,2785,503056.744
1,2786,503058.616
1,2787,503059.084
1,2788,503060.650
1,2789,503061.746
1,2790,503062.918
1,2791,503064.108
1,2792,503065.014
1,2793,503065.778
1,2794,503066.588
1,2795,503077.056
1,2796,503079.132
1,2797,503079.876
1,2798,503080.194
1,2799,503080.572
1,2800,503081.330
1,2801,503082.636
1,2802,503082.968
1,2803,503084.386
1,2804,503097.486
1,2805,503098.328
1,2806,503098.860
1,2807,503099.488
1,2808,503100.006
1,2809,503100.344
1,2810,503101.026
1,2811,503101.600
1,2812,503101.800
1,2813,503102.060
1,2814,503102.198
1,2815,503102.324
1,2816,503102.420
1,2817,503102.550
1,2818,503102.688
1,2819,503102.920
1,2820,503103.540
1,2821,503103.806
1,2822,503103.928
1,2823,503104.078
1,2824,503104.196
1,2825,503104.272
1,2826,503104.672
1,2827,503105.084
1,2828,503105.528
1,2829,503106.122
1,2830,503107.980
1,2831,503108.576
1,2832,503108.912
1,2833,503109.072
1,2834,503109.300
1,2835,503109.726
1,2836,503110.598
1,2837,503111.416
1,2838,503112.112
1,2839,503114.024
1,2840,503114.790
1,2841,503114.956
1,2842,503115.094
1,2843,503115.328
1,2844,503115.554
1,2845,503120.550
1,2846,503127.724
1,2847,503129.948
1,2848,503133.870
1,2849,503137.768
1,2850,503139.324
1,2851,503139.774
1,2852,503140.494
1,2853,503141.648
1,2854,503142.188
1,2855,503146.090
1,2856,503146.516
1,2857,503146.818
1,2858,503154.492
1,2859,503156.602
1,2860,503157.328
1,2861,503158.396
1,2862,503160.108
1,2863,503162.258
1,2864,503168.470
1,2865,503172.278
1,2866,503177.762
1,2867,503177.966
1,2868,503181.544
1,2869,503184.772
1,2870,503185.232
1,2871,503189.228
1,2872,503189.580
1,2873,503190.184
1,2874,503190.640
1,2875,503195.702
1,2876,503196.064
1,2877,503198.222
1,2878,503199.660
1,2879,503201.744
1,2880,503209.184
1,2881,503211.344
1,2882,503214.640
1,2883,503216.662
1,2884,503217.126
1,2885,503217.586
1,2886,503218.188
1,2887,503218.650
1,2888,503219.372
1,2889,503219.870
1,2890,503220.792
1,2891,503221.178
1,2892,503221.864
1,2893,503222.312
1,2894,503222.492
1,2895,503222.830
1,2896,503223.144
1,2897,503223.558
1,2898,503224.332
1,2899,503225.206
1,2900,503226.330
1,2901,503227.476
1,2902,503229.884
1,2903,503230.626
1,2904,503231.632
1,2905,503233.592
1,2906,503234.496
1,2907,503235.340
1,2908,503235.706
1,2909,503236.424
1,2910,503236.738
1,2911,503237.012
1,2912,503238.292
1,2913,503238.544
1,2914,503239.092
1,2915,503239.322
1,2916,503239.766
1,2917,503239.928
1,2918,503240.054
1,2919,503240.586
1,2920,503240.978
1,2921,503242.776
1,2922,503243.984
1,2923,503245.172
1,2924,503245.900
1,2925,503245.916
1,2926,503245.930
1,2927,503245.950
1,2928,503245.972
1,2929,503245.990
1,2930,503246.006
1,2931,503246.566
1,2932,503248.396
1,2933,503249.630
1,2934,503251.590
1,2935,503252.308
1,2936,503253.746
1,2937,503254.140
1,2938,503254.662
1,2939,503255.658
1,2940,503257.618
1,2941,503259.292
1,2942,503260.010
1,2943,503261.496
1,2944,503264.100
1,2945,503267.576
1,2946,503270.016
1,2947,503272.210
1,2948,503274.154
1,2949,503274.668
1,2950,503275.196
1,2951,503275.360
1,2952,503275.538
1,2953,503276.412
1,2954,503277.312
1,2955,503280.328
1,2956,503281.230
1,2957,503283.544
1,2958,503285.080
1,2959,503287.444
1,2960,503289.038
1,2961,503307.484
1,2962,503311.130
1,2963,503323.736
1,2964,503325.936
1,2965,503327.346
1,2966,503328.220
1,2967,503328.740
1,2968,503328.942
1,2969,503330.846
1,2970,503333.672
1,2971,503336.402
1,2972,503336.932
1,2973,503337.940
1,2974,503338.324
1,2975,503338.646
1,2976,503339.084
1,2977,503339.440
1,2978,503339.842
1,2979,503340.432
1,2980,503340.706
1,2981,503341.002
1,2982,503341.900
1,2983,503342.290
1,2984,503342.668
1,2985,503343.900
1,2986,503344.218
1,2987,503344.560
1,2988,503347.230
1,2989,503347.604
1,2990,503347.938
1,2991,503348.278
1,2992,503348.710
1,2993,503349.086
1,2994,503349.792
1,2995,503350.070
1,2996,503350.486
1,2997,503350.822
1,2998,503351.224
1,2999,503351.378
1,3000,503351.454
1,3001,503351.648
1,3002,503351.660
1,3003,503351.674
1,3004,503351.688
1,3005,503351.700
1,3006,503351.712
1,3007,503351.724
1,3008,503351.776
1,3009,503351.848
1,3010,503351.950
1,3011,503352.076
1,3012,503354.052
1,3013,503354.958
1,3014,503355.252
1,3015,503356.494
1,3016,503358.748
1,3017,503359.392
1,3018,503360.170
1,3019,503361.118
1,3020,503361.680
1,3021,503362.392
1,3022,503364.414
1,3023,503365.844
1,3024,503367.124
1,3025,503367.144
1,3026,503367.162
1,3027,503367.800
1,3028,503370.398
1,3029,503371.492
1,3030,503372.516
1,3031,503373.298
1,3032,503373.854
1,3033,503374.594
1,3034,503378.082
1,3035,503378.942
1,3036,503381.826
1,3037,503382.474
1,3038,503382.972
1,3039,503383.434
1,3040,503384.514
1,3041,503384.714
1,3042,503384.952
1,3043,503385.134
1,3044,503385.278
1,3045,503385.446
1,3046,503385.688
1,3047,503387.092
1,3048,503387.550
1,3049,503387.960
1,3050,503388.330
1,3051,503388.518
1,3052,503388.762
1,3053,503388.874
1,3054,503389.122
1,3055,503389.334
1,3056,503389.438
1,3057,503389.534
1,3058,503389.626
1,3059,503389.726
1,3060,503389.826
1,3061,503389.928
1,3062,503390.002
1,3063,503390.074
1,3064,503390.168
1,3065,503390.234
1,3066,503390.346
1,3067,503390.414
1,3068,503390.490
1,3069,503390.626
1,3070,503390.740
1,3071,503390.836
1,3072,503390.954
1,3073,503391.066
1,3074,503391.172
1,3075,503391.276
1,3076,503391.368
1,3077,503391.472
1,3078,503391.598
1,3079,503391.752
1,3080,503391.880
1,3081,503391.998
1,3082,503392.080
1,3083,503392.162
1,3084,503392.316
1,3085,503392.446
1,3086,503392.532
1,3087,503392.566
1,3088,503392.602
1,3089,503392.692
1,3090,503392.742
1,3091,503392.792
1,3092,503392.838
1,3093,503392.880
1,3094,503392.916
1,3095,503392.952
1,3096,503392.990
1,3097,503393.136
1,3098,503393.258
1,3099,503393.486
1,3100,503394.140
1,3101,503394.356
1,3102,503395.262
1,3103,503395.374
1,3104,503395.448
1,3105,503395.548
1,3106,503395.680
1,3107,503395.782
1,3108,503395.890
1,3109,503396.376
1,3110,503397.398
1,3111,503399.658
1,3112,503400.712
1,3113,503400.736
1,3114,503400.762
1,3115,503400.794
1,3116,503400.828
1,3117,503400.848
1,3118,503400.866
1,3119,503400.886
1,3120,503400.908
1,3121,503400.930
1,3122,503400.956
1,3123,503400.982
1,3124,503401.008
1,3125,503401.034
1,3126,503401.058
1,3127,503401.082
1,3128,503401.106
1,3129,503401.136
1,3130,503401.170
1,3131,503401.204
1,3132,503401.234
1,3133,503401.322
1,3134,503401.410
1,3135,503401.514
1,3136,503401.578
1,3137,503401.658
1,3138,503401.712
1,3139,503401.772
1,3140,503401.824
1,3141,503401.834
1,3142,503401.846
1,3143,503401.858
1,3144,503401.868
1,3145,503401.878
1,3146,503401.888
1,3147,503401.896
1,3148,503401.902
1,3149,503401.910
1,3150,503401.918
1,3151,503401.924
1,3152,503401.930
1,3153,503401.938
1,3154,503401.946
1,3155,503401.954
1,3156,503401.962
1,3157,503402.010
1,3158,503402.062
1,3159,503402.110
1,3160,503402.226
1,3161,503402.252
1,3162,503402.284
1,3163,503402.318
1,3164,503402.352
1,3165,503402.384
1,3166,503402.416
1,3167,503402.438
1,3168,503402.474
1,3169,503402.518
1,3170,503402.554
1,3171,503402.584
1,3172,503402.620
1,3173,503402.646
1,3174,503402.670
1,3175,503402.688
1,3176,503403.132
1,3177,503403.256
1,3178,503403.338
1,3179,503403.670
1,3180,503403.878
1,3181,503404.110
1,3182,503405.246
1,3183,503405.802
1,3184,503406.424
1,3185,503407.654
1,3186,503408.410
1,3187,503408.426
1,3188,503408.756
1,3189,503413.838
1,3190,503414.156
1,3191,503414.596
1,3192,503415.068
1,3193,503416.408
1,3194,503417.418
1,3195,503419.406
1,3196,503421.132
1,3197,503424.100
1,3198,503425.004
1,3199,503431.506
1,3200,503433.052
1,3201,503434.984
1,3202,503436.742
1,3203,503437.598
1,3204,503438.730
1,3205,503439.192
1,3206,503440.008
1,3207,503440.738
1,3208,503440.774
1,3209,503440.806
1,3210,503441.006
1,3211,503441.484
1,3212,503444.680
1,3213,503445.448
1,3214,503446.490
1,3215,503448.132
1,3216,503463.832
1,3217,503465.888
1,3218,503467.220
1,3219,503469.246
1,3220,503469.324
1,3221,503469.408
1,3222,503469.482
1,3223,503469.556
1,3224,503471.426
1,3225,503471.840
1,3226,503473.046
1,3227,503477.250
1,3228,503480.538
1,3229,503481.370
1,3230,503481.996
1,3231,503483.456
1,3232,503485.316
1,3233,503490.930
1,3234,503493.470
1,3235,503494.996
1,3236,503505.096
1,3237,503506.460
1,3238,503507.348
1,3239,503507.836
1,3240,503508.616
1,3241,503509.532
1,3242,503510.842
1,3243,503511.276
1,3244,503511.840
1,3245,503512.340
1,3246,503518.450
1,3247,503519.428
1,3248,503520.278
1,3249,503522.360
1,3250,503523.152
1,3251,503524.280
1,3252,503525.116
1,3253,503527.416
1,3254,503529.038
1,3255,503529.798
1,3256,503530.150
1,3257,503530.534
1,3258,503532.364
1,3259,503534.200
1,3260,503534.654
1,3261,503535.176
1,3262,503536.362
1,3263,503537.374
1,3264,503539.148
1,3265,503540.042
1,3266,503540.252
1,3267,503540.530
1,3268,503540.538
1,3269,503540.548
1,3270,503541.198
1,3271,503541.580
1,3272,503541.742
1,3273,503541.974
1,3274,503542.018
1,3275,503542.062
1,3276,503542.106
1,3277,503542.126
1,3278,503542.148
1,3279,503542.168
1,3280,503542.190
1,3281,503542.210
1,3282,503542.232
1,3283,503542.256
1,3284,503542.466
1,3285,503542.784
1,3286,503542.986
1,3287,503543.210
1,3288,503543.382
1,3289,503543.534
1,3290,503543.636
1,3291,503543.740
1,3292,503543.844
1,3293,503543.942
1,3294,503544.022
1,3295,503544.114
1,3296,503544.204
1,3297,503544.302
1,3298,503544.344
1,3299,503544.388
1,3300,503544.424
1,3301,503544.432
1,3302,503544.444
1,3303,503544.458
1,3304,503544.474
1,3305,503544.488
1,3306,503544.504
1,3307,503544.520
1,3308,503544.536
1,3309,503544.556
1,3310,503544.574
1,3311,503544.620
1,3312,503544.722
1,3313,503544.800
1,3314,503545.006
1,3315,503545.200
1,3316,503545.580
1,3317,503546.090
1,3318,503546.666
1,3319,503547.366
1,3320,503548.158
1,3321,503551.236
1,3322,503553.236
1,3323,503553.902
1,3324,503554.534
1,3325,503555.562
1,3326,503557.802
1,3327,503557.820
1,3328,503557.842
1,3329,503557.864
1,3330,503557.882
1,3331,503557.896
1,3332,503557.914
1,3333,503557.934
1,3334,503557.984
1,3335,503558.032
1,3336,503559.046
1,3337,503560.222
1,3338,503560.774
1,3339,503560.790
1,3340,503560.808
1,3341,503560.930
1,3342,503561.852
1,3343,503562.468
1,3344,503562.650
1,3345,503562.848
1,3346,503563.046
1,3347,503563.312
1,3348,503563.836
1,3349,503564.006
1,3350,503564.236
1,3351,503564.542
1,3352,503565.076
1,3353,503565.254
1,3354,503566.746
1,3355,503567.346
1,3356,503567.882
1,3357,503568.246
1,3358,503568.570
1,3359,503568.954
1,3360,503569.416
1,3361,503569.432
1,3362,503569.446
1,3363,503569.882
1,3364,503570.288
1,3365,503571.006
1,3366,503571.470
1,3367,503572.090
1,3368,503572.510
1,3369,503572.872
1,3370,503574.078
1,3371,503574.750
1,3372,503574.846
1,3373,503574.936
1,3374,503575.008
1,3375,503575.680
1,3376,503575.710
1,3377,503575.738
1,3378,503575.756
1,3379,503575.772
1,3380,503575.786
1,3381,503575.802
1,3382,503575.816
1,3383,503575.834
1,3384,503575.854
1,3385,503575.874
1,3386,503575.892
1,3387,503575.912
1,3388,503575.942
1,3389,503575.974
1,3390,503576.018
1,3391,503576.058
1,3392,503576.438
1,3393,503576.536
1,3394,503577.200
1,3395,503577.580
1,3396,503577.920
1,3397,503578.708
1,3398,503579.778
1,3399,503580.610
1,3400,503583.524
1,3401,503583.554
1,3402,503583.580
1,3403,503583.604
1,3404,503583.624
1,3405,503583.642
1,3406,503583.658
1,3407,503583.776
1,3408,503583.858
1,3409,503584.868
1,3410,503585.776
1,3411,503588.424
1,3412,503589.578
1,3413,503590.700
1,3414,503591.552
1,3415,503592.212
1,3416,503592.966
1,3417,503593.364
1,3418,503593.582
1,3419,503593.698
1,3420,503593.814
1,3421,503594.000
1,3422,503594.086
1,3423,503594.184
1,3424,503594.302
1,3425,503594.432
1,3426,503595.868
1,3427,503596.048
1,3428,503596.222
1,3429,503596.386
1,3430,503596.576
1,3431,503596.788
1,3432,503597.092
1,3433,503597.242
1,3434,503598.210
1,3435,503598.912
1,3436,503599.592
1,3437,503600.178
1,3438,503600.400
1,3439,503600.600
1,3440,503601.096
1,3441,503602.810
1,3442,503603.664
1,3443,503604.264
1,3444,503605.038
1,3445,503605.500
1,3446,503606.014
1,3447,503606.762
1,3448,503607.578
1,3449,503608.362
1,3450,503609.124
1,3451,503610.206
1,3452,503611.442
1,3453,503612.760
1,3454,503618.092
1,3455,503618.710
1,3456,503619.294
1,3457,503620.354
1,3458,503621.054
1,3459,503621.610
1,3460,503622.892
1,3461,503623.772
1,3462,503624.330
1,3463,503624.750
1,3464,503625.188
1,3465,503625.498
1,3466,503625.634
1,3467,503625.798
1,3468,503625.906
1,3469,503626.010
1,3470,503626.112
1,3471,503626.234
1,3472,503626.236
1,3473,503626.240
1,3474,503626.246
1,3475,503626.250
1,3476,503626.256
1,3477,503626.260
1,3478,503626.266
1,3479,503626.272
1,3480,503626.278
1,3481,503626.282
1,3482,503626.286
1,3483,503626.292
1,3484,503626.406
1,3485,503627.168
1,3486,503630.152
1,3487,503630.852
1,3488,503632.138
1,3489,503633.016
1,3490,503635.688
1,3491,503637.962
1,3492,503666.852
1,3493,503667.696
1,3494,503668.530
1,3495,503669.866
1,3496,503671.932
1,3497,503673.140
1,3498,503674.266
1,3499,503674.712
1,3500,503675.034
1,3501,503675.104
1,3502,503675.222
1,3503,503678.318
1,3504,503679.758
1,3505,503680.892
1,3506,503686.058
1,3507,503687.002
1,3508,503688.666
1,3509,503691.610
1,3510,503691.890
1,3511,503693.034
1,3512,503694.470
1,3513,503695.752
1,3514,503696.168
1,3515,503696.730
1,3516,503697.794
1,3517,503697.934
1,3518,503698.156
1,3519,503698.374
1,3520,503698.438
1,3521,503698.508
1,3522,503698.566
1,3523,503698.604
1,3524,503698.652
1,3525,503698.700
1,3526,503698.744
1,3527,503698.780
1,3528,503698.828
1,3529,503698.884
1,3530,503698.936
1,3531,503698.990
1,3532,503699.036
1,3533,503699.080
1,3534,503699.132
1,3535,503699.182
1,3536,503699.208
1,3537,503699.234
1,3538,503699.286
1,3539,503699.340
1,3540,503699.372
1,3541,503699.400
1,3542,503699.452
1,3543,503699.506
1,3544,503701.478
1,3545,503701.836
1,3546,503702.366
1,3547,503703.088
1,3548,503703.652
1,3549,503704.538
1,3550,503704.936
1,3551,503705.178
1,3552,503705.534
1,3553,503705.900
1,3554,503706.328
1,3555,503706.894
1,3556,503707.376
1,3557,503707.852
1,3558,503708.356
1,3559,503708.744
1,3560,503708.998
1,3561,503709.854
1,3562,503710.760
1,3563,503711.792
1,3564,503712.816
1,3565,503714.366
1,3566,503715.006
1,3567,503715.818
1,3568,503715.874
1,3569,503715.938
1,3570,503716.510
1,3571,503717.038
1,3572,503717.428
1,3573,503718.172
1,3574,503718.468
1,3575,503718.820
1,3576,503719.090
1,3577,503720.686
1,3578,503722.812
1,3579,503723.058
1,3580,503723.258
1,3581,503723.472
1,3582,503723.712
1,3583,503723.968
1,3584,503724.062
1,3585,503724.182
1,3586,503724.292
1,3587,503724.420
1,3588,503724.666
1,3589,503724.758
1,3590,503724.870
1,3591,503724.966
1,3592,503725.038
1,3593,503725.258
1,3594,503725.496
1,3595,503726.464
1,3596,503726.748
1,3597,503727.382
1,3598,503727.664
1,3599,503728.056
1,3600,503728.586
1,3601,503728.792
1,3602,503729.162
1,3603,503730.106
1,3604,503731.668
1,3605,503732.040
1,3606,503732.592
1,3607,503733.198
1,3608,503733.828
1,3609,503734.908
1,3610,503738.488
1,3611,503740.680
1,3612,503741.816
1,3613,503742.612
1,3614,503743.190
1,3615,503743.456
1,3616,503743.654
1,3617,503745.450
1,3618,503746.576
1,3619,503746.990
1,3620,503747.170
1,3621,503748.834
1,3622,503750.010
1,3623,503750.222
1,3624,503754.966
1,3625,503757.096
1,3626,503759.356
1,3627,503760.560
1,3628,503764.186
1,3629,503766.860
1,3630,503773.758
1,3631,503774.926
1,3632,503775.706
1,3633,503776.272
1,3634,503776.960
1,3635,503776.974
1,3636,503776.988
1,3637,503777.746
1,3638,503778.630
1,3639,503780.240
1,3640,503781.606
1,3641,503782.076
1,3642,503782.786
1,3643,503784.026
1,3644,503784.774
1,3645,503785.486
1,3646,503786.466
1,3647,503787.174
1,3648,503789.676
1,3649,503791.010
1,3650,503791.990
1,3651,503792.706
1,3652,503793.404
1,3653,503793.540
1,3654,503793.646
1,3655,503793.710
1,3656,503793.786
1,3657,503793.868
1,3658,503793.954
1,3659,503794.086
1,3660,503794.122
1,3661,503794.158
1,3662,503794.194
1,3663,503794.230
1,3664,503794.264
1,3665,503794.304
1,3666,503794.342
1,3667,503794.382
1,3668,503794.428
1,3669,503794.470
1,3670,503794.592
1,3671,503794.694
1,3672,503794.798
1,3673,503794.916
1,3674,503795.096
1,3675,503795.148
1,3676,503796.144
1,3677,503796.774
1,3678,503796.966
1,3679,503797.390
1,3680,503798.230
1,3681,503798.670
1,3682,503799.204
1,3683,503799.938
1,3684,503800.542
1,3685,503802.906
1,3686,503803.986
1,3687,503804.660
1,3688,503805.614
1,3689,503809.478
1,3690,503811.770
1,3691,503812.028
1,3692,503812.918
1,3693,503813.460
1,3694,503813.912
1,3695,503814.682
1,3696,503816.506
1,3697,503817.124
1,3698,503817.390
1,3699,503817.644
1,3700,503817.792
1,3701,503818.322
1,3702,503818.506
1,3703,503818.594
1,3704,503819.520
1,3705,503819.586
1,3706,503819.654
1,3707,503819.718
1,3708,503819.780
1,3709,503819.840
1,3710,503819.904
1,3711,503819.972
1,3712,503820.036
1,3713,503820.108
1,3714,503820.180
1,3715,503820.246
1,3716,503820.334
1,3717,503820.398
1,3718,503820.500
1,3719,503820.652
1,3720,503820.724
1,3721,503820.792
1,3722,503820.810
1,3723,503820.826
1,3724,503820.838
1,3725,503820.850
1,3726,503820.860
1,3727,503820.872
1,3728,503820.886
1,3729,503820.902
1,3730,503820.914
1,3731,503820.926
1,3732,503820.938
1,3733,503821.110
1,3734,503821.454
1,3735,503821.984
1,3736,503822.318
1,3737,503825.036
1,3738,503826.538
1,3739,503827.490
1,3740,503828.972
1,3741,503829.000
1,3742,503829.030
1,3743,503829.052
1,3744,503829.058
1,3745,503829.064
1,3746,503829.070
1,3747,503829.076
1,3748,503829.082
1,3749,503829.088
1,3750,503829.110
1,3751,503829.120
1,3752,503829.130
1,3753,503829.154
1,3754,503829.168
1,3755,503829.182
1,3756,503829.192
1,3757,503829.202
1,3758,503829.226
1,3759,503829.250
1,3760,503829.274
1,3761,503829.282
1,3762,503829.290
1,3763,503829.312
1,3764,503829.332
1,3765,503829.352
1,3766,503829.374
1,3767,503829.384
1,3768,503829.392
1,3769,503829.398
1,3770,503829.404
1,3771,503829.410
1,3772,503829.416
1,3773,503829.422
1,3774,503829.428
1,3775,503829.434
1,3776,503829.438
1,3777,503829.444
1,3778,503829.448
1,3779,503829.460
1,3780,503829.466
1,3781,503829.476
1,3782,503829.488
1,3783,503829.500
1,3784,503829.520
1,3785,503829.544
1,3786,503829.562
1,3787,503829.580
1,3788,503829.606
1,3789,503829.630
1,3790,503829.654
1,3791,503829.676
1,3792,503829.700
1,3793,503829.728
1,3794,503829.752
1,3795,503829.778
1,3796,503829.802
1,3797,503829.824
1,3798,503829.842
1,3799,503829.860
1,3800,503829.876
1,3801,503829.894
1,3802,503829.912
1,3803,503829.930
1,3804,503829.952
1,3805,503829.970
1,3806,503829.990
1,3807,503830.006
1,3808,503830.022
1,3809,503830.038
1,3810,503830.054
1,3811,503830.070
1,3812,503830.084
1,3813,503830.098
1,3814,503830.110
1,3815,503830.118
1,3816,503830.126
1,3817,503830.136
1,3818,503830.150
1,3819,503830.158
1,3820,503830.168
1,3821,503830.178
1,3822,503831.780
1,3823,503832.352
1,3824,503833.708
1,3825,503834.274
1,3826,503834.798
1,3827,503835.260
1,3828,503835.700
1,3829,503836.918
1,3830,503838.870
1,3831,503839.592
1,3832,503841.092
1,3833,503841.864
1,3834,503842.014
1,3835,503842.950
1,3836,503843.314
1,3837,503843.654
1,3838,503844.026
1,3839,503844.238
1,3840,503844.522
1,3841,503844.876
1,3842,503847.390
1,3843,503848.120
1,3844,503848.386
1,3845,503848.624
1,3846,503849.112
1,3847,503849.522
1,3848,503849.882
1,3849,503850.418
1,3850,503850.798
1,3851,503851.286
1,3852,503851.784
1,3853,503852.356
1,3854,503853.206
1,3855,503853.982
1,3856,503854.526
1,3857,503855.414
1,3858,503856.006
1,3859,503856.418
1,3860,503857.410
1,3861,503858.160
1,3862,503858.848
1,3863,503858.912
1,3864,503859.946
1,3865,503860.792
1,3866,503862.908
1,3867,503863.324
1,3868,503863.574
1,3869,503863.882
1,3870,503864.268
1,3871,503864.828
1,3872,503866.070
1,3873,503866.090
1,3874,503866.112
1,3875,503866.128
1,3876,503866.142
1,3877,503866.158
1,3878,503866.174
1,3879,503866.186
1,3880,503866.198
1,3881,503866.210
1,3882,503866.222
1,3883,503866.234
1,3884,503866.246
1,3885,503866.256
1,3886,503866.266
1,3887,503866.276
1,3888,503866.290
1,3889,503866.302
1,3890,503866.394
1,3891,503866.496
1,3892,503866.594
1,3893,503866.690
1,3894,503866.928
1,3895,503867.270
1,3896,503867.992
1,3897,503869.564
1,3898,503871.106
1,3899,503871.262
1,3900,503871.558
1,3901,503871.598
1,3902,503871.650
1,3903,503871.962
1,3904,503872.136
1,3905,503872.912
1,3906,503872.926
1,3907,503873.418
1,3908,503873.680
1,3909,503874.160
1,3910,503875.634
1,3911,503876.238
1,3912,503876.506
1,3913,503876.648
1,3914,503876.794
1,3915,503876.968
1,3916,503877.174
1,3917,503877.462
1,3918,503877.702
1,3919,503877.986
1,3920,503878.130
1,3921,503878.378
1,3922,503878.512
1,3923,503878.588
1,3924,503878.694
1,3925,503878.756
1,3926,503878.838
1,3927,503880.816
1,3928,503886.172
1,3929,503890.668
1,3930,503891.166
1,3931,503891.858
1,3932,503893.646
1,3933,503894.772
1,3934,503895.360
1,3935,503895.650
1,3936,503895.868
1,3937,503896.102
1,3938,503896.294
1,3939,503896.494
1,3940,503896.902
1,3941,503897.056
1,3942,503897.278
1,3943,503897.456
1,3944,503897.656
1,3945,503897.940
1,3946,503898.116
1,3947,503898.542
1,3948,503898.990
1,3949,503899.368
1,3950,503899.918
1,3951,503900.550
1,3952,503900.844
1,3953,503901.338
1,3954,503901.966
1,3955,503902.580
1,3956,503903.450
1,3957,503904.438
1,3958,503905.946
1,3959,503918.962
1,3960,503923.008
1,3961,503924.232
1,3962,503924.240
1,3963,503924.246
1,3964,503924.248
1,3965,503924.250
1,3966,503924.252
1,3967,503924.254
1,3968,503928.438
1,3969,503928.882
1,3970,503929.104
1,3971,503929.248
1,3972,503929.632
1,3973,503929.796
1,3974,503930.020
1,3975,503930.158
1,3976,503930.884
1,3977,503933.978
1,3978,503934.414
1,3979,503936.104
1,3980,503936.546
1,3981,503936.702
1,3982,503936.880
1,3983,503937.018
1,3984,503938.236
1,3985,503939.162
1,3986,503940.090
1,3987,503940.744
1,3988,503941.274
1,3989,503941.878
1,3990,503943.162
1,3991,503945.178
1,3992,503945.284
1,3993,503945.368
1,3994,503945.462
1,3995,503945.532
1,3996,503945.608
1,3997,503945.684
1,3998,503947.322
1,3999,503948.802
1,4000,503956.270
1,4001,503957.142
1,4002,503957.158
1,4003,503957.202
1,4004,503957.238
1,4005,503957.244
1,4006,503957.252
1,4007,503957.290
1,4008,503958.826
1,4009,503960.332
1,4010,503961.892
1,4011,503963.216
1,4012,503963.714
1,4013,503963.786
1,4014,503964.768
1,4015,503965.380
1,4016,503966.040
1,4017,503966.210
1,4018,503966.506
1,4019,503966.768
1,4020,503967.064
1,4021,503968.040
1,4022,503968.482
1,4023,503968.496
1,4024,503968.560
1,4025,503968.622
1,4026,503968.932
1,4027,503969.168
1,4028,503970.352
1,4029,503971.380
1,4030,503971.396
1,4031,503971.434
1,4032,503971.456
1,4033,503971.604
1,4034,503971.884
1,4035,503972.038
1,4036,503972.232
1,4037,503972.288
1,4038,503973.870
1,4039,503974.994
1,4040,503975.112
1,4041,503975.204
1,4042,503975.260
1,4043,503975.312
1,4044,503975.360
1,4045,503975.412
1,4046,503975.464
1,4047,503975.490
1,4048,503975.520
1,4049,503975.550
1,4050,503975.646
1,4051,503975.738
1,4052,503977.582
1,4053,503978.094
1,4054,503979.148
1,4055,503979.612
1,4056,503980.216
1,4057,503981.220
1,4058,503982.022
1,4059,503983.634
1,4060,503984.110
1,4061,503984.828
1,4062,503987.356
1,4063,503987.830
1,4064,503988.098
1,4065,503988.352
1,4066,503988.514
1,4067,503988.678
1,4068,503988.800
1,4069,503988.924
1,4070,503989.092
1,4071,503989.264
1,4072,503989.412
1,4073,503989.972
1,4074,503990.100
1,4075,503990.242
1,4076,503990.618
1,4077,503991.066
1,4078,503991.338
1,4079,503991.802
1,4080,503992.358
1,4081,503993.636
1,4082,503994.200
1,4083,503994.844
1,4084,503995.382
1,4085,503996.258
1,4086,503997.022
1,4087,503998.164
1,4088,503998.392
1,4089,503998.998
1,4090,504000.680
1,4091,504000.808
1,4092,504000.938
1,4093,504001.064
1,4094,504001.158
1,4095,504001.338
1,4096,504001.588
1,4097,504003.116
1,4098,504007.362
1,4099,504008.498
1,4100,504018.696
1,4101,504031.150
1,4102,504038.366
1,4103,504041.612
1,4104,504070.424
1,4105,504071.210
1,4106,504071.922
1,4107,504072.180
1,4108,504072.346
1,4109,504072.446
1,4110,504072.554
1,4111,504072.732
1,4112,504072.924
1,4113,504073.030
1,4114,504073.232
1,4115,504073.410
1,4116,504073.620
1,4117,504073.752
1,4118,504073.886
1,4119,504073.976
1,4120,504074.094
1,4121,504074.232
1,4122,504074.374
1,4123,504074.584
1,4124,504075.520
1,4125,504075.770
1,4126,504076.070
1,4127,504076.422
1,4128,504076.694
1,4129,504077.952
1,4130,504079.076
1,4131,504080.358
1,4132,504081.062
1,4133,504082.078
1,4134,504083.500
1,4135,504086.076
1,4136,504087.088
1,4137,504098.758
1,4138,504101.284
1,4139,504101.684
1,4140,504101.980
1,4141,504102.504
1,4142,504102.966
1,4143,504103.382
1,4144,504103.866
1,4145,504104.290
1,4146,504104.636
1,4147,504105.052
1,4148,504105.392
1,4149,504105.764
1,4150,504106.080
1,4151,504106.366
1,4152,504106.658
1,4153,504107.012
1,4154,504107.292
1,4155,504107.760
1,4156,504108.502
1,4157,504109.966
1,4158,504110.796
1,4159,504111.206
1,4160,504111.312
1,4161,504111.570
1,4162,504111.602
1,4163,504111.630
1,4164,504111.650
1,4165,504111.672
1,4166,504111.690
1,4167,504111.712
1,4168,504111.732
1,4169,504111.752
1,4170,504111.770
1,4171,504111.818
1,4172,504111.876
1,4173,504111.904
1,4174,504111.932
1,4175,504111.960
1,4176,504112.006
1,4177,504112.078
1,4178,504112.192
1,4179,504112.282
1,4180,504112.364
1,4181,504112.388
1,4182,504112.412
1,4183,504112.434
1,4184,504112.456
1,4185,504112.500
1,4186,504112.546
1,4187,504113.402
1,4188,504115.764
1,4189,504117.120
1,4190,504121.424
1,4191,504122.164
1,4192,504122.540
1,4193,504123.486
1,4194,504126.168
1,4195,504134.186
2,4196,504157.814
2,4197,504158.266
1,4198,504165.846
1,4199,504166.664
1,4200,504167.598
1,4201,504168.900
1,4202,504172.880
1,4203,504176.244
1,4204,504177.450
1,4205,504177.658
1,4206,504177.906
1,4207,504179.614
1,4208,504180.924
1,4209,504182.614
1,4210,504184.200
1,4211,504188.504
1,4212,504190.228
1,4213,504190.392
1,4214,504190.880
1,4215,504192.094
1,4216,504192.436
1,4217,504192.856
1,4218,504193.252
1,4219,504193.374
1,4220,504193.674
1,4221,504193.902
1,4222,504194.314
1,4223,504194.392
1,4224,504195.546
1,4225,504196.214
1,4226,504196.788
1,4227,504198.666
1,4228,504199.710
1,4229,504202.200
1,4230,504205.282
1,4231,504206.150
1,4232,504206.852
1,4233,504208.224
1,4234,504209.462
1,4235,504210.658
1,4236,504211.010
1,4237,504211.280
1,4238,504211.760
1,4239,504211.914
1,4240,504211.954
1,4241,504212.158
1,4242,504212.400
1,4243,504212.490
1,4244,504212.674
1,4245,504214.226
1,4246,504214.444
1,4247,504218.358
1,4248,504220.570
1,4249,504221.302
1,4250,504221.622
1,4251,504222.038
1,4252,504223.580
1,4253,504224.482
1,4254,504224.680
1,4255,504224.916
1,4256,504225.178
1,4257,504225.402
1,4258,504226.118
1,4259,504227.564
1,4260,504231.096
1,4261,504231.488
1,4262,504231.620
1,4263,504231.768
1,4264,504233.354
1,4265,504233.546
1,4266,504234.044
1,4267,504235.628
1,4268,504237.354
1,4269,504238.184
1,4270,504239.238
1,4271,504239.656
1,4272,504240.340
1,4273,504241.046
1,4274,504242.006
1,4275,504242.298
1,4276,504242.680
1,4277,504243.770
1,4278,504244.734
1,4279,504245.112
1,4280,504245.438
1,4281,504246.496
1,4282,504248.524
1,4283,504253.716
1,4284,504255.076
1,4285,504256.782
1,4286,504258.008
1,4287,504265.782
1,4288,504267.708
1,4289,504269.834
1,4290,504271.676
1,4291,504273.150
1,4292,504273.696
1,4293,504279.672
1,4294,504282.002
1,4295,504283.270
1,4296,504289.968
1,4297,504290.766
1,4298,504291.478
1,4299,504292.118
1,4300,504292.594
1,4301,504293.038
1,4302,504293.640
1,4303,504294.274
1,4304,504295.308
1,4305,504295.372
1,4306,504295.470
1,4307,504295.604
1,4308,504295.930
1,4309,504296.236
1,4310,504296.370
1,4311,504296.562
1,4312,504296.756
1,4313,504296.934
1,4314,504297.112
1,4315,504297.256
1,4316,504297.400
1,4317,504297.626
1,4318,504297.838
1,4319,504298.050
1,4320,504298.180
1,4321,504298.262
1,4322,504298.344
1,4323,504298.426
1,4324,504298.604
1,4325,504298.758
1,4326,504298.906
1,4327,504299.032
1,4328,504299.266
1,4329,504299.426
1,4330,504299.530
1,4331,504299.618
1,4332,504299.828
1,4333,504300.016
1,4334,504300.572
1,4335,504300.738
1,4336,504300.814
1,4337,504301.530
1,4338,504301.920
1,4339,504302.184
1,4340,504302.592
1,4341,504302.922
1,4342,504303.202
1,4343,504303.238
1,4344,504303.292
1,4345,504303.340
1,4346,504303.418
1,4347,504303.646
1,4348,504303.916
1,4349,504304.166
1,4350,504304.402
1,4351,504304.558
1,4352,504304.738
1,4353,504304.978
1,4354,504305.244
1,4355,504305.444
1,4356,504305.632
1,4357,504305.816
1,4358,504306.008
1,4359,504306.180
1,4360,504306.338
1,4361,504306.528
1,4362,504306.764
1,4363,504306.960
1,4364,504307.160
1,4365,504307.394
1,4366,504307.586
1,4367,504307.800
1,4368,504307.980
1,4369,504308.010
1,4370,504308.038
1,4371,504308.048
1,4372,504308.058
1,4373,504308.066
1,4374,504308.074
1,4375,504308.082
1,4376,504308.092
1,4377,504308.100
1,4378,504308.106
1,4379,504308.110
1,4380,504308.114
1,4381,504308.120
1,4382,504308.124
1,4383,504308.128
1,4384,504308.132
1,4385,504308.136
1,4386,504308.142
1,4387,504308.148
1,4388,504308.154
1,4389,504308.160
1,4390,504308.166
1,4391,504308.172
1,4392,504308.178
1,4393,504308.186
1,4394,504308.194
1,4395,504308.202
1,4396,504308.212
1,4397,504308.220
1,4398,504308.228
1,4399,504308.236
1,4400,504308.244
1,4401,504308.252
1,4402,504308.262
1,4403,504308.272
1,4404,504308.282
1,4405,504308.292
1,4406,504308.302
1,4407,504308.312
1,4408,504308.322
1,4409,504308.332
1,4410,504308.378
1,4411,504308.430
1,4412,504308.480
1,4413,504308.526
1,4414,504308.570
1,4415,504308.630
1,4416,504308.690
1,4417,504308.740
1,4418,504308.792
1,4419,504308.838
1,4420,504308.888
1,4421,504308.942
1,4422,504309.024
1,4423,504309.120
1,4424,504309.200
1,4425,504309.318
1,4426,504309.330
1,4427,504309.342
1,4428,504309.436
1,4429,504310.398
1,4430,504310.846
1,4431,504311.164
1,4432,504312.208
1,4433,504315.338
1,4434,504316.536
1,4435,504317.204
1,4436,504317.842
1,4437,504318.742
1,4438,504319.090
1,4439,504319.432
1,4440,504319.780
1,4441,504320.034
1,4442,504320.318
1,4443,504320.464
1,4444,504320.612
1,4445,504320.738
1,4446,504320.868
1,4447,504321.100
1,4448,504321.308
1,4449,504321.526
1,4450,504321.722
1,4451,504321.774
1,4452,504321.826
1,4453,504321.880
1,4454,504321.938
1,4455,504321.988
1,4456,504322.048
1,4457,504322.106
1,4458,504322.160
1,4459,504322.208
1,4460,504322.292
1,4461,504322.398
1,4462,504322.658
1,4463,504322.738
1,4464,504322.786
1,4465,504323.012
1,4466,504324.764
1,4467,504325.222
1,4468,504325.550
1,4469,504325.894
1,4470,504326.190
1,4471,504326.268
1,4472,504326.386
1,4473,504326.490
1,4474,504326.572
1,4475,504326.660
1,4476,504326.740
1,4477,504326.810
1,4478,504326.820
1,4479,504326.834
1,4480,504326.846
1,4481,504326.858
1,4482,504326.870
1,4483,504326.880
1,4484,504326.890
1,4485,504326.902
1,4486,504326.914
1,4487,504326.924
1,4488,504326.934
1,4489,504326.944
1,4490,504326.954
1,4491,504326.968
1,4492,504326.982
1,4493,504326.996
1,4494,504327.012
1,4495,504327.028
1,4496,504327.042
1,4497,504327.056
1,4498,504327.070
1,4499,504327.084
1,4500,504327.098
1,4501,504327.126
1,4502,504327.156
1,4503,504327.186
1,4504,504327.270
1,4505,504327.356
1,4506,504327.386
1,4507,504327.414
1,4508,504327.442
1,4509,504327.468
1,4510,504327.490
1,4511,504327.518
1,4512,504327.550
1,4513,504327.572
1,4514,504327.594
1,4515,504327.618
1,4516,504327.640
1,4517,504327.664
1,4518,504327.688
1,4519,504327.706
1,4520,504327.726
1,4521,504327.744
1,4522,504327.762
1,4523,504327.780
1,4524,504327.798
1,4525,504327.814
1,4526,504327.830
1,4527,504327.844
1,4528,504327.858
1,4529,504327.874
1,4530,504327.890
1,4531,504327.906
1,4532,504327.920
1,4533,504327.938
1,4534,504327.956
1,4535,504327.976
1,4536,504327.996
1,4537,504328.018
1,4538,504328.038
1,4539,504328.060
1,4540,504328.080
1,4541,504328.104
1,4542,504328.128
1,4543,504328.402
1,4544,504328.772
1,4545,504329.874
1,4546,504330.548
1,4547,504332.778
1,4548,504333.824
1,4549,504336.422
1,4550,504338.940
1,4551,504340.304
1,4552,504341.378
1,4553,504343.462
1,4554,504345.224
1,4555,504346.264
1,4556,504348.310
1,4557,504350.246
1,4558,504350.654
1,4559,504350.946
1,4560,504351.242
1,4561,504351.806
1,4562,504352.866
1,4563,504356.296
1,4564,504357.060
1,4565,504358.228
1,4566,504359.960
1,4567,504361.422
1,4568,504362.498
1,4569,504363.698
1,4570,504364.754
1,4571,504366.036
1,4572,504371.370
1,4573,504371.976
1,4574,504374.542
1,4575,504374.928
1,4576,504375.262
1,4577,504375.732
1,4578,504375.894
1,4579,504375.916
1,4580,504375.940
1,4581,504375.966
1,4582,504376.000
1,4583,504376.032
1,4584,504376.060
1,4585,504376.092
1,4586,504376.122
1,4587,504376.154
1,4588,504376.190
1,4589,504376.220
1,4590,504376.244
1,4591,504376.268
1,4592,504376.292
1,4593,504376.314
1,4594,504376.340
1,4595,504376.362
1,4596,504376.384
1,4597,504376.406
1,4598,504376.430
1,4599,504376.444
1,4600,504376.458
1,4601,504376.480
1,4602,504376.502
1,4603,504376.512
1,4604,504376.828
1,4605,504377.342
1,4606,504377.850
1,4607,504378.484
1,4608,504379.230
1,4609,504380.348
1,4610,504380.846
1,4611,504381.476
1,4612,504382.580
1,4613,504383.122
1,4614,504384.140
1,4615,504384.246
1,4616,504384.548
1,4617,504384.742
1,4618,504385.008
1,4619,504385.834
1,4620,504387.070
1,4621,504388.010
1,4622,504389.952
1,4623,504392.038
1,4624,504397.284
1,4625,504398.134
1,4626,504398.978
1,4627,504399.888
1,4628,504401.072
1,4629,504401.098
1,4630,504401.126
1,4631,504401.154
1,4632,504401.180
1,4633,504402.782
1,4634,504404.044
1,4635,504406.220
1,4636,504406.490
1,4637,504406.850
1,4638,504407.202
1,4639,504407.212
1,4640,504407.222
1,4641,504407.230
1,4642,504407.238
1,4643,504407.248
1,4644,504407.258
1,4645,504407.266
1,4646,504407.274
1,4647,504407.286
1,4648,504407.300
1,4649,504407.312
1,4650,504407.324
1,4651,504407.336
1,4652,504407.350
1,4653,504407.366
1,4654,504407.382
1,4655,504407.398
1,4656,504407.414
1,4657,504407.434
1,4658,504407.564
1,4659,504407.652
1,4660,504407.772
1,4661,504407.904
1,4662,504407.966
1,4663,504408.022
1,4664,504408.078
1,4665,504408.178
1,4666,504408.244
1,4667,504408.342
1,4668,504409.058
1,4669,504410.078
1,4670,504410.972
1,4671,504414.558
1,4672,504426.144
1,4673,504427.084
1,4674,504427.958
1,4675,504428.424
1,4676,504429.184
1,4677,504429.772
1,4678,504430.342
1,4679,504430.948
1,4680,504431.582
1,4681,504432.356
1,4682,504432.776
1,4683,504433.342
1,4684,504433.708
1,4685,504435.022
1,4686,504436.212
1,4687,504437.842
1,4688,504438.620
1,4689,504439.702
1,4690,504440.824
1,4691,504441.186
1,4692,504441.506
1,4693,504442.026
1,4694,504442.702
1,4695,504444.420
1,4696,504444.748
1,4697,504445.044
1,4698,504445.328
1,4699,504445.564
1,4700,504445.764
1,4701,504445.954
1,4702,504446.162
1,4703,504446.406
1,4704,504446.666
1,4705,504446.948
1,4706,504447.278
1,4707,504447.852
1,4708,504447.860
1,4709,504447.866
1,4710,504448.542
1,4711,504449.234
1,4712,504449.358
1,4713,504449.790
1,4714,504453.982
1,4715,504454.404
1,4716,504455.020
1,4717,504455.890
1,4718,504456.474
1,4719,504464.234
1,4720,504465.598
1,4721,504474.708
1,4722,504475.456
1,4723,504475.764
1,4724,504476.080
1,4725,504476.402
1,4726,504476.562
1,4727,504477.086
1,4728,504478.502
1,4729,504479.110
1,4730,504479.574
1,4731,504480.772
1,4732,504481.428
1,4733,504483.738
1,4734,504497.026
1,4735,504505.946
1,4736,504506.442
1,4737,504506.808
1,4738,504507.120
1,4739,504507.678
1,4740,504508.258
1,4741,504508.818
1,4742,504509.376
1,4743,504510.044
1,4744,504512.064
1,4745,504513.028
1,4746,504513.994
1,4747,504517.216
1,4748,504517.442
1,4749,504517.616
1,4750,504517.792
1,4751,504522.644
1,4752,504523.626
1,4753,504524.998
1,4754,504525.454
1,4755,504525.918
1,4756,504530.468
1,4757,504531.180
1,4758,504551.382
1,4759,504552.852
1,4760,504554.040
1,4761,504554.344
1,4762,504554.632
1,4763,504558.294
1,4764,504559.620
1,4765,504570.916
1,4766,504573.274
1,4767,504574.442
1,4768,504575.776
1,4769,504576.592
2,4770,504588.998
1,4771,504594.936
1,4772,504596.032
1,4773,504597.348
1,4774,504598.902
1,4775,504599.428
1,4776,504599.884
1,4777,504600.958
1,4778,504601.816
1,4779,504602.404
1,4780,504602.580
1,4781,504603.074
1,4782,504603.666
1,4783,504604.036
1,4784,504604.350
1,4785,504604.598
1,4786,504604.844
1,4787,504605.148
1,4788,504605.226
1,4789,504605.262
1,4790,504605.330
1,4791,504605.390
1,4792,504605.422
1,4793,504605.462
1,4794,504605.498
1,4795,504605.538
1,4796,504605.576
1,4797,504605.600
1,4798,504605.624
1,4799,504605.650
1,4800,504605.676
1,4801,504605.708
1,4802,504605.738
1,4803,504605.770
1,4804,504605.798
1,4805,504605.810
1,4806,504605.824
1,4807,504605.838
1,4808,504605.850
1,4809,504605.882
1,4810,504605.904
1,4811,504606.000
1,4812,504606.110
1,4813,504606.190
1,4814,504606.658
1,4815,504607.076
1,4816,504607.188
1,4817,504607.306
1,4818,504607.614
1,4819,504607.910
1,4820,504608.432
1,4821,504609.042
1,4822,504609.472
1,4823,504609.794
1,4824,504610.318
1,4825,504610.706
1,4826,504611.110
1,4827,504611.456
1,4828,504611.830
1,4829,504612.494
1,4830,504612.912
1,4831,504613.582
1,4832,504613.982
1,4833,504614.322
1,4834,504614.436
1,4835,504614.546
1,4836,504616.480
1,4837,504617.454
1,4838,504618.966
1,4839,504620.390
1,4840,504621.360
1,4841,504625.842
1,4842,504626.490
1,4843,504627.258
1,4844,504628.466
1,4845,504631.172
1,4846,504632.242
1,4847,504633.634
1,4848,504636.162
1,4849,504637.954
1,4850,504638.642
1,4851,504646.332
1,4852,504647.548
1,4853,504648.544
1,4854,504649.094
1,4855,504649.776
1,4856,504650.228
1,4857,504650.808
1,4858,504651.064
1,4859,504651.924
1,4860,504658.206
1,4861,504659.244
1,4862,504660.634
1,4863,504663.032
1,4864,504663.812
1,4865,504665.396
1,4866,504667.804
1,4867,504670.382
1,4868,504670.846
1,4869,504671.240
1,4870,504671.572
1,4871,504672.738
1,4872,504673.526
1,4873,504674.074
1,4874,504674.364
1,4875,504674.932
1,4876,504675.150
1,4877,504675.608
1,4878,504677.044
1,4879,504677.762
1,4880,504680.026
1,4881,504680.726
1,4882,504682.214
2,4883,504688.396
2,4884,504688.972
1,4885,504693.838
1,4886,504697.758
1,4887,504699.046
1,4888,504700.270
1,4889,504703.290
1,4890,504703.602
1,4891,504703.936
1,4892,504705.002
1,4893,504705.754
1,4894,504706.220
1,4895,504706.800
1,4896,504707.188
1,4897,504707.516
1,4898,504708.386
1,4899,504708.582
1,4900,504708.812
1,4901,504709.038
1,4902,504709.342
1,4903,504709.628
1,4904,504710.260
1,4905,504710.596
1,4906,504711.276
1,4907,504712.220
1,4908,504712.632
1,4909,504712.774
1,4910,504712.786
1,4911,504713.994
1,4912,504714.868
1,4913,504714.944
1,4914,504716.372
1,4915,504717.840
1,4916,504717.994
1,4917,504718.190
1,4918,504718.350
1,4919,504718.528
1,4920,504718.730
1,4921,504718.980
1,4922,504719.208
1,4923,504719.442
1,4924,504719.674
1,4925,504720.240
1,4926,504720.440
1,4927,504721.806
1,4928,504722.616
1,4929,504723.592
1,4930,504723.702
1,4931,504723.912
1,4932,504724.110
1,4933,504724.288
1,4934,504724.428
1,4935,504724.552
1,4936,504728.946
1,4937,504729.326
1,4938,504729.570
1,4939,504729.794
1,4940,504730.278
1,4941,504730.784
1,4942,504733.410
1,4943,504733.672
1,4944,504733.954
1,4945,504736.446
1,4946,504736.990
1,4947,504738.542
1,4948,504739.668
1,4949,504740.440
1,4950,504742.222
1,4951,504742.698
1,4952,504744.626
1,4953,504745.590
1,4954,504752.334
1,4955,504753.436
1,4956,504753.566
1,4957,504757.316
1,4958,504758.190
1,4959,504759.196
1,4960,504760.656
1,4961,504761.368
1,4962,504762.180
1,4963,504762.994
1,4964,504766.210
1,4965,504767.660
1,4966,504769.480
1,4967,504770.554
1,4968,504771.786
1,4969,504772.314
1,4970,504772.890
1,4971,504773.122
1,4972,504773.308
1,4973,504773.872
1,4974,504774.558
1,4975,504775.308
1,4976,504775.804
1,4977,504776.476
1,4978,504776.600
1,4979,504776.680
1,4980,504776.772
1,4981,504776.850
1,4982,504776.920
1,4983,504777.026
1,4984,504777.128
1,4985,504777.230
1,4986,504777.332
1,4987,504777.438
1,4988,504777.488
1,4989,504777.736
1,4990,504778.116
1,4991,504778.300
1,4992,504778.538
1,4993,504778.766
1,4994,504778.904
1,4995,504779.226
1,4996,504779.356
1,4997,504779.500
1,4998,504779.676
1,4999,504779.866
1,5000,504780.040
1,5001,504780.126
1,5002,504780.220
1,5003,504780.288
1,5004,504780.360
1,5005,504780.430
1,5006,504780.486
1,5007,504780.534
1,5008,504780.718
1,5009,504780.726
1,5010,504780.740
1,5011,504780.748
1,5012,504780.756
1,5013,504780.766
1,5014,504780.778
1,5015,504780.788
1,5016,504780.830
1,5017,504780.884
1,5018,504780.960
1,5019,504781.002
1,5020,504781.024
1,5021,504781.046
1,5022,504781.070
1,5023,504781.094
1,5024,504781.134
1,5025,504781.206
1,5026,504781.342
1,5027,504781.438
1,5028,504781.544
1,5029,504781.630
1,5030,504781.708
1,5031,504781.798
1,5032,504781.914
1,5033,504782.026
1,5034,504782.118
1,5035,504782.190
1,5036,504782.270
1,5037,504782.362
1,5038,504782.448
1,5039,504782.506
1,5040,504782.560
1,5041,504782.632
1,5042,504782.696
1,5043,504782.774
1,5044,504782.830
1,5045,504782.914
1,5046,504782.996
1,5047,504783.058
1,5048,504783.120
1,5049,504783.264
1,5050,504783.492
1,5051,504783.658
1,5052,504786.702
1,5053,504787.146
1,5054,504787.756
1,5055,504788.200
1,5056,504788.754
1,5057,504790.022
1,5058,504791.150
1,5059,504791.790
1,5060,504791.854
1,5061,504791.942
1,5062,504792.486
1,5063,504793.004
1,5064,504793.506
1,5065,504794.568
1,5066,504795.578
1,5067,504796.122
1,5068,504797.434
1,5069,504801.108
1,5070,504801.604
1,5071,504802.490
1,5072,504803.246
1,5073,504806.926
1,5074,504813.940
1,5075,504814.596
1,5076,504815.718
1,5077,504817.080
1,5078,504817.852
1,5079,504818.262
1,5080,504819.574
1,5081,504820.902
1,5082,504821.088
1,5083,504821.984
1,5084,504824.302
1,5085,504825.148
1,5086,504826.194
1,5087,504826.228
1,5088,504826.254
1,5089,504829.210
1,5090,504829.792
1,5091,504831.180
1,5092,504832.958
1,5093,504833.830
1,5094,504835.164
1,5095,504836.514
1,5096,504836.768
1,5097,504837.246
1,5098,504837.346
1,5099,504837.476
1,5100,504837.528
1,5101,504837.650
1,5102,504837.842
1,5103,504837.940
1,5104,504838.082
1,5105,504838.106
1,5106,504838.120
1,5107,504838.406
1,5108,504838.708
1,5109,504839.016
1,5110,504839.694
1,5111,504840.732
1,5112,504840.782
1,5113,504840.872
1,5114,504841.188
1,5115,504841.534
1,5116,504841.710
1,5117,504841.844
1,5118,504841.994
1,5119,504842.148
1,5120,504842.326
1,5121,504842.514
1,5122,504842.738
1,5123,504842.966
1,5124,504843.236
1,5125,504843.652
1,5126,504844.408
1,5127,504850.296
1,5128,504852.594
1,5129,504853.720
1,5130,504854.598
1,5131,504855.130
1,5132,504855.148
1,5133,504855.170
1,5134,504855.192
1,5135,504855.214
1,5136,504855.232
1,5137,504855.250
1,5138,504855.262
1,5139,504855.302
1,5140,504855.340
1,5141,504855.368
1,5142,504855.390
1,5143,504855.404
1,5144,504855.424
1,5145,504855.442
1,5146,504856.308
1,5147,504857.652
1,5148,504858.888
1,5149,504859.508
1,5150,504859.998
1,5151,504860.582
1,5152,504861.086
1,5153,504861.440
1,5154,504861.810
1,5155,504862.110
1,5156,504862.362
1,5157,504862.598
1,5158,504862.720
1,5159,504862.842
1,5160,504863.172
1,5161,504863.332
1,5162,504863.626
1,5163,504863.958
1,5164,504864.098
1,5165,504864.424
1,5166,504864.882
1,5167,504865.110
1,5168,504865.184
1,5169,504865.202
1,5170,504865.218
1,5171,504865.332
1,5172,504865.450
1,5173,504865.698
1,5174,504865.906
1,5175,504866.128
1,5176,504866.454
1,5177,504866.566
1,5178,504866.706
1,5179,504866.728
1,5180,504866.746
1,5181,504866.760
1,5182,504866.776
1,5183,504866.790
1,5184,504866.888
1,5185,504867.156
1,5186,504867.414
1,5187,504867.986
1,5188,504869.190
1,5189,504870.442
1,5190,504872.868
1,5191,504873.678
1,5192,504875.034
1,5193,504875.656
1,5194,504876.588
1,5195,504877.218
1,5196,504877.756
1,5197,504878.290
1,5198,504880.930
1,5199,504885.916
1,5200,504886.050
1,5201,504889.320
1,5202,504890.594
1,5203,504891.084
1,5204,504891.970
1,5205,504892.516
1,5206,504893.798
1,5207,504893.928
1,5208,504896.446
1,5209,504897.660
1,5210,504898.650
1,5211,504899.812
1,5212,504901.368
1,5213,504902.536
1,5214,504903.050
1,5215,504903.214
1,5216,504903.254
1,5217,504903.286
1,5218,504903.468
1,5219,504903.602
1,5220,504903.700
1,5221,504903.952
1,5222,504904.146
1,5223,504904.276
1,5224,504904.378
1,5225,504904.548
1,5226,504904.658
1,5227,504904.776
1,5228,504904.872
1,5229,504904.996
1,5230,504905.118
1,5231,504905.212
1,5232,504905.248
1,5233,504905.284
1,5234,504905.318
1,5235,504905.382
1,5236,504905.498
1,5237,504905.622
1,5238,504905.742
1,5239,504905.904
1,5240,504905.978
1,5241,504906.022
1,5242,504906.066
1,5243,504906.286
1,5244,504906.488
1,5245,504906.698
1,5246,504906.888
1,5247,504907.046
1,5248,504907.430
1,5249,504907.538
1,5250,504907.686
1,5251,504907.826
1,5252,504907.992
1,5253,504908.246
1,5254,504908.486
1,5255,504908.654
1,5256,504909.014
1,5257,504909.732
1,5258,504910.088
1,5259,504910.238
1,5260,504910.474
1,5261,504910.896
1,5262,504911.212
1,5263,504911.526
1,5264,504911.902
1,5265,504912.128
1,5266,504912.330
1,5267,504912.696
1,5268,504913.058
1,5269,504913.218
1,5270,504913.514
1,5271,504914.098
1,5272,504914.182
1,5273,504914.562
1,5274,504915.032
1,5275,504915.462
1,5276,504916.178
1,5277,504916.722
1,5278,504920.244
1,5279,504920.704
1,5280,504921.224
1,5281,504922.074
1,5282,504923.470
1,5283,504924.532
1,5284,504924.542
1,5285,504924.552
1,5286,504924.562
1,5287,504924.572
1,5288,504924.932
1,5289,504925.524
1,5290,504926.244
1,5291,504927.476
1,5292,504927.674
1,5293,504931.086
1,5294,504931.314
1,5295,504931.546
1,5296,504933.198
1,5297,504935.780
1,5298,504935.810
1,5299,504935.840
1,5300,504935.866
1,5301,504935.894
1,5302,504935.924
1,5303,504935.952
1,5304,504935.966
1,5305,504935.980
1,5306,504935.992
1,5307,504936.006
1,5308,504936.020
1,5309,504936.034
1,5310,504936.048
1,5311,504936.062
1,5312,504936.076
1,5313,504936.090
1,5314,504936.104
1,5315,504936.120
1,5316,504936.136
1,5317,504936.300
1,5318,504936.322
1,5319,504936.342
1,5320,504938.008
1,5321,504938.820
1,5322,504946.634
1,5323,504951.264
1,5324,504963.532
1,5325,504966.974
1,5326,504967.780
1,5327,504968.420
1,5328,504969.244
1,5329,504969.800
1,5330,504969.826
1,5331,504969.866
1,5332,504969.950
1,5333,504969.976
1,5334,504969.998
1,5335,504970.022
1,5336,504970.048
1,5337,504970.062
1,5338,504970.074
1,5339,504970.088
1,5340,504970.128
1,5341,504970.164
1,5342,504970.174
1,5343,504970.182
1,5344,504970.186
1,5345,504970.190
1,5346,504970.194
1,5347,504970.202
1,5348,504970.214
1,5349,504970.226
1,5350,504971.406
1,5351,504972.912
1,5352,504973.030
1,5353,504973.148
1,5354,504974.116
1,5355,504977.404
1,5356,504987.038
1,5357,504989.502
1,5358,504992.642
1,5359,504993.390
1,5360,504993.946
1,5361,504994.462
1,5362,504995.312
1,5363,504996.672
